#! /usr/bin/vvp
:ivl_version "10.3 (stable)";
:ivl_delay_selection "TYPICAL";
:vpi_time_precision - 12;
:vpi_module "system";
:vpi_module "vhdl_sys";
:vpi_module "v2005_math";
:vpi_module "va_math";
S_0x55a4d74ce210 .scope module, "tb" "tb" 2 7;
 .timescale -9 -12;
v0x55a4d74f8db0_0 .net *"_s0", 7 0, L_0x55a4d74ffb20;  1 drivers
L_0x7f143a61e018 .functor BUFT 1, C4<0000>, C4<0>, C4<0>, C4<0>;
v0x55a4d74f8e90_0 .net *"_s3", 3 0, L_0x7f143a61e018;  1 drivers
v0x55a4d74f8f70_0 .net *"_s4", 7 0, L_0x55a4d74ffbc0;  1 drivers
L_0x7f143a61e060 .functor BUFT 1, C4<0000>, C4<0>, C4<0>, C4<0>;
v0x55a4d74f9030_0 .net *"_s7", 3 0, L_0x7f143a61e060;  1 drivers
v0x55a4d74f9110_0 .var "a", 3 0;
v0x55a4d74f91d0_0 .var "b", 3 0;
v0x55a4d74f9290_0 .var "clk", 0 0;
v0x55a4d74f9330_0 .var "cnt", 3 0;
v0x55a4d74f93f0_0 .net "correct_answer", 7 0, L_0x55a4d74ffc60;  1 drivers
v0x55a4d74f94d0_0 .var/i "i", 31 0;
v0x55a4d74f95b0_0 .var/i "j", 31 0;
v0x55a4d74f9690_0 .var "pattern_cnt", 3 0;
v0x55a4d74f9770_0 .net "product", 7 0, L_0x55a4d74ff810;  1 drivers
v0x55a4d74f9860_0 .var "total_correct", 3 0;
L_0x55a4d74ffb20 .concat [ 4 4 0 0], v0x55a4d74f9110_0, L_0x7f143a61e018;
L_0x55a4d74ffbc0 .concat [ 4 4 0 0], v0x55a4d74f91d0_0, L_0x7f143a61e060;
L_0x55a4d74ffc60 .arith/mult 8, L_0x55a4d74ffb20, L_0x55a4d74ffbc0;
S_0x55a4d74cddf0 .scope module, "MPY" "MPY" 2 35, 3 1 0, S_0x55a4d74ce210;
 .timescale -9 -12;
    .port_info 0 /INPUT 1 "clk"
    .port_info 1 /INPUT 4 "a"
    .port_info 2 /INPUT 4 "b"
    .port_info 3 /OUTPUT 8 "p"
L_0x55a4d74fc740 .functor BUFZ 4, L_0x55a4d74feec0, C4<0000>, C4<0000>, C4<0000>;
v0x55a4d74f7ac0_0 .net *"_s129", 0 0, L_0x55a4d74ff400;  1 drivers
v0x55a4d74f7ba0_0 .net *"_s133", 0 0, L_0x55a4d74ff4d0;  1 drivers
v0x55a4d74f7c80_0 .net *"_s137", 0 0, L_0x55a4d74ff710;  1 drivers
v0x55a4d74f7d40_0 .net *"_s141", 3 0, L_0x55a4d74fc740;  1 drivers
v0x55a4d74f7e20_0 .net *"_s146", 0 0, L_0x55a4d74ffa30;  1 drivers
v0x55a4d74f7f00_0 .net "a", 3 0, v0x55a4d74f9110_0;  1 drivers
v0x55a4d74f8050_0 .net "ab0", 3 0, L_0x55a4d74f9de0;  1 drivers
v0x55a4d74f8110_0 .net "ab1", 3 0, L_0x55a4d74fa520;  1 drivers
v0x55a4d74f81b0_0 .net "ab2", 3 0, L_0x55a4d74fb070;  1 drivers
v0x55a4d74f8310_0 .net "ab3", 3 0, L_0x55a4d74fb9f0;  1 drivers
v0x55a4d74f83e0_0 .net "b", 3 0, v0x55a4d74f91d0_0;  1 drivers
v0x55a4d74f84a0_0 .net "carry0", 3 0, L_0x55a4d74fcb90;  1 drivers
v0x55a4d74f8580_0 .net "carry1", 3 0, L_0x55a4d74fdd60;  1 drivers
v0x55a4d74f8660_0 .net "carry2", 3 0, L_0x55a4d74ff080;  1 drivers
v0x55a4d74f8740_0 .net "clk", 0 0, v0x55a4d74f9290_0;  1 drivers
v0x55a4d74f87e0_0 .net "p", 7 0, L_0x55a4d74ff810;  alias, 1 drivers
v0x55a4d74f88c0_0 .net "s0", 3 0, L_0x55a4d74fc9d0;  1 drivers
v0x55a4d74f89a0_0 .net "s1", 3 0, L_0x55a4d74fdab0;  1 drivers
v0x55a4d74f8a80_0 .net "s2", 3 0, L_0x55a4d74feec0;  1 drivers
L_0x55a4d74fa160 .part v0x55a4d74f91d0_0, 0, 1;
L_0x55a4d74fa9a0 .part v0x55a4d74f91d0_0, 1, 1;
L_0x55a4d74fb4f0 .part v0x55a4d74f91d0_0, 2, 1;
L_0x55a4d74fbe70 .part v0x55a4d74f91d0_0, 3, 1;
L_0x55a4d74fbf40 .part L_0x55a4d74fa520, 0, 1;
L_0x55a4d74fbfe0 .part L_0x55a4d74f9de0, 1, 1;
L_0x55a4d74fc0c0 .part L_0x55a4d74fb070, 0, 1;
L_0x55a4d74fc160 .part L_0x55a4d74fa520, 1, 1;
L_0x55a4d74fc2e0 .part L_0x55a4d74f9de0, 2, 1;
L_0x55a4d74fc410 .part L_0x55a4d74fb070, 1, 1;
L_0x55a4d74fc5a0 .part L_0x55a4d74fa520, 2, 1;
L_0x55a4d74fc670 .part L_0x55a4d74f9de0, 3, 1;
L_0x55a4d74fc7b0 .part L_0x55a4d74fb070, 2, 1;
L_0x55a4d74fc880 .part L_0x55a4d74fa520, 3, 1;
L_0x55a4d74fc9d0 .concat8 [ 1 1 1 1], v0x55a4d74f31f0_0, v0x55a4d74c3100_0, v0x55a4d74efa60_0, v0x55a4d74f3880_0;
L_0x55a4d74fcb90 .concat8 [ 1 1 1 1], v0x55a4d74f30b0_0, v0x55a4d74cac40_0, v0x55a4d74ef810_0, v0x55a4d74f3740_0;
L_0x55a4d74fcde0 .part L_0x55a4d74fc9d0, 1, 1;
L_0x55a4d74fceb0 .part L_0x55a4d74fcb90, 0, 1;
L_0x55a4d74fcff0 .part L_0x55a4d74fb9f0, 0, 1;
L_0x55a4d74fd090 .part L_0x55a4d74fc9d0, 2, 1;
L_0x55a4d74fcf50 .part L_0x55a4d74fcb90, 1, 1;
L_0x55a4d74fd240 .part L_0x55a4d74fb9f0, 1, 1;
L_0x55a4d74fd3d0 .part L_0x55a4d74fc9d0, 3, 1;
L_0x55a4d74fd530 .part L_0x55a4d74fcb90, 2, 1;
L_0x55a4d74fd760 .part L_0x55a4d74fb9f0, 2, 1;
L_0x55a4d74fd830 .part L_0x55a4d74fb070, 3, 1;
L_0x55a4d74fd9e0 .part L_0x55a4d74fcb90, 3, 1;
L_0x55a4d74fdab0 .concat8 [ 1 1 1 1], v0x55a4d74f3f60_0, v0x55a4d74f0250_0, v0x55a4d74f0a30_0, v0x55a4d74f1260_0;
L_0x55a4d74fdd60 .concat8 [ 1 1 1 1], v0x55a4d74f3e20_0, v0x55a4d74effb0_0, v0x55a4d74f07e0_0, v0x55a4d74f1010_0;
L_0x55a4d74fdf20 .part L_0x55a4d74fdab0, 1, 1;
L_0x55a4d74fe0f0 .part L_0x55a4d74fdd60, 0, 1;
L_0x55a4d74fe190 .part L_0x55a4d74fdab0, 2, 1;
L_0x55a4d74fe340 .part L_0x55a4d74fdd60, 1, 1;
L_0x55a4d74fe410 .part L_0x55a4d74ff080, 0, 1;
L_0x55a4d74fe630 .part L_0x55a4d74fdab0, 3, 1;
L_0x55a4d74fe790 .part L_0x55a4d74fdd60, 2, 1;
L_0x55a4d74fe510 .part L_0x55a4d74ff080, 1, 1;
L_0x55a4d74fea20 .part L_0x55a4d74fb9f0, 3, 1;
L_0x55a4d74fec00 .part L_0x55a4d74fdd60, 3, 1;
L_0x55a4d74feca0 .part L_0x55a4d74ff080, 2, 1;
L_0x55a4d74feec0 .concat8 [ 1 1 1 1], v0x55a4d74f4670_0, v0x55a4d74f1a30_0, v0x55a4d74f2250_0, v0x55a4d74f2a70_0;
L_0x55a4d74ff080 .concat8 [ 1 1 1 1], v0x55a4d74f4500_0, v0x55a4d74f17e0_0, v0x55a4d74f2000_0, v0x55a4d74f2820_0;
L_0x55a4d74ff400 .part L_0x55a4d74f9de0, 0, 1;
L_0x55a4d74ff4d0 .part L_0x55a4d74fc9d0, 0, 1;
L_0x55a4d74ff710 .part L_0x55a4d74fdab0, 0, 1;
LS_0x55a4d74ff810_0_0 .concat8 [ 1 1 1 4], L_0x55a4d74ff400, L_0x55a4d74ff4d0, L_0x55a4d74ff710, L_0x55a4d74fc740;
LS_0x55a4d74ff810_0_4 .concat8 [ 1 0 0 0], L_0x55a4d74ffa30;
L_0x55a4d74ff810 .concat8 [ 7 1 0 0], LS_0x55a4d74ff810_0_0, LS_0x55a4d74ff810_0_4;
L_0x55a4d74ffa30 .part L_0x55a4d74ff080, 3, 1;
S_0x55a4d74c0070 .scope module, "FA1_1" "FA" 3 15, 3 48 0, S_0x55a4d74cddf0;
 .timescale -9 -12;
    .port_info 0 /INPUT 1 "clk"
    .port_info 1 /INPUT 1 "a"
    .port_info 2 /INPUT 1 "b"
    .port_info 3 /INPUT 1 "cin"
    .port_info 4 /OUTPUT 1 "s"
    .port_info 5 /OUTPUT 1 "c"
v0x55a4d74cf5c0_0 .net "a", 0 0, L_0x55a4d74fc0c0;  1 drivers
v0x55a4d74c8420_0 .net "b", 0 0, L_0x55a4d74fc160;  1 drivers
v0x55a4d74cac40_0 .var "c", 0 0;
v0x55a4d74c8fe0_0 .net "cin", 0 0, L_0x55a4d74fc2e0;  1 drivers
v0x55a4d74c2540_0 .net "clk", 0 0, v0x55a4d74f9290_0;  alias, 1 drivers
v0x55a4d74c3100_0 .var "s", 0 0;
E_0x55a4d74a95c0 .event posedge, v0x55a4d74c2540_0;
S_0x55a4d74ef400 .scope module, "FA1_2" "FA" 3 16, 3 48 0, S_0x55a4d74cddf0;
 .timescale -9 -12;
    .port_info 0 /INPUT 1 "clk"
    .port_info 1 /INPUT 1 "a"
    .port_info 2 /INPUT 1 "b"
    .port_info 3 /INPUT 1 "cin"
    .port_info 4 /OUTPUT 1 "s"
    .port_info 5 /OUTPUT 1 "c"
v0x55a4d74ef690_0 .net "a", 0 0, L_0x55a4d74fc410;  1 drivers
v0x55a4d74ef750_0 .net "b", 0 0, L_0x55a4d74fc5a0;  1 drivers
v0x55a4d74ef810_0 .var "c", 0 0;
v0x55a4d74ef8b0_0 .net "cin", 0 0, L_0x55a4d74fc670;  1 drivers
v0x55a4d74ef970_0 .net "clk", 0 0, v0x55a4d74f9290_0;  alias, 1 drivers
v0x55a4d74efa60_0 .var "s", 0 0;
S_0x55a4d74efbc0 .scope module, "FA2_1" "FA" 3 20, 3 48 0, S_0x55a4d74cddf0;
 .timescale -9 -12;
    .port_info 0 /INPUT 1 "clk"
    .port_info 1 /INPUT 1 "a"
    .port_info 2 /INPUT 1 "b"
    .port_info 3 /INPUT 1 "cin"
    .port_info 4 /OUTPUT 1 "s"
    .port_info 5 /OUTPUT 1 "c"
v0x55a4d74efe30_0 .net "a", 0 0, L_0x55a4d74fcff0;  1 drivers
v0x55a4d74efef0_0 .net "b", 0 0, L_0x55a4d74fd090;  1 drivers
v0x55a4d74effb0_0 .var "c", 0 0;
v0x55a4d74f0050_0 .net "cin", 0 0, L_0x55a4d74fcf50;  1 drivers
v0x55a4d74f0110_0 .net "clk", 0 0, v0x55a4d74f9290_0;  alias, 1 drivers
v0x55a4d74f0250_0 .var "s", 0 0;
S_0x55a4d74f03d0 .scope module, "FA2_2" "FA" 3 21, 3 48 0, S_0x55a4d74cddf0;
 .timescale -9 -12;
    .port_info 0 /INPUT 1 "clk"
    .port_info 1 /INPUT 1 "a"
    .port_info 2 /INPUT 1 "b"
    .port_info 3 /INPUT 1 "cin"
    .port_info 4 /OUTPUT 1 "s"
    .port_info 5 /OUTPUT 1 "c"
v0x55a4d74f0640_0 .net "a", 0 0, L_0x55a4d74fd240;  1 drivers
v0x55a4d74f0720_0 .net "b", 0 0, L_0x55a4d74fd3d0;  1 drivers
v0x55a4d74f07e0_0 .var "c", 0 0;
v0x55a4d74f0880_0 .net "cin", 0 0, L_0x55a4d74fd530;  1 drivers
v0x55a4d74f0940_0 .net "clk", 0 0, v0x55a4d74f9290_0;  alias, 1 drivers
v0x55a4d74f0a30_0 .var "s", 0 0;
S_0x55a4d74f0bb0 .scope module, "FA2_3" "FA" 3 22, 3 48 0, S_0x55a4d74cddf0;
 .timescale -9 -12;
    .port_info 0 /INPUT 1 "clk"
    .port_info 1 /INPUT 1 "a"
    .port_info 2 /INPUT 1 "b"
    .port_info 3 /INPUT 1 "cin"
    .port_info 4 /OUTPUT 1 "s"
    .port_info 5 /OUTPUT 1 "c"
v0x55a4d74f0e70_0 .net "a", 0 0, L_0x55a4d74fd760;  1 drivers
v0x55a4d74f0f50_0 .net "b", 0 0, L_0x55a4d74fd830;  1 drivers
v0x55a4d74f1010_0 .var "c", 0 0;
v0x55a4d74f10b0_0 .net "cin", 0 0, L_0x55a4d74fd9e0;  1 drivers
v0x55a4d74f1170_0 .net "clk", 0 0, v0x55a4d74f9290_0;  alias, 1 drivers
v0x55a4d74f1260_0 .var "s", 0 0;
S_0x55a4d74f1420 .scope module, "FA3_1" "FA" 3 25, 3 48 0, S_0x55a4d74cddf0;
 .timescale -9 -12;
    .port_info 0 /INPUT 1 "clk"
    .port_info 1 /INPUT 1 "a"
    .port_info 2 /INPUT 1 "b"
    .port_info 3 /INPUT 1 "cin"
    .port_info 4 /OUTPUT 1 "s"
    .port_info 5 /OUTPUT 1 "c"
v0x55a4d74f1640_0 .net "a", 0 0, L_0x55a4d74fe190;  1 drivers
v0x55a4d74f1720_0 .net "b", 0 0, L_0x55a4d74fe340;  1 drivers
v0x55a4d74f17e0_0 .var "c", 0 0;
v0x55a4d74f1880_0 .net "cin", 0 0, L_0x55a4d74fe410;  1 drivers
v0x55a4d74f1940_0 .net "clk", 0 0, v0x55a4d74f9290_0;  alias, 1 drivers
v0x55a4d74f1a30_0 .var "s", 0 0;
S_0x55a4d74f1bf0 .scope module, "FA3_2" "FA" 3 26, 3 48 0, S_0x55a4d74cddf0;
 .timescale -9 -12;
    .port_info 0 /INPUT 1 "clk"
    .port_info 1 /INPUT 1 "a"
    .port_info 2 /INPUT 1 "b"
    .port_info 3 /INPUT 1 "cin"
    .port_info 4 /OUTPUT 1 "s"
    .port_info 5 /OUTPUT 1 "c"
v0x55a4d74f1e60_0 .net "a", 0 0, L_0x55a4d74fe630;  1 drivers
v0x55a4d74f1f40_0 .net "b", 0 0, L_0x55a4d74fe790;  1 drivers
v0x55a4d74f2000_0 .var "c", 0 0;
v0x55a4d74f20a0_0 .net "cin", 0 0, L_0x55a4d74fe510;  1 drivers
v0x55a4d74f2160_0 .net "clk", 0 0, v0x55a4d74f9290_0;  alias, 1 drivers
v0x55a4d74f2250_0 .var "s", 0 0;
S_0x55a4d74f2410 .scope module, "FA3_3" "FA" 3 27, 3 48 0, S_0x55a4d74cddf0;
 .timescale -9 -12;
    .port_info 0 /INPUT 1 "clk"
    .port_info 1 /INPUT 1 "a"
    .port_info 2 /INPUT 1 "b"
    .port_info 3 /INPUT 1 "cin"
    .port_info 4 /OUTPUT 1 "s"
    .port_info 5 /OUTPUT 1 "c"
v0x55a4d74f2680_0 .net "a", 0 0, L_0x55a4d74fea20;  1 drivers
v0x55a4d74f2760_0 .net "b", 0 0, L_0x55a4d74fec00;  1 drivers
v0x55a4d74f2820_0 .var "c", 0 0;
v0x55a4d74f28c0_0 .net "cin", 0 0, L_0x55a4d74feca0;  1 drivers
v0x55a4d74f2980_0 .net "clk", 0 0, v0x55a4d74f9290_0;  alias, 1 drivers
v0x55a4d74f2a70_0 .var "s", 0 0;
S_0x55a4d74f2c30 .scope module, "HA1_1" "HA" 3 14, 3 58 0, S_0x55a4d74cddf0;
 .timescale -9 -12;
    .port_info 0 /INPUT 1 "clk"
    .port_info 1 /INPUT 1 "a"
    .port_info 2 /INPUT 1 "b"
    .port_info 3 /OUTPUT 1 "s"
    .port_info 4 /OUTPUT 1 "c"
v0x55a4d74f2f10_0 .net "a", 0 0, L_0x55a4d74fbf40;  1 drivers
v0x55a4d74f2ff0_0 .net "b", 0 0, L_0x55a4d74fbfe0;  1 drivers
v0x55a4d74f30b0_0 .var "c", 0 0;
v0x55a4d74f3150_0 .net "clk", 0 0, v0x55a4d74f9290_0;  alias, 1 drivers
v0x55a4d74f31f0_0 .var "s", 0 0;
S_0x55a4d74f3350 .scope module, "HA1_2" "HA" 3 17, 3 58 0, S_0x55a4d74cddf0;
 .timescale -9 -12;
    .port_info 0 /INPUT 1 "clk"
    .port_info 1 /INPUT 1 "a"
    .port_info 2 /INPUT 1 "b"
    .port_info 3 /OUTPUT 1 "s"
    .port_info 4 /OUTPUT 1 "c"
v0x55a4d74f35a0_0 .net "a", 0 0, L_0x55a4d74fc7b0;  1 drivers
v0x55a4d74f3680_0 .net "b", 0 0, L_0x55a4d74fc880;  1 drivers
v0x55a4d74f3740_0 .var "c", 0 0;
v0x55a4d74f37e0_0 .net "clk", 0 0, v0x55a4d74f9290_0;  alias, 1 drivers
v0x55a4d74f3880_0 .var "s", 0 0;
S_0x55a4d74f3a30 .scope module, "HA2_1" "HA" 3 19, 3 58 0, S_0x55a4d74cddf0;
 .timescale -9 -12;
    .port_info 0 /INPUT 1 "clk"
    .port_info 1 /INPUT 1 "a"
    .port_info 2 /INPUT 1 "b"
    .port_info 3 /OUTPUT 1 "s"
    .port_info 4 /OUTPUT 1 "c"
v0x55a4d74f3c80_0 .net "a", 0 0, L_0x55a4d74fcde0;  1 drivers
v0x55a4d74f3d60_0 .net "b", 0 0, L_0x55a4d74fceb0;  1 drivers
v0x55a4d74f3e20_0 .var "c", 0 0;
v0x55a4d74f3ec0_0 .net "clk", 0 0, v0x55a4d74f9290_0;  alias, 1 drivers
v0x55a4d74f3f60_0 .var "s", 0 0;
S_0x55a4d74f4110 .scope module, "HA3_1" "HA" 3 24, 3 58 0, S_0x55a4d74cddf0;
 .timescale -9 -12;
    .port_info 0 /INPUT 1 "clk"
    .port_info 1 /INPUT 1 "a"
    .port_info 2 /INPUT 1 "b"
    .port_info 3 /OUTPUT 1 "s"
    .port_info 4 /OUTPUT 1 "c"
v0x55a4d74f4360_0 .net "a", 0 0, L_0x55a4d74fdf20;  1 drivers
v0x55a4d74f4440_0 .net "b", 0 0, L_0x55a4d74fe0f0;  1 drivers
v0x55a4d74f4500_0 .var "c", 0 0;
v0x55a4d74f45d0_0 .net "clk", 0 0, v0x55a4d74f9290_0;  alias, 1 drivers
v0x55a4d74f4670_0 .var "s", 0 0;
S_0x55a4d74f4820 .scope module, "and0" "arrand" 3 9, 3 37 0, S_0x55a4d74cddf0;
 .timescale -9 -12;
    .port_info 0 /INPUT 4 "a"
    .port_info 1 /INPUT 1 "b"
    .port_info 2 /OUTPUT 4 "ab"
L_0x55a4d74c1f20 .functor AND 1, L_0x55a4d74f9920, L_0x55a4d74fa160, C4<1>, C4<1>;
L_0x55a4d74c3b80 .functor AND 1, L_0x55a4d74f9a40, L_0x55a4d74fa160, C4<1>, C4<1>;
L_0x55a4d74c50f0 .functor AND 1, L_0x55a4d74f9be0, L_0x55a4d74fa160, C4<1>, C4<1>;
L_0x55a4d74c6470 .functor AND 1, L_0x55a4d74f9ff0, L_0x55a4d74fa160, C4<1>, C4<1>;
v0x55a4d74f4a60_0 .net *"_s10", 0 0, L_0x55a4d74c3b80;  1 drivers
v0x55a4d74f4b60_0 .net *"_s15", 0 0, L_0x55a4d74f9be0;  1 drivers
v0x55a4d74f4c40_0 .net *"_s16", 0 0, L_0x55a4d74c50f0;  1 drivers
v0x55a4d74f4d00_0 .net *"_s22", 0 0, L_0x55a4d74f9ff0;  1 drivers
v0x55a4d74f4de0_0 .net *"_s23", 0 0, L_0x55a4d74c6470;  1 drivers
v0x55a4d74f4f10_0 .net *"_s3", 0 0, L_0x55a4d74f9920;  1 drivers
v0x55a4d74f4ff0_0 .net *"_s4", 0 0, L_0x55a4d74c1f20;  1 drivers
v0x55a4d74f50d0_0 .net *"_s9", 0 0, L_0x55a4d74f9a40;  1 drivers
v0x55a4d74f51b0_0 .net "a", 3 0, v0x55a4d74f9110_0;  alias, 1 drivers
v0x55a4d74f5290_0 .net "ab", 3 0, L_0x55a4d74f9de0;  alias, 1 drivers
v0x55a4d74f5370_0 .net "b", 0 0, L_0x55a4d74fa160;  1 drivers
L_0x55a4d74f9920 .part v0x55a4d74f9110_0, 0, 1;
L_0x55a4d74f9a40 .part v0x55a4d74f9110_0, 1, 1;
L_0x55a4d74f9be0 .part v0x55a4d74f9110_0, 2, 1;
L_0x55a4d74f9de0 .concat8 [ 1 1 1 1], L_0x55a4d74c1f20, L_0x55a4d74c3b80, L_0x55a4d74c50f0, L_0x55a4d74c6470;
L_0x55a4d74f9ff0 .part v0x55a4d74f9110_0, 3, 1;
S_0x55a4d74f54b0 .scope module, "and1" "arrand" 3 10, 3 37 0, S_0x55a4d74cddf0;
 .timescale -9 -12;
    .port_info 0 /INPUT 4 "a"
    .port_info 1 /INPUT 1 "b"
    .port_info 2 /OUTPUT 4 "ab"
L_0x55a4d74c7e00 .functor AND 1, L_0x55a4d74fa200, L_0x55a4d74fa9a0, C4<1>, C4<1>;
L_0x55a4d74c9a60 .functor AND 1, L_0x55a4d74fa2f0, L_0x55a4d74fa9a0, C4<1>, C4<1>;
L_0x55a4d74cb6c0 .functor AND 1, L_0x55a4d74fa430, L_0x55a4d74fa9a0, C4<1>, C4<1>;
L_0x55a4d74fa7d0 .functor AND 1, L_0x55a4d74fa730, L_0x55a4d74fa9a0, C4<1>, C4<1>;
v0x55a4d74f5680_0 .net *"_s10", 0 0, L_0x55a4d74c9a60;  1 drivers
v0x55a4d74f5780_0 .net *"_s15", 0 0, L_0x55a4d74fa430;  1 drivers
v0x55a4d74f5860_0 .net *"_s16", 0 0, L_0x55a4d74cb6c0;  1 drivers
v0x55a4d74f5920_0 .net *"_s22", 0 0, L_0x55a4d74fa730;  1 drivers
v0x55a4d74f5a00_0 .net *"_s23", 0 0, L_0x55a4d74fa7d0;  1 drivers
v0x55a4d74f5b30_0 .net *"_s3", 0 0, L_0x55a4d74fa200;  1 drivers
v0x55a4d74f5c10_0 .net *"_s4", 0 0, L_0x55a4d74c7e00;  1 drivers
v0x55a4d74f5cf0_0 .net *"_s9", 0 0, L_0x55a4d74fa2f0;  1 drivers
v0x55a4d74f5dd0_0 .net "a", 3 0, v0x55a4d74f9110_0;  alias, 1 drivers
v0x55a4d74f5f20_0 .net "ab", 3 0, L_0x55a4d74fa520;  alias, 1 drivers
v0x55a4d74f5fe0_0 .net "b", 0 0, L_0x55a4d74fa9a0;  1 drivers
L_0x55a4d74fa200 .part v0x55a4d74f9110_0, 0, 1;
L_0x55a4d74fa2f0 .part v0x55a4d74f9110_0, 1, 1;
L_0x55a4d74fa430 .part v0x55a4d74f9110_0, 2, 1;
L_0x55a4d74fa520 .concat8 [ 1 1 1 1], L_0x55a4d74c7e00, L_0x55a4d74c9a60, L_0x55a4d74cb6c0, L_0x55a4d74fa7d0;
L_0x55a4d74fa730 .part v0x55a4d74f9110_0, 3, 1;
S_0x55a4d74f6120 .scope module, "and2" "arrand" 3 11, 3 37 0, S_0x55a4d74cddf0;
 .timescale -9 -12;
    .port_info 0 /INPUT 4 "a"
    .port_info 1 /INPUT 1 "b"
    .port_info 2 /OUTPUT 4 "ab"
L_0x55a4d74faae0 .functor AND 1, L_0x55a4d74faa40, L_0x55a4d74fb4f0, C4<1>, C4<1>;
L_0x55a4d74fabf0 .functor AND 1, L_0x55a4d74fab50, L_0x55a4d74fb4f0, C4<1>, C4<1>;
L_0x55a4d74fafb0 .functor AND 1, L_0x55a4d74fad00, L_0x55a4d74fb4f0, C4<1>, C4<1>;
L_0x55a4d74fb320 .functor AND 1, L_0x55a4d74fb280, L_0x55a4d74fb4f0, C4<1>, C4<1>;
v0x55a4d74f62f0_0 .net *"_s10", 0 0, L_0x55a4d74fabf0;  1 drivers
v0x55a4d74f63f0_0 .net *"_s15", 0 0, L_0x55a4d74fad00;  1 drivers
v0x55a4d74f64d0_0 .net *"_s16", 0 0, L_0x55a4d74fafb0;  1 drivers
v0x55a4d74f65c0_0 .net *"_s22", 0 0, L_0x55a4d74fb280;  1 drivers
v0x55a4d74f66a0_0 .net *"_s23", 0 0, L_0x55a4d74fb320;  1 drivers
v0x55a4d74f67d0_0 .net *"_s3", 0 0, L_0x55a4d74faa40;  1 drivers
v0x55a4d74f68b0_0 .net *"_s4", 0 0, L_0x55a4d74faae0;  1 drivers
v0x55a4d74f6990_0 .net *"_s9", 0 0, L_0x55a4d74fab50;  1 drivers
v0x55a4d74f6a70_0 .net "a", 3 0, v0x55a4d74f9110_0;  alias, 1 drivers
v0x55a4d74f6bc0_0 .net "ab", 3 0, L_0x55a4d74fb070;  alias, 1 drivers
v0x55a4d74f6ca0_0 .net "b", 0 0, L_0x55a4d74fb4f0;  1 drivers
L_0x55a4d74faa40 .part v0x55a4d74f9110_0, 0, 1;
L_0x55a4d74fab50 .part v0x55a4d74f9110_0, 1, 1;
L_0x55a4d74fad00 .part v0x55a4d74f9110_0, 2, 1;
L_0x55a4d74fb070 .concat8 [ 1 1 1 1], L_0x55a4d74faae0, L_0x55a4d74fabf0, L_0x55a4d74fafb0, L_0x55a4d74fb320;
L_0x55a4d74fb280 .part v0x55a4d74f9110_0, 3, 1;
S_0x55a4d74f6de0 .scope module, "and3" "arrand" 3 12, 3 37 0, S_0x55a4d74cddf0;
 .timescale -9 -12;
    .port_info 0 /INPUT 4 "a"
    .port_info 1 /INPUT 1 "b"
    .port_info 2 /OUTPUT 4 "ab"
L_0x55a4d74fb6c0 .functor AND 1, L_0x55a4d74fb620, L_0x55a4d74fbe70, C4<1>, C4<1>;
L_0x55a4d74fb7d0 .functor AND 1, L_0x55a4d74fb730, L_0x55a4d74fbe70, C4<1>, C4<1>;
L_0x55a4d74fb930 .functor AND 1, L_0x55a4d74fb890, L_0x55a4d74fbe70, C4<1>, C4<1>;
L_0x55a4d74fbca0 .functor AND 1, L_0x55a4d74fbc00, L_0x55a4d74fbe70, C4<1>, C4<1>;
v0x55a4d74f7000_0 .net *"_s10", 0 0, L_0x55a4d74fb7d0;  1 drivers
v0x55a4d74f7100_0 .net *"_s15", 0 0, L_0x55a4d74fb890;  1 drivers
v0x55a4d74f71e0_0 .net *"_s16", 0 0, L_0x55a4d74fb930;  1 drivers
v0x55a4d74f72a0_0 .net *"_s22", 0 0, L_0x55a4d74fbc00;  1 drivers
v0x55a4d74f7380_0 .net *"_s23", 0 0, L_0x55a4d74fbca0;  1 drivers
v0x55a4d74f74b0_0 .net *"_s3", 0 0, L_0x55a4d74fb620;  1 drivers
v0x55a4d74f7590_0 .net *"_s4", 0 0, L_0x55a4d74fb6c0;  1 drivers
v0x55a4d74f7670_0 .net *"_s9", 0 0, L_0x55a4d74fb730;  1 drivers
v0x55a4d74f7750_0 .net "a", 3 0, v0x55a4d74f9110_0;  alias, 1 drivers
v0x55a4d74f78a0_0 .net "ab", 3 0, L_0x55a4d74fb9f0;  alias, 1 drivers
v0x55a4d74f7980_0 .net "b", 0 0, L_0x55a4d74fbe70;  1 drivers
L_0x55a4d74fb620 .part v0x55a4d74f9110_0, 0, 1;
L_0x55a4d74fb730 .part v0x55a4d74f9110_0, 1, 1;
L_0x55a4d74fb890 .part v0x55a4d74f9110_0, 2, 1;
L_0x55a4d74fb9f0 .concat8 [ 1 1 1 1], L_0x55a4d74fb6c0, L_0x55a4d74fb7d0, L_0x55a4d74fb930, L_0x55a4d74fbca0;
L_0x55a4d74fbc00 .part v0x55a4d74f9110_0, 3, 1;
S_0x55a4d74f8c10 .scope task, "pattern" "pattern" 2 55, 2 55 0, S_0x55a4d74ce210;
 .timescale -9 -12;
TD_tb.pattern ;
    %vpi_func 2 57 "$random" 32 {0 0 0};
    %pushi/vec4 16, 0, 32;
    %mod;
    %pad/u 4;
    %assign/vec4 v0x55a4d74f9110_0, 0;
    %vpi_func 2 58 "$random" 32 {0 0 0};
    %pushi/vec4 16, 0, 32;
    %mod;
    %pad/u 4;
    %assign/vec4 v0x55a4d74f91d0_0, 0;
    %load/vec4 v0x55a4d74f9690_0;
    %addi 1, 0, 4;
    %assign/vec4 v0x55a4d74f9690_0, 0;
    %pushi/vec4 0, 0, 32;
    %store/vec4 v0x55a4d74f95b0_0, 0, 32;
T_0.0 ;
    %load/vec4 v0x55a4d74f95b0_0;
    %cmpi/s 11, 0, 32;
    %jmp/0xz T_0.1, 5;
    %wait E_0x55a4d74a95c0;
    %load/vec4 v0x55a4d74f9770_0;
    %load/vec4 v0x55a4d74f93f0_0;
    %cmp/ne;
    %jmp/0xz  T_0.2, 6;
    %load/vec4 v0x55a4d74f9330_0;
    %addi 1, 0, 4;
    %assign/vec4 v0x55a4d74f9330_0, 0;
    %jmp T_0.3;
T_0.2 ;
    %load/vec4 v0x55a4d74f9330_0;
    %assign/vec4 v0x55a4d74f9330_0, 0;
T_0.3 ;
    %load/vec4 v0x55a4d74f95b0_0;
    %addi 1, 0, 32;
    %store/vec4 v0x55a4d74f95b0_0, 0, 32;
    %jmp T_0.0;
T_0.1 ;
    %vpi_call 2 68 "$display", "=============================" {0 0 0};
    %load/vec4 v0x55a4d74f9770_0;
    %load/vec4 v0x55a4d74f93f0_0;
    %cmp/e;
    %jmp/0xz  T_0.4, 4;
    %vpi_call 2 70 "$display", "Test  %d  Successful", v0x55a4d74f9690_0 {0 0 0};
    %load/vec4 v0x55a4d74f9860_0;
    %addi 1, 0, 4;
    %assign/vec4 v0x55a4d74f9860_0, 0;
    %jmp T_0.5;
T_0.4 ;
    %vpi_call 2 74 "$display", "Test  %d  Fail", v0x55a4d74f9690_0 {0 0 0};
    %load/vec4 v0x55a4d74f9860_0;
    %assign/vec4 v0x55a4d74f9860_0, 0;
T_0.5 ;
    %vpi_call 2 77 "$display", "Cycles    %d", v0x55a4d74f9330_0 {0 0 0};
    %vpi_call 2 78 "$display", "%d    x   %d", v0x55a4d74f9110_0, v0x55a4d74f91d0_0 {0 0 0};
    %vpi_call 2 79 "$display", "Correct answer:   %d", v0x55a4d74f93f0_0 {0 0 0};
    %vpi_call 2 80 "$display", "Your answer:      %d", v0x55a4d74f9770_0 {0 0 0};
    %pushi/vec4 0, 0, 4;
    %assign/vec4 v0x55a4d74f9330_0, 0;
    %wait E_0x55a4d74a95c0;
    %end;
    .scope S_0x55a4d74f2c30;
T_1 ;
    %wait E_0x55a4d74a95c0;
    %load/vec4 v0x55a4d74f2f10_0;
    %load/vec4 v0x55a4d74f2ff0_0;
    %xor;
    %assign/vec4 v0x55a4d74f31f0_0, 0;
    %load/vec4 v0x55a4d74f2f10_0;
    %load/vec4 v0x55a4d74f2ff0_0;
    %and;
    %assign/vec4 v0x55a4d74f30b0_0, 0;
    %jmp T_1;
    .thread T_1;
    .scope S_0x55a4d74c0070;
T_2 ;
    %wait E_0x55a4d74a95c0;
    %load/vec4 v0x55a4d74cf5c0_0;
    %load/vec4 v0x55a4d74c8420_0;
    %xor;
    %load/vec4 v0x55a4d74c8fe0_0;
    %xor;
    %assign/vec4 v0x55a4d74c3100_0, 0;
    %load/vec4 v0x55a4d74cf5c0_0;
    %load/vec4 v0x55a4d74c8420_0;
    %and;
    %load/vec4 v0x55a4d74c8420_0;
    %load/vec4 v0x55a4d74c8fe0_0;
    %and;
    %add;
    %load/vec4 v0x55a4d74c8fe0_0;
    %load/vec4 v0x55a4d74cf5c0_0;
    %and;
    %add;
    %assign/vec4 v0x55a4d74cac40_0, 0;
    %jmp T_2;
    .thread T_2;
    .scope S_0x55a4d74ef400;
T_3 ;
    %wait E_0x55a4d74a95c0;
    %load/vec4 v0x55a4d74ef690_0;
    %load/vec4 v0x55a4d74ef750_0;
    %xor;
    %load/vec4 v0x55a4d74ef8b0_0;
    %xor;
    %assign/vec4 v0x55a4d74efa60_0, 0;
    %load/vec4 v0x55a4d74ef690_0;
    %load/vec4 v0x55a4d74ef750_0;
    %and;
    %load/vec4 v0x55a4d74ef750_0;
    %load/vec4 v0x55a4d74ef8b0_0;
    %and;
    %add;
    %load/vec4 v0x55a4d74ef8b0_0;
    %load/vec4 v0x55a4d74ef690_0;
    %and;
    %add;
    %assign/vec4 v0x55a4d74ef810_0, 0;
    %jmp T_3;
    .thread T_3;
    .scope S_0x55a4d74f3350;
T_4 ;
    %wait E_0x55a4d74a95c0;
    %load/vec4 v0x55a4d74f35a0_0;
    %load/vec4 v0x55a4d74f3680_0;
    %xor;
    %assign/vec4 v0x55a4d74f3880_0, 0;
    %load/vec4 v0x55a4d74f35a0_0;
    %load/vec4 v0x55a4d74f3680_0;
    %and;
    %assign/vec4 v0x55a4d74f3740_0, 0;
    %jmp T_4;
    .thread T_4;
    .scope S_0x55a4d74f3a30;
T_5 ;
    %wait E_0x55a4d74a95c0;
    %load/vec4 v0x55a4d74f3c80_0;
    %load/vec4 v0x55a4d74f3d60_0;
    %xor;
    %assign/vec4 v0x55a4d74f3f60_0, 0;
    %load/vec4 v0x55a4d74f3c80_0;
    %load/vec4 v0x55a4d74f3d60_0;
    %and;
    %assign/vec4 v0x55a4d74f3e20_0, 0;
    %jmp T_5;
    .thread T_5;
    .scope S_0x55a4d74efbc0;
T_6 ;
    %wait E_0x55a4d74a95c0;
    %load/vec4 v0x55a4d74efe30_0;
    %load/vec4 v0x55a4d74efef0_0;
    %xor;
    %load/vec4 v0x55a4d74f0050_0;
    %xor;
    %assign/vec4 v0x55a4d74f0250_0, 0;
    %load/vec4 v0x55a4d74efe30_0;
    %load/vec4 v0x55a4d74efef0_0;
    %and;
    %load/vec4 v0x55a4d74efef0_0;
    %load/vec4 v0x55a4d74f0050_0;
    %and;
    %add;
    %load/vec4 v0x55a4d74f0050_0;
    %load/vec4 v0x55a4d74efe30_0;
    %and;
    %add;
    %assign/vec4 v0x55a4d74effb0_0, 0;
    %jmp T_6;
    .thread T_6;
    .scope S_0x55a4d74f03d0;
T_7 ;
    %wait E_0x55a4d74a95c0;
    %load/vec4 v0x55a4d74f0640_0;
    %load/vec4 v0x55a4d74f0720_0;
    %xor;
    %load/vec4 v0x55a4d74f0880_0;
    %xor;
    %assign/vec4 v0x55a4d74f0a30_0, 0;
    %load/vec4 v0x55a4d74f0640_0;
    %load/vec4 v0x55a4d74f0720_0;
    %and;
    %load/vec4 v0x55a4d74f0720_0;
    %load/vec4 v0x55a4d74f0880_0;
    %and;
    %add;
    %load/vec4 v0x55a4d74f0880_0;
    %load/vec4 v0x55a4d74f0640_0;
    %and;
    %add;
    %assign/vec4 v0x55a4d74f07e0_0, 0;
    %jmp T_7;
    .thread T_7;
    .scope S_0x55a4d74f0bb0;
T_8 ;
    %wait E_0x55a4d74a95c0;
    %load/vec4 v0x55a4d74f0e70_0;
    %load/vec4 v0x55a4d74f0f50_0;
    %xor;
    %load/vec4 v0x55a4d74f10b0_0;
    %xor;
    %assign/vec4 v0x55a4d74f1260_0, 0;
    %load/vec4 v0x55a4d74f0e70_0;
    %load/vec4 v0x55a4d74f0f50_0;
    %and;
    %load/vec4 v0x55a4d74f0f50_0;
    %load/vec4 v0x55a4d74f10b0_0;
    %and;
    %add;
    %load/vec4 v0x55a4d74f10b0_0;
    %load/vec4 v0x55a4d74f0e70_0;
    %and;
    %add;
    %assign/vec4 v0x55a4d74f1010_0, 0;
    %jmp T_8;
    .thread T_8;
    .scope S_0x55a4d74f4110;
T_9 ;
    %wait E_0x55a4d74a95c0;
    %load/vec4 v0x55a4d74f4360_0;
    %load/vec4 v0x55a4d74f4440_0;
    %xor;
    %assign/vec4 v0x55a4d74f4670_0, 0;
    %load/vec4 v0x55a4d74f4360_0;
    %load/vec4 v0x55a4d74f4440_0;
    %and;
    %assign/vec4 v0x55a4d74f4500_0, 0;
    %jmp T_9;
    .thread T_9;
    .scope S_0x55a4d74f1420;
T_10 ;
    %wait E_0x55a4d74a95c0;
    %load/vec4 v0x55a4d74f1640_0;
    %load/vec4 v0x55a4d74f1720_0;
    %xor;
    %load/vec4 v0x55a4d74f1880_0;
    %xor;
    %assign/vec4 v0x55a4d74f1a30_0, 0;
    %load/vec4 v0x55a4d74f1640_0;
    %load/vec4 v0x55a4d74f1720_0;
    %and;
    %load/vec4 v0x55a4d74f1720_0;
    %load/vec4 v0x55a4d74f1880_0;
    %and;
    %add;
    %load/vec4 v0x55a4d74f1880_0;
    %load/vec4 v0x55a4d74f1640_0;
    %and;
    %add;
    %assign/vec4 v0x55a4d74f17e0_0, 0;
    %jmp T_10;
    .thread T_10;
    .scope S_0x55a4d74f1bf0;
T_11 ;
    %wait E_0x55a4d74a95c0;
    %load/vec4 v0x55a4d74f1e60_0;
    %load/vec4 v0x55a4d74f1f40_0;
    %xor;
    %load/vec4 v0x55a4d74f20a0_0;
    %xor;
    %assign/vec4 v0x55a4d74f2250_0, 0;
    %load/vec4 v0x55a4d74f1e60_0;
    %load/vec4 v0x55a4d74f1f40_0;
    %and;
    %load/vec4 v0x55a4d74f1f40_0;
    %load/vec4 v0x55a4d74f20a0_0;
    %and;
    %add;
    %load/vec4 v0x55a4d74f20a0_0;
    %load/vec4 v0x55a4d74f1e60_0;
    %and;
    %add;
    %assign/vec4 v0x55a4d74f2000_0, 0;
    %jmp T_11;
    .thread T_11;
    .scope S_0x55a4d74f2410;
T_12 ;
    %wait E_0x55a4d74a95c0;
    %load/vec4 v0x55a4d74f2680_0;
    %load/vec4 v0x55a4d74f2760_0;
    %xor;
    %load/vec4 v0x55a4d74f28c0_0;
    %xor;
    %assign/vec4 v0x55a4d74f2a70_0, 0;
    %load/vec4 v0x55a4d74f2680_0;
    %load/vec4 v0x55a4d74f2760_0;
    %and;
    %load/vec4 v0x55a4d74f2760_0;
    %load/vec4 v0x55a4d74f28c0_0;
    %and;
    %add;
    %load/vec4 v0x55a4d74f28c0_0;
    %load/vec4 v0x55a4d74f2680_0;
    %and;
    %add;
    %assign/vec4 v0x55a4d74f2820_0, 0;
    %jmp T_12;
    .thread T_12;
    .scope S_0x55a4d74ce210;
T_13 ;
    %vpi_call 2 25 "$dumpfile", "MPY.fsdb" {0 0 0};
    %vpi_call 2 26 "$dumpvars" {0 0 0};
    %end;
    .thread T_13;
    .scope S_0x55a4d74ce210;
T_14 ;
    %pushi/vec4 1, 0, 1;
    %store/vec4 v0x55a4d74f9290_0, 0, 1;
T_14.0 ;
    %delay 5000, 0;
    %load/vec4 v0x55a4d74f9290_0;
    %inv;
    %store/vec4 v0x55a4d74f9290_0, 0, 1;
    %jmp T_14.0;
    %end;
    .thread T_14;
    .scope S_0x55a4d74ce210;
T_15 ;
    %pushi/vec4 0, 0, 4;
    %assign/vec4 v0x55a4d74f9110_0, 0;
    %pushi/vec4 0, 0, 4;
    %assign/vec4 v0x55a4d74f91d0_0, 0;
    %pushi/vec4 0, 0, 4;
    %assign/vec4 v0x55a4d74f9330_0, 0;
    %pushi/vec4 0, 0, 4;
    %assign/vec4 v0x55a4d74f9690_0, 0;
    %pushi/vec4 0, 0, 4;
    %assign/vec4 v0x55a4d74f9860_0, 0;
    %wait E_0x55a4d74a95c0;
    %pushi/vec4 0, 0, 32;
    %store/vec4 v0x55a4d74f94d0_0, 0, 32;
T_15.0 ;
    %load/vec4 v0x55a4d74f94d0_0;
    %cmpi/s 10, 0, 32;
    %jmp/0xz T_15.1, 5;
    %fork TD_tb.pattern, S_0x55a4d74f8c10;
    %join;
    %load/vec4 v0x55a4d74f94d0_0;
    %addi 1, 0, 32;
    %store/vec4 v0x55a4d74f94d0_0, 0, 32;
    %jmp T_15.0;
T_15.1 ;
    %wait E_0x55a4d74a95c0;
    %vpi_call 2 50 "$display", "correct total:%d / %d", v0x55a4d74f9860_0, v0x55a4d74f9690_0 {0 0 0};
    %vpi_call 2 51 "$finish" {0 0 0};
    %end;
    .thread T_15;
# The file index is used to find the file name in the following table.
:file_names 4;
    "N/A";
    "<interactive>";
    "testbench.v";
    "./4bit_MPY.v";
