#! /usr/bin/vvp
:ivl_version "10.3 (stable)";
:ivl_delay_selection "TYPICAL";
:vpi_time_precision - 12;
:vpi_module "system";
:vpi_module "vhdl_sys";
:vpi_module "v2005_math";
:vpi_module "va_math";
S_0x5591615f3a00 .scope module, "tb" "tb" 2 7;
 .timescale -9 -12;
v0x55916165b910_0 .net/s *"_s0", 7 0, L_0x55916166b790;  1 drivers
v0x55916165b9f0_0 .net/s *"_s2", 7 0, L_0x55916166b860;  1 drivers
v0x55916165bad0_0 .var/s "a", 3 0;
v0x55916165bb70_0 .var/s "b", 3 0;
v0x55916165bc30_0 .var "clk", 0 0;
v0x55916165bd20_0 .var "cnt", 3 0;
v0x55916165bde0_0 .net/s "correct_answer", 7 0, L_0x55916166b930;  1 drivers
v0x55916165bec0_0 .var/i "i", 31 0;
v0x55916165bfa0_0 .var/i "j", 31 0;
v0x55916165c110_0 .var "pattern_cnt", 3 0;
v0x55916165c1f0_0 .net/s "product", 7 0, L_0x55916166b200;  1 drivers
v0x55916165c2b0_0 .var "total_correct", 3 0;
L_0x55916166b790 .extend/s 8, v0x55916165bad0_0;
L_0x55916166b860 .extend/s 8, v0x55916165bb70_0;
L_0x55916166b930 .arith/mult 8, L_0x55916166b790, L_0x55916166b860;
S_0x5591615e92d0 .scope module, "MPY" "MPY" 2 35, 3 3 0, S_0x5591615f3a00;
 .timescale -9 -12;
    .port_info 0 /INPUT 1 "clk"
    .port_info 1 /INPUT 4 "a"
    .port_info 2 /INPUT 4 "b"
    .port_info 3 /OUTPUT 8 "product"
v0x559161659540_0 .net *"_s10", 3 0, L_0x55916165eb70;  1 drivers
v0x559161659620_0 .net *"_s15", 0 0, L_0x55916165ee10;  1 drivers
v0x559161659700_0 .net *"_s16", 2 0, L_0x55916165ef00;  1 drivers
L_0x7fc9b5c65018 .functor BUFT 1, C4<0>, C4<0>, C4<0>, C4<0>;
v0x5591616597c0_0 .net/2u *"_s18", 0 0, L_0x7fc9b5c65018;  1 drivers
v0x5591616598a0_0 .net *"_s23", 0 0, L_0x55916165f260;  1 drivers
v0x559161659980_0 .net *"_s24", 1 0, L_0x55916165f300;  1 drivers
L_0x7fc9b5c65060 .functor BUFT 1, C4<00>, C4<0>, C4<0>, C4<0>;
v0x559161659a60_0 .net/2u *"_s26", 1 0, L_0x7fc9b5c65060;  1 drivers
L_0x7fc9b5c650a8 .functor BUFT 1, C4<0>, C4<0>, C4<0>, C4<0>;
v0x559161659b40_0 .net/2u *"_s30", 0 0, L_0x7fc9b5c650a8;  1 drivers
L_0x7fc9b5c650f0 .functor BUFT 1, C4<000>, C4<0>, C4<0>, C4<0>;
v0x559161659c20_0 .net/2u *"_s32", 2 0, L_0x7fc9b5c650f0;  1 drivers
v0x559161659d90_0 .net *"_s37", 0 0, L_0x55916165f7f0;  1 drivers
v0x559161659e70_0 .net *"_s38", 1 0, L_0x55916165f920;  1 drivers
L_0x7fc9b5c65138 .functor BUFT 1, C4<000000>, C4<0>, C4<0>, C4<0>;
v0x559161659f50_0 .net/2u *"_s40", 5 0, L_0x7fc9b5c65138;  1 drivers
v0x55916165a030_0 .net *"_s45", 0 0, L_0x55916165fc30;  1 drivers
v0x55916165a110_0 .net *"_s46", 2 0, L_0x55916165fd70;  1 drivers
L_0x7fc9b5c65180 .functor BUFT 1, C4<00000>, C4<0>, C4<0>, C4<0>;
v0x55916165a1f0_0 .net/2u *"_s48", 4 0, L_0x7fc9b5c65180;  1 drivers
v0x55916165a2d0_0 .net *"_s53", 0 0, L_0x55916165fcd0;  1 drivers
v0x55916165a3b0_0 .net *"_s54", 3 0, L_0x559161660050;  1 drivers
L_0x7fc9b5c651c8 .functor BUFT 1, C4<0000>, C4<0>, C4<0>, C4<0>;
v0x55916165a490_0 .net/2u *"_s56", 3 0, L_0x7fc9b5c651c8;  1 drivers
v0x55916165a570_0 .net *"_s9", 0 0, L_0x55916165ead0;  1 drivers
v0x55916165a650_0 .net "a", 3 0, v0x55916165bad0_0;  1 drivers
v0x55916165a710_0 .net "ab0", 3 0, L_0x55916165c7b0;  1 drivers
v0x55916165a7d0_0 .net "ab1", 3 0, L_0x55916165d0b0;  1 drivers
v0x55916165a870_0 .net "ab2", 3 0, L_0x55916165dc00;  1 drivers
v0x55916165a940_0 .net "ab3", 3 0, L_0x55916165e580;  1 drivers
v0x55916165aa10_0 .net "add0", 7 0, L_0x55916165ece0;  1 drivers
v0x55916165aae0_0 .net "add1", 7 0, L_0x55916165f080;  1 drivers
v0x55916165abb0_0 .net "add2", 7 0, L_0x55916165f410;  1 drivers
v0x55916165ac80_0 .net "add3", 7 0, L_0x55916165f5e0;  1 drivers
v0x55916165ad50_0 .net "b", 3 0, v0x55916165bb70_0;  1 drivers
v0x55916165ae10_0 .net "clk", 0 0, v0x55916165bc30_0;  1 drivers
v0x55916165aeb0_0 .net "ext0", 7 0, L_0x55916165faa0;  1 drivers
v0x55916165afa0_0 .net "ext1", 7 0, L_0x55916165fe60;  1 drivers
v0x55916165b070_0 .net "ext2", 7 0, L_0x559161660290;  1 drivers
v0x55916165b140_0 .net "product", 7 0, L_0x55916166b200;  alias, 1 drivers
v0x55916165b210_0 .net "sum0", 7 0, L_0x559161661a60;  1 drivers
v0x55916165b2b0_0 .net "sum1", 7 0, L_0x5591616638d0;  1 drivers
v0x55916165b370_0 .net "sum2", 7 0, L_0x559161665740;  1 drivers
v0x55916165b480_0 .net "sum3", 7 0, L_0x5591616675b0;  1 drivers
v0x55916165b590_0 .net "sum4", 7 0, L_0x559161669420;  1 drivers
L_0x55916165cba0 .part v0x55916165bb70_0, 0, 1;
L_0x55916165d530 .part v0x55916165bb70_0, 1, 1;
L_0x55916165e080 .part v0x55916165bb70_0, 2, 1;
L_0x55916165ea00 .part v0x55916165bb70_0, 3, 1;
L_0x55916165ead0 .part L_0x55916165c7b0, 3, 1;
L_0x55916165eb70 .concat [ 1 1 1 1], L_0x55916165ead0, L_0x55916165ead0, L_0x55916165ead0, L_0x55916165ead0;
L_0x55916165ece0 .concat [ 4 4 0 0], L_0x55916165c7b0, L_0x55916165eb70;
L_0x55916165ee10 .part L_0x55916165d0b0, 3, 1;
L_0x55916165ef00 .concat [ 1 1 1 0], L_0x55916165ee10, L_0x55916165ee10, L_0x55916165ee10;
L_0x55916165f080 .concat [ 1 4 3 0], L_0x7fc9b5c65018, L_0x55916165d0b0, L_0x55916165ef00;
L_0x55916165f260 .part L_0x55916165dc00, 3, 1;
L_0x55916165f300 .concat [ 1 1 0 0], L_0x55916165f260, L_0x55916165f260;
L_0x55916165f410 .concat [ 2 4 2 0], L_0x7fc9b5c65060, L_0x55916165dc00, L_0x55916165f300;
L_0x55916165f5e0 .concat [ 3 4 1 0], L_0x7fc9b5c650f0, L_0x55916165e580, L_0x7fc9b5c650a8;
L_0x55916165f7f0 .part L_0x55916165e580, 2, 1;
L_0x55916165f920 .concat [ 1 1 0 0], L_0x55916165f7f0, L_0x55916165f7f0;
L_0x55916165faa0 .concat [ 6 2 0 0], L_0x7fc9b5c65138, L_0x55916165f920;
L_0x55916165fc30 .part L_0x55916165e580, 1, 1;
L_0x55916165fd70 .concat [ 1 1 1 0], L_0x55916165fc30, L_0x55916165fc30, L_0x55916165fc30;
L_0x55916165fe60 .concat [ 5 3 0 0], L_0x7fc9b5c65180, L_0x55916165fd70;
L_0x55916165fcd0 .part L_0x55916165e580, 0, 1;
L_0x559161660050 .concat [ 1 1 1 1], L_0x55916165fcd0, L_0x55916165fcd0, L_0x55916165fcd0, L_0x55916165fcd0;
L_0x559161660290 .concat [ 4 4 0 0], L_0x7fc9b5c651c8, L_0x559161660050;
S_0x5591615e8190 .scope module, "adder1" "adder" 3 25, 3 45 0, S_0x5591615e92d0;
 .timescale -9 -12;
    .port_info 0 /INPUT 1 "clk"
    .port_info 1 /INPUT 8 "a"
    .port_info 2 /INPUT 8 "b"
    .port_info 3 /OUTPUT 8 "sum"
v0x55916163f3b0_0 .net "a", 7 0, L_0x55916165ece0;  alias, 1 drivers
v0x55916163f4b0_0 .net "b", 7 0, L_0x55916165f080;  alias, 1 drivers
v0x55916163f590_0 .net "c", 7 0, L_0x559161661d50;  1 drivers
v0x55916163f650_0 .net "clk", 0 0, v0x55916165bc30_0;  alias, 1 drivers
v0x55916163f6f0_0 .net "sum", 7 0, L_0x559161661a60;  alias, 1 drivers
L_0x5591616603d0 .part L_0x55916165ece0, 0, 1;
L_0x559161660470 .part L_0x55916165f080, 0, 1;
L_0x559161660510 .part L_0x55916165ece0, 1, 1;
L_0x559161660640 .part L_0x55916165f080, 1, 1;
L_0x5591616607a0 .part L_0x559161661d50, 0, 1;
L_0x559161660840 .part L_0x55916165ece0, 2, 1;
L_0x559161660920 .part L_0x55916165f080, 2, 1;
L_0x5591616609c0 .part L_0x559161661d50, 1, 1;
L_0x559161660ae0 .part L_0x55916165ece0, 3, 1;
L_0x559161660b80 .part L_0x55916165f080, 3, 1;
L_0x559161660c50 .part L_0x559161661d50, 2, 1;
L_0x559161660d20 .part L_0x55916165ece0, 4, 1;
L_0x559161660e60 .part L_0x55916165f080, 4, 1;
L_0x559161660f30 .part L_0x559161661d50, 3, 1;
L_0x559161661110 .part L_0x55916165ece0, 5, 1;
L_0x5591616611e0 .part L_0x55916165f080, 5, 1;
L_0x559161661340 .part L_0x559161661d50, 4, 1;
L_0x559161661410 .part L_0x55916165ece0, 6, 1;
L_0x559161661580 .part L_0x55916165f080, 6, 1;
L_0x559161661650 .part L_0x559161661d50, 5, 1;
L_0x5591616614e0 .part L_0x55916165ece0, 7, 1;
L_0x559161661800 .part L_0x55916165f080, 7, 1;
L_0x559161661990 .part L_0x559161661d50, 6, 1;
LS_0x559161661a60_0_0 .concat8 [ 1 1 1 1], v0x55916163f200_0, v0x5591616245a0_0, v0x55916163c320_0, v0x55916163cb10_0;
LS_0x559161661a60_0_4 .concat8 [ 1 1 1 1], v0x55916163d2f0_0, v0x55916163db20_0, v0x55916163e2f0_0, v0x55916163eb10_0;
L_0x559161661a60 .concat8 [ 4 4 0 0], LS_0x559161661a60_0_0, LS_0x559161661a60_0_4;
LS_0x559161661d50_0_0 .concat8 [ 1 1 1 1], v0x55916163f0c0_0, v0x559161631730_0, v0x55916163c0d0_0, v0x55916163c870_0;
LS_0x559161661d50_0_4 .concat8 [ 1 1 1 1], v0x55916163d0a0_0, v0x55916163d8d0_0, v0x55916163e0a0_0, v0x55916163e8c0_0;
L_0x559161661d50 .concat8 [ 4 4 0 0], LS_0x559161661d50_0_0, LS_0x559161661d50_0_4;
S_0x5591615e7070 .scope module, "FA1" "FA" 3 52, 4 1 0, S_0x5591615e8190;
 .timescale -9 -12;
    .port_info 0 /INPUT 1 "clk"
    .port_info 1 /INPUT 1 "a"
    .port_info 2 /INPUT 1 "b"
    .port_info 3 /INPUT 1 "cin"
    .port_info 4 /OUTPUT 1 "s"
    .port_info 5 /OUTPUT 1 "c"
v0x5591615eee90_0 .net "a", 0 0, L_0x559161660510;  1 drivers
v0x5591615ed230_0 .net "b", 0 0, L_0x559161660640;  1 drivers
v0x559161631730_0 .var "c", 0 0;
v0x55916162fad0_0 .net "cin", 0 0, L_0x5591616607a0;  1 drivers
v0x55916162de70_0 .net "clk", 0 0, v0x55916165bc30_0;  alias, 1 drivers
v0x5591616245a0_0 .var "s", 0 0;
E_0x5591615974f0 .event posedge, v0x55916162de70_0;
S_0x55916163bcc0 .scope module, "FA2" "FA" 3 53, 4 1 0, S_0x5591615e8190;
 .timescale -9 -12;
    .port_info 0 /INPUT 1 "clk"
    .port_info 1 /INPUT 1 "a"
    .port_info 2 /INPUT 1 "b"
    .port_info 3 /INPUT 1 "cin"
    .port_info 4 /OUTPUT 1 "s"
    .port_info 5 /OUTPUT 1 "c"
v0x55916163bf50_0 .net "a", 0 0, L_0x559161660840;  1 drivers
v0x55916163c010_0 .net "b", 0 0, L_0x559161660920;  1 drivers
v0x55916163c0d0_0 .var "c", 0 0;
v0x55916163c170_0 .net "cin", 0 0, L_0x5591616609c0;  1 drivers
v0x55916163c230_0 .net "clk", 0 0, v0x55916165bc30_0;  alias, 1 drivers
v0x55916163c320_0 .var "s", 0 0;
S_0x55916163c480 .scope module, "FA3" "FA" 3 54, 4 1 0, S_0x5591615e8190;
 .timescale -9 -12;
    .port_info 0 /INPUT 1 "clk"
    .port_info 1 /INPUT 1 "a"
    .port_info 2 /INPUT 1 "b"
    .port_info 3 /INPUT 1 "cin"
    .port_info 4 /OUTPUT 1 "s"
    .port_info 5 /OUTPUT 1 "c"
v0x55916163c6f0_0 .net "a", 0 0, L_0x559161660ae0;  1 drivers
v0x55916163c7b0_0 .net "b", 0 0, L_0x559161660b80;  1 drivers
v0x55916163c870_0 .var "c", 0 0;
v0x55916163c910_0 .net "cin", 0 0, L_0x559161660c50;  1 drivers
v0x55916163c9d0_0 .net "clk", 0 0, v0x55916165bc30_0;  alias, 1 drivers
v0x55916163cb10_0 .var "s", 0 0;
S_0x55916163cc90 .scope module, "FA4" "FA" 3 55, 4 1 0, S_0x5591615e8190;
 .timescale -9 -12;
    .port_info 0 /INPUT 1 "clk"
    .port_info 1 /INPUT 1 "a"
    .port_info 2 /INPUT 1 "b"
    .port_info 3 /INPUT 1 "cin"
    .port_info 4 /OUTPUT 1 "s"
    .port_info 5 /OUTPUT 1 "c"
v0x55916163cf00_0 .net "a", 0 0, L_0x559161660d20;  1 drivers
v0x55916163cfe0_0 .net "b", 0 0, L_0x559161660e60;  1 drivers
v0x55916163d0a0_0 .var "c", 0 0;
v0x55916163d140_0 .net "cin", 0 0, L_0x559161660f30;  1 drivers
v0x55916163d200_0 .net "clk", 0 0, v0x55916165bc30_0;  alias, 1 drivers
v0x55916163d2f0_0 .var "s", 0 0;
S_0x55916163d470 .scope module, "FA5" "FA" 3 56, 4 1 0, S_0x5591615e8190;
 .timescale -9 -12;
    .port_info 0 /INPUT 1 "clk"
    .port_info 1 /INPUT 1 "a"
    .port_info 2 /INPUT 1 "b"
    .port_info 3 /INPUT 1 "cin"
    .port_info 4 /OUTPUT 1 "s"
    .port_info 5 /OUTPUT 1 "c"
v0x55916163d730_0 .net "a", 0 0, L_0x559161661110;  1 drivers
v0x55916163d810_0 .net "b", 0 0, L_0x5591616611e0;  1 drivers
v0x55916163d8d0_0 .var "c", 0 0;
v0x55916163d970_0 .net "cin", 0 0, L_0x559161661340;  1 drivers
v0x55916163da30_0 .net "clk", 0 0, v0x55916165bc30_0;  alias, 1 drivers
v0x55916163db20_0 .var "s", 0 0;
S_0x55916163dce0 .scope module, "FA6" "FA" 3 57, 4 1 0, S_0x5591615e8190;
 .timescale -9 -12;
    .port_info 0 /INPUT 1 "clk"
    .port_info 1 /INPUT 1 "a"
    .port_info 2 /INPUT 1 "b"
    .port_info 3 /INPUT 1 "cin"
    .port_info 4 /OUTPUT 1 "s"
    .port_info 5 /OUTPUT 1 "c"
v0x55916163df00_0 .net "a", 0 0, L_0x559161661410;  1 drivers
v0x55916163dfe0_0 .net "b", 0 0, L_0x559161661580;  1 drivers
v0x55916163e0a0_0 .var "c", 0 0;
v0x55916163e140_0 .net "cin", 0 0, L_0x559161661650;  1 drivers
v0x55916163e200_0 .net "clk", 0 0, v0x55916165bc30_0;  alias, 1 drivers
v0x55916163e2f0_0 .var "s", 0 0;
S_0x55916163e4b0 .scope module, "FA7" "FA" 3 58, 4 1 0, S_0x5591615e8190;
 .timescale -9 -12;
    .port_info 0 /INPUT 1 "clk"
    .port_info 1 /INPUT 1 "a"
    .port_info 2 /INPUT 1 "b"
    .port_info 3 /INPUT 1 "cin"
    .port_info 4 /OUTPUT 1 "s"
    .port_info 5 /OUTPUT 1 "c"
v0x55916163e720_0 .net "a", 0 0, L_0x5591616614e0;  1 drivers
v0x55916163e800_0 .net "b", 0 0, L_0x559161661800;  1 drivers
v0x55916163e8c0_0 .var "c", 0 0;
v0x55916163e960_0 .net "cin", 0 0, L_0x559161661990;  1 drivers
v0x55916163ea20_0 .net "clk", 0 0, v0x55916165bc30_0;  alias, 1 drivers
v0x55916163eb10_0 .var "s", 0 0;
S_0x55916163ecd0 .scope module, "HA1" "HA" 3 51, 5 2 0, S_0x5591615e8190;
 .timescale -9 -12;
    .port_info 0 /INPUT 1 "clk"
    .port_info 1 /INPUT 1 "a"
    .port_info 2 /INPUT 1 "b"
    .port_info 3 /OUTPUT 1 "s"
    .port_info 4 /OUTPUT 1 "c"
v0x55916163ef20_0 .net "a", 0 0, L_0x5591616603d0;  1 drivers
v0x55916163f000_0 .net "b", 0 0, L_0x559161660470;  1 drivers
v0x55916163f0c0_0 .var "c", 0 0;
v0x55916163f160_0 .net "clk", 0 0, v0x55916165bc30_0;  alias, 1 drivers
v0x55916163f200_0 .var "s", 0 0;
S_0x55916163f8a0 .scope module, "adder2" "adder" 3 26, 3 45 0, S_0x5591615e92d0;
 .timescale -9 -12;
    .port_info 0 /INPUT 1 "clk"
    .port_info 1 /INPUT 8 "a"
    .port_info 2 /INPUT 8 "b"
    .port_info 3 /OUTPUT 8 "sum"
v0x559161643cc0_0 .net "a", 7 0, L_0x559161661a60;  alias, 1 drivers
v0x559161643da0_0 .net "b", 7 0, L_0x55916165f410;  alias, 1 drivers
v0x559161643e60_0 .net "c", 7 0, L_0x559161663bc0;  1 drivers
v0x559161643f50_0 .net "clk", 0 0, v0x55916165bc30_0;  alias, 1 drivers
v0x559161643ff0_0 .net "sum", 7 0, L_0x5591616638d0;  alias, 1 drivers
L_0x559161662080 .part L_0x559161661a60, 0, 1;
L_0x559161662150 .part L_0x55916165f410, 0, 1;
L_0x559161662220 .part L_0x559161661a60, 1, 1;
L_0x5591616622f0 .part L_0x55916165f410, 1, 1;
L_0x5591616623f0 .part L_0x559161663bc0, 0, 1;
L_0x5591616624f0 .part L_0x559161661a60, 2, 1;
L_0x559161662600 .part L_0x55916165f410, 2, 1;
L_0x5591616626a0 .part L_0x559161663bc0, 1, 1;
L_0x5591616627c0 .part L_0x559161661a60, 3, 1;
L_0x559161662860 .part L_0x55916165f410, 3, 1;
L_0x559161662930 .part L_0x559161663bc0, 2, 1;
L_0x559161662a00 .part L_0x559161661a60, 4, 1;
L_0x559161662c50 .part L_0x55916165f410, 4, 1;
L_0x559161662d20 .part L_0x559161663bc0, 3, 1;
L_0x559161662e70 .part L_0x559161661a60, 5, 1;
L_0x559161662f40 .part L_0x55916165f410, 5, 1;
L_0x5591616631b0 .part L_0x559161663bc0, 4, 1;
L_0x559161663280 .part L_0x559161661a60, 6, 1;
L_0x5591616633f0 .part L_0x55916165f410, 6, 1;
L_0x5591616634c0 .part L_0x559161663bc0, 5, 1;
L_0x559161663350 .part L_0x559161661a60, 7, 1;
L_0x559161663670 .part L_0x55916165f410, 7, 1;
L_0x559161663800 .part L_0x559161663bc0, 6, 1;
LS_0x5591616638d0_0_0 .concat8 [ 1 1 1 1], v0x559161643b10_0, v0x5591616400f0_0, v0x559161640910_0, v0x559161641140_0;
LS_0x5591616638d0_0_4 .concat8 [ 1 1 1 1], v0x559161641960_0, v0x5591616421d0_0, v0x5591616429f0_0, v0x559161643210_0;
L_0x5591616638d0 .concat8 [ 4 4 0 0], LS_0x5591616638d0_0_0, LS_0x5591616638d0_0_4;
LS_0x559161663bc0_0_0 .concat8 [ 1 1 1 1], v0x5591616437c0_0, v0x55916163fea0_0, v0x5591616406c0_0, v0x559161640ec0_0;
LS_0x559161663bc0_0_4 .concat8 [ 1 1 1 1], v0x559161641710_0, v0x559161641f80_0, v0x5591616427a0_0, v0x559161642fc0_0;
L_0x559161663bc0 .concat8 [ 4 4 0 0], LS_0x559161663bc0_0_0, LS_0x559161663bc0_0_4;
S_0x55916163fa90 .scope module, "FA1" "FA" 3 52, 4 1 0, S_0x55916163f8a0;
 .timescale -9 -12;
    .port_info 0 /INPUT 1 "clk"
    .port_info 1 /INPUT 1 "a"
    .port_info 2 /INPUT 1 "b"
    .port_info 3 /INPUT 1 "cin"
    .port_info 4 /OUTPUT 1 "s"
    .port_info 5 /OUTPUT 1 "c"
v0x55916163fd00_0 .net "a", 0 0, L_0x559161662220;  1 drivers
v0x55916163fde0_0 .net "b", 0 0, L_0x5591616622f0;  1 drivers
v0x55916163fea0_0 .var "c", 0 0;
v0x55916163ff40_0 .net "cin", 0 0, L_0x5591616623f0;  1 drivers
v0x559161640000_0 .net "clk", 0 0, v0x55916165bc30_0;  alias, 1 drivers
v0x5591616400f0_0 .var "s", 0 0;
S_0x5591616402b0 .scope module, "FA2" "FA" 3 53, 4 1 0, S_0x55916163f8a0;
 .timescale -9 -12;
    .port_info 0 /INPUT 1 "clk"
    .port_info 1 /INPUT 1 "a"
    .port_info 2 /INPUT 1 "b"
    .port_info 3 /INPUT 1 "cin"
    .port_info 4 /OUTPUT 1 "s"
    .port_info 5 /OUTPUT 1 "c"
v0x559161640540_0 .net "a", 0 0, L_0x5591616624f0;  1 drivers
v0x559161640600_0 .net "b", 0 0, L_0x559161662600;  1 drivers
v0x5591616406c0_0 .var "c", 0 0;
v0x559161640760_0 .net "cin", 0 0, L_0x5591616626a0;  1 drivers
v0x559161640820_0 .net "clk", 0 0, v0x55916165bc30_0;  alias, 1 drivers
v0x559161640910_0 .var "s", 0 0;
S_0x559161640ad0 .scope module, "FA3" "FA" 3 54, 4 1 0, S_0x55916163f8a0;
 .timescale -9 -12;
    .port_info 0 /INPUT 1 "clk"
    .port_info 1 /INPUT 1 "a"
    .port_info 2 /INPUT 1 "b"
    .port_info 3 /INPUT 1 "cin"
    .port_info 4 /OUTPUT 1 "s"
    .port_info 5 /OUTPUT 1 "c"
v0x559161640d40_0 .net "a", 0 0, L_0x5591616627c0;  1 drivers
v0x559161640e00_0 .net "b", 0 0, L_0x559161662860;  1 drivers
v0x559161640ec0_0 .var "c", 0 0;
v0x559161640f90_0 .net "cin", 0 0, L_0x559161662930;  1 drivers
v0x559161641050_0 .net "clk", 0 0, v0x55916165bc30_0;  alias, 1 drivers
v0x559161641140_0 .var "s", 0 0;
S_0x559161641300 .scope module, "FA4" "FA" 3 55, 4 1 0, S_0x55916163f8a0;
 .timescale -9 -12;
    .port_info 0 /INPUT 1 "clk"
    .port_info 1 /INPUT 1 "a"
    .port_info 2 /INPUT 1 "b"
    .port_info 3 /INPUT 1 "cin"
    .port_info 4 /OUTPUT 1 "s"
    .port_info 5 /OUTPUT 1 "c"
v0x559161641570_0 .net "a", 0 0, L_0x559161662a00;  1 drivers
v0x559161641650_0 .net "b", 0 0, L_0x559161662c50;  1 drivers
v0x559161641710_0 .var "c", 0 0;
v0x5591616417b0_0 .net "cin", 0 0, L_0x559161662d20;  1 drivers
v0x559161641870_0 .net "clk", 0 0, v0x55916165bc30_0;  alias, 1 drivers
v0x559161641960_0 .var "s", 0 0;
S_0x559161641b20 .scope module, "FA5" "FA" 3 56, 4 1 0, S_0x55916163f8a0;
 .timescale -9 -12;
    .port_info 0 /INPUT 1 "clk"
    .port_info 1 /INPUT 1 "a"
    .port_info 2 /INPUT 1 "b"
    .port_info 3 /INPUT 1 "cin"
    .port_info 4 /OUTPUT 1 "s"
    .port_info 5 /OUTPUT 1 "c"
v0x559161641de0_0 .net "a", 0 0, L_0x559161662e70;  1 drivers
v0x559161641ec0_0 .net "b", 0 0, L_0x559161662f40;  1 drivers
v0x559161641f80_0 .var "c", 0 0;
v0x559161642020_0 .net "cin", 0 0, L_0x5591616631b0;  1 drivers
v0x5591616420e0_0 .net "clk", 0 0, v0x55916165bc30_0;  alias, 1 drivers
v0x5591616421d0_0 .var "s", 0 0;
S_0x559161642390 .scope module, "FA6" "FA" 3 57, 4 1 0, S_0x55916163f8a0;
 .timescale -9 -12;
    .port_info 0 /INPUT 1 "clk"
    .port_info 1 /INPUT 1 "a"
    .port_info 2 /INPUT 1 "b"
    .port_info 3 /INPUT 1 "cin"
    .port_info 4 /OUTPUT 1 "s"
    .port_info 5 /OUTPUT 1 "c"
v0x559161642600_0 .net "a", 0 0, L_0x559161663280;  1 drivers
v0x5591616426e0_0 .net "b", 0 0, L_0x5591616633f0;  1 drivers
v0x5591616427a0_0 .var "c", 0 0;
v0x559161642840_0 .net "cin", 0 0, L_0x5591616634c0;  1 drivers
v0x559161642900_0 .net "clk", 0 0, v0x55916165bc30_0;  alias, 1 drivers
v0x5591616429f0_0 .var "s", 0 0;
S_0x559161642bb0 .scope module, "FA7" "FA" 3 58, 4 1 0, S_0x55916163f8a0;
 .timescale -9 -12;
    .port_info 0 /INPUT 1 "clk"
    .port_info 1 /INPUT 1 "a"
    .port_info 2 /INPUT 1 "b"
    .port_info 3 /INPUT 1 "cin"
    .port_info 4 /OUTPUT 1 "s"
    .port_info 5 /OUTPUT 1 "c"
v0x559161642e20_0 .net "a", 0 0, L_0x559161663350;  1 drivers
v0x559161642f00_0 .net "b", 0 0, L_0x559161663670;  1 drivers
v0x559161642fc0_0 .var "c", 0 0;
v0x559161643060_0 .net "cin", 0 0, L_0x559161663800;  1 drivers
v0x559161643120_0 .net "clk", 0 0, v0x55916165bc30_0;  alias, 1 drivers
v0x559161643210_0 .var "s", 0 0;
S_0x5591616433d0 .scope module, "HA1" "HA" 3 51, 5 2 0, S_0x55916163f8a0;
 .timescale -9 -12;
    .port_info 0 /INPUT 1 "clk"
    .port_info 1 /INPUT 1 "a"
    .port_info 2 /INPUT 1 "b"
    .port_info 3 /OUTPUT 1 "s"
    .port_info 4 /OUTPUT 1 "c"
v0x559161643620_0 .net "a", 0 0, L_0x559161662080;  1 drivers
v0x559161643700_0 .net "b", 0 0, L_0x559161662150;  1 drivers
v0x5591616437c0_0 .var "c", 0 0;
v0x559161643860_0 .net "clk", 0 0, v0x55916165bc30_0;  alias, 1 drivers
v0x559161643b10_0 .var "s", 0 0;
S_0x5591616441a0 .scope module, "adder3" "adder" 3 27, 3 45 0, S_0x5591615e92d0;
 .timescale -9 -12;
    .port_info 0 /INPUT 1 "clk"
    .port_info 1 /INPUT 8 "a"
    .port_info 2 /INPUT 8 "b"
    .port_info 3 /OUTPUT 8 "sum"
v0x5591616483f0_0 .net "a", 7 0, L_0x5591616638d0;  alias, 1 drivers
v0x5591616484d0_0 .net "b", 7 0, L_0x55916165f5e0;  alias, 1 drivers
v0x559161648590_0 .net "c", 7 0, L_0x559161665a30;  1 drivers
v0x559161648680_0 .net "clk", 0 0, v0x55916165bc30_0;  alias, 1 drivers
v0x559161648720_0 .net "sum", 7 0, L_0x559161665740;  alias, 1 drivers
L_0x559161663ef0 .part L_0x5591616638d0, 0, 1;
L_0x559161663fc0 .part L_0x55916165f5e0, 0, 1;
L_0x559161664090 .part L_0x5591616638d0, 1, 1;
L_0x559161664160 .part L_0x55916165f5e0, 1, 1;
L_0x559161664260 .part L_0x559161665a30, 0, 1;
L_0x559161664360 .part L_0x5591616638d0, 2, 1;
L_0x559161664470 .part L_0x55916165f5e0, 2, 1;
L_0x559161664510 .part L_0x559161665a30, 1, 1;
L_0x559161664630 .part L_0x5591616638d0, 3, 1;
L_0x5591616646d0 .part L_0x55916165f5e0, 3, 1;
L_0x5591616647a0 .part L_0x559161665a30, 2, 1;
L_0x559161664870 .part L_0x5591616638d0, 4, 1;
L_0x559161664ac0 .part L_0x55916165f5e0, 4, 1;
L_0x559161664b90 .part L_0x559161665a30, 3, 1;
L_0x559161664ce0 .part L_0x5591616638d0, 5, 1;
L_0x559161664db0 .part L_0x55916165f5e0, 5, 1;
L_0x559161665020 .part L_0x559161665a30, 4, 1;
L_0x5591616650f0 .part L_0x5591616638d0, 6, 1;
L_0x559161665260 .part L_0x55916165f5e0, 6, 1;
L_0x559161665330 .part L_0x559161665a30, 5, 1;
L_0x5591616651c0 .part L_0x5591616638d0, 7, 1;
L_0x5591616654e0 .part L_0x55916165f5e0, 7, 1;
L_0x559161665670 .part L_0x559161665a30, 6, 1;
LS_0x559161665740_0_0 .concat8 [ 1 1 1 1], v0x559161648240_0, v0x559161644a30_0, v0x559161645250_0, v0x559161645a80_0;
LS_0x559161665740_0_4 .concat8 [ 1 1 1 1], v0x5591616462a0_0, v0x559161646b10_0, v0x559161647330_0, v0x559161647b50_0;
L_0x559161665740 .concat8 [ 4 4 0 0], LS_0x559161665740_0_0, LS_0x559161665740_0_4;
LS_0x559161665a30_0_0 .concat8 [ 1 1 1 1], v0x559161648100_0, v0x5591616447b0_0, v0x559161645000_0, v0x559161645800_0;
LS_0x559161665a30_0_4 .concat8 [ 1 1 1 1], v0x559161646050_0, v0x5591616468c0_0, v0x5591616470e0_0, v0x559161647900_0;
L_0x559161665a30 .concat8 [ 4 4 0 0], LS_0x559161665a30_0_0, LS_0x559161665a30_0_4;
S_0x5591616443a0 .scope module, "FA1" "FA" 3 52, 4 1 0, S_0x5591616441a0;
 .timescale -9 -12;
    .port_info 0 /INPUT 1 "clk"
    .port_info 1 /INPUT 1 "a"
    .port_info 2 /INPUT 1 "b"
    .port_info 3 /INPUT 1 "cin"
    .port_info 4 /OUTPUT 1 "s"
    .port_info 5 /OUTPUT 1 "c"
v0x559161644610_0 .net "a", 0 0, L_0x559161664090;  1 drivers
v0x5591616446f0_0 .net "b", 0 0, L_0x559161664160;  1 drivers
v0x5591616447b0_0 .var "c", 0 0;
v0x559161644880_0 .net "cin", 0 0, L_0x559161664260;  1 drivers
v0x559161644940_0 .net "clk", 0 0, v0x55916165bc30_0;  alias, 1 drivers
v0x559161644a30_0 .var "s", 0 0;
S_0x559161644bf0 .scope module, "FA2" "FA" 3 53, 4 1 0, S_0x5591616441a0;
 .timescale -9 -12;
    .port_info 0 /INPUT 1 "clk"
    .port_info 1 /INPUT 1 "a"
    .port_info 2 /INPUT 1 "b"
    .port_info 3 /INPUT 1 "cin"
    .port_info 4 /OUTPUT 1 "s"
    .port_info 5 /OUTPUT 1 "c"
v0x559161644e80_0 .net "a", 0 0, L_0x559161664360;  1 drivers
v0x559161644f40_0 .net "b", 0 0, L_0x559161664470;  1 drivers
v0x559161645000_0 .var "c", 0 0;
v0x5591616450a0_0 .net "cin", 0 0, L_0x559161664510;  1 drivers
v0x559161645160_0 .net "clk", 0 0, v0x55916165bc30_0;  alias, 1 drivers
v0x559161645250_0 .var "s", 0 0;
S_0x559161645410 .scope module, "FA3" "FA" 3 54, 4 1 0, S_0x5591616441a0;
 .timescale -9 -12;
    .port_info 0 /INPUT 1 "clk"
    .port_info 1 /INPUT 1 "a"
    .port_info 2 /INPUT 1 "b"
    .port_info 3 /INPUT 1 "cin"
    .port_info 4 /OUTPUT 1 "s"
    .port_info 5 /OUTPUT 1 "c"
v0x559161645680_0 .net "a", 0 0, L_0x559161664630;  1 drivers
v0x559161645740_0 .net "b", 0 0, L_0x5591616646d0;  1 drivers
v0x559161645800_0 .var "c", 0 0;
v0x5591616458d0_0 .net "cin", 0 0, L_0x5591616647a0;  1 drivers
v0x559161645990_0 .net "clk", 0 0, v0x55916165bc30_0;  alias, 1 drivers
v0x559161645a80_0 .var "s", 0 0;
S_0x559161645c40 .scope module, "FA4" "FA" 3 55, 4 1 0, S_0x5591616441a0;
 .timescale -9 -12;
    .port_info 0 /INPUT 1 "clk"
    .port_info 1 /INPUT 1 "a"
    .port_info 2 /INPUT 1 "b"
    .port_info 3 /INPUT 1 "cin"
    .port_info 4 /OUTPUT 1 "s"
    .port_info 5 /OUTPUT 1 "c"
v0x559161645eb0_0 .net "a", 0 0, L_0x559161664870;  1 drivers
v0x559161645f90_0 .net "b", 0 0, L_0x559161664ac0;  1 drivers
v0x559161646050_0 .var "c", 0 0;
v0x5591616460f0_0 .net "cin", 0 0, L_0x559161664b90;  1 drivers
v0x5591616461b0_0 .net "clk", 0 0, v0x55916165bc30_0;  alias, 1 drivers
v0x5591616462a0_0 .var "s", 0 0;
S_0x559161646460 .scope module, "FA5" "FA" 3 56, 4 1 0, S_0x5591616441a0;
 .timescale -9 -12;
    .port_info 0 /INPUT 1 "clk"
    .port_info 1 /INPUT 1 "a"
    .port_info 2 /INPUT 1 "b"
    .port_info 3 /INPUT 1 "cin"
    .port_info 4 /OUTPUT 1 "s"
    .port_info 5 /OUTPUT 1 "c"
v0x559161646720_0 .net "a", 0 0, L_0x559161664ce0;  1 drivers
v0x559161646800_0 .net "b", 0 0, L_0x559161664db0;  1 drivers
v0x5591616468c0_0 .var "c", 0 0;
v0x559161646960_0 .net "cin", 0 0, L_0x559161665020;  1 drivers
v0x559161646a20_0 .net "clk", 0 0, v0x55916165bc30_0;  alias, 1 drivers
v0x559161646b10_0 .var "s", 0 0;
S_0x559161646cd0 .scope module, "FA6" "FA" 3 57, 4 1 0, S_0x5591616441a0;
 .timescale -9 -12;
    .port_info 0 /INPUT 1 "clk"
    .port_info 1 /INPUT 1 "a"
    .port_info 2 /INPUT 1 "b"
    .port_info 3 /INPUT 1 "cin"
    .port_info 4 /OUTPUT 1 "s"
    .port_info 5 /OUTPUT 1 "c"
v0x559161646f40_0 .net "a", 0 0, L_0x5591616650f0;  1 drivers
v0x559161647020_0 .net "b", 0 0, L_0x559161665260;  1 drivers
v0x5591616470e0_0 .var "c", 0 0;
v0x559161647180_0 .net "cin", 0 0, L_0x559161665330;  1 drivers
v0x559161647240_0 .net "clk", 0 0, v0x55916165bc30_0;  alias, 1 drivers
v0x559161647330_0 .var "s", 0 0;
S_0x5591616474f0 .scope module, "FA7" "FA" 3 58, 4 1 0, S_0x5591616441a0;
 .timescale -9 -12;
    .port_info 0 /INPUT 1 "clk"
    .port_info 1 /INPUT 1 "a"
    .port_info 2 /INPUT 1 "b"
    .port_info 3 /INPUT 1 "cin"
    .port_info 4 /OUTPUT 1 "s"
    .port_info 5 /OUTPUT 1 "c"
v0x559161647760_0 .net "a", 0 0, L_0x5591616651c0;  1 drivers
v0x559161647840_0 .net "b", 0 0, L_0x5591616654e0;  1 drivers
v0x559161647900_0 .var "c", 0 0;
v0x5591616479a0_0 .net "cin", 0 0, L_0x559161665670;  1 drivers
v0x559161647a60_0 .net "clk", 0 0, v0x55916165bc30_0;  alias, 1 drivers
v0x559161647b50_0 .var "s", 0 0;
S_0x559161647d10 .scope module, "HA1" "HA" 3 51, 5 2 0, S_0x5591616441a0;
 .timescale -9 -12;
    .port_info 0 /INPUT 1 "clk"
    .port_info 1 /INPUT 1 "a"
    .port_info 2 /INPUT 1 "b"
    .port_info 3 /OUTPUT 1 "s"
    .port_info 4 /OUTPUT 1 "c"
v0x559161647f60_0 .net "a", 0 0, L_0x559161663ef0;  1 drivers
v0x559161648040_0 .net "b", 0 0, L_0x559161663fc0;  1 drivers
v0x559161648100_0 .var "c", 0 0;
v0x5591616481a0_0 .net "clk", 0 0, v0x55916165bc30_0;  alias, 1 drivers
v0x559161648240_0 .var "s", 0 0;
S_0x5591616488d0 .scope module, "adder4" "adder" 3 28, 3 45 0, S_0x5591615e92d0;
 .timescale -9 -12;
    .port_info 0 /INPUT 1 "clk"
    .port_info 1 /INPUT 8 "a"
    .port_info 2 /INPUT 8 "b"
    .port_info 3 /OUTPUT 8 "sum"
v0x55916164cf20_0 .net "a", 7 0, L_0x559161665740;  alias, 1 drivers
v0x55916164d000_0 .net "b", 7 0, L_0x55916165faa0;  alias, 1 drivers
v0x55916164d0c0_0 .net "c", 7 0, L_0x5591616678a0;  1 drivers
v0x55916164d1b0_0 .net "clk", 0 0, v0x55916165bc30_0;  alias, 1 drivers
v0x55916164d250_0 .net "sum", 7 0, L_0x5591616675b0;  alias, 1 drivers
L_0x559161665d60 .part L_0x559161665740, 0, 1;
L_0x559161665e30 .part L_0x55916165faa0, 0, 1;
L_0x559161665f00 .part L_0x559161665740, 1, 1;
L_0x559161665fd0 .part L_0x55916165faa0, 1, 1;
L_0x5591616660d0 .part L_0x5591616678a0, 0, 1;
L_0x5591616661d0 .part L_0x559161665740, 2, 1;
L_0x5591616662e0 .part L_0x55916165faa0, 2, 1;
L_0x559161666380 .part L_0x5591616678a0, 1, 1;
L_0x5591616664a0 .part L_0x559161665740, 3, 1;
L_0x559161666540 .part L_0x55916165faa0, 3, 1;
L_0x559161666610 .part L_0x5591616678a0, 2, 1;
L_0x5591616666e0 .part L_0x559161665740, 4, 1;
L_0x559161666930 .part L_0x55916165faa0, 4, 1;
L_0x559161666a00 .part L_0x5591616678a0, 3, 1;
L_0x559161666b50 .part L_0x559161665740, 5, 1;
L_0x559161666c20 .part L_0x55916165faa0, 5, 1;
L_0x559161666e90 .part L_0x5591616678a0, 4, 1;
L_0x559161666f60 .part L_0x559161665740, 6, 1;
L_0x5591616670d0 .part L_0x55916165faa0, 6, 1;
L_0x5591616671a0 .part L_0x5591616678a0, 5, 1;
L_0x559161667030 .part L_0x559161665740, 7, 1;
L_0x559161667350 .part L_0x55916165faa0, 7, 1;
L_0x5591616674e0 .part L_0x5591616678a0, 6, 1;
LS_0x5591616675b0_0_0 .concat8 [ 1 1 1 1], v0x55916164cd70_0, v0x559161649150_0, v0x559161649970_0, v0x55916164a1a0_0;
LS_0x5591616675b0_0_4 .concat8 [ 1 1 1 1], v0x55916164a9c0_0, v0x55916164b230_0, v0x55916164be60_0, v0x55916164c680_0;
L_0x5591616675b0 .concat8 [ 4 4 0 0], LS_0x5591616675b0_0_0, LS_0x5591616675b0_0_4;
LS_0x5591616678a0_0_0 .concat8 [ 1 1 1 1], v0x55916164cc30_0, v0x559161648ed0_0, v0x559161649720_0, v0x559161649f20_0;
LS_0x5591616678a0_0_4 .concat8 [ 1 1 1 1], v0x55916164a770_0, v0x55916164afe0_0, v0x55916164b800_0, v0x55916164c430_0;
L_0x5591616678a0 .concat8 [ 4 4 0 0], LS_0x5591616678a0_0_0, LS_0x5591616678a0_0_4;
S_0x559161648aa0 .scope module, "FA1" "FA" 3 52, 4 1 0, S_0x5591616488d0;
 .timescale -9 -12;
    .port_info 0 /INPUT 1 "clk"
    .port_info 1 /INPUT 1 "a"
    .port_info 2 /INPUT 1 "b"
    .port_info 3 /INPUT 1 "cin"
    .port_info 4 /OUTPUT 1 "s"
    .port_info 5 /OUTPUT 1 "c"
v0x559161648d30_0 .net "a", 0 0, L_0x559161665f00;  1 drivers
v0x559161648e10_0 .net "b", 0 0, L_0x559161665fd0;  1 drivers
v0x559161648ed0_0 .var "c", 0 0;
v0x559161648fa0_0 .net "cin", 0 0, L_0x5591616660d0;  1 drivers
v0x559161649060_0 .net "clk", 0 0, v0x55916165bc30_0;  alias, 1 drivers
v0x559161649150_0 .var "s", 0 0;
S_0x559161649310 .scope module, "FA2" "FA" 3 53, 4 1 0, S_0x5591616488d0;
 .timescale -9 -12;
    .port_info 0 /INPUT 1 "clk"
    .port_info 1 /INPUT 1 "a"
    .port_info 2 /INPUT 1 "b"
    .port_info 3 /INPUT 1 "cin"
    .port_info 4 /OUTPUT 1 "s"
    .port_info 5 /OUTPUT 1 "c"
v0x5591616495a0_0 .net "a", 0 0, L_0x5591616661d0;  1 drivers
v0x559161649660_0 .net "b", 0 0, L_0x5591616662e0;  1 drivers
v0x559161649720_0 .var "c", 0 0;
v0x5591616497c0_0 .net "cin", 0 0, L_0x559161666380;  1 drivers
v0x559161649880_0 .net "clk", 0 0, v0x55916165bc30_0;  alias, 1 drivers
v0x559161649970_0 .var "s", 0 0;
S_0x559161649b30 .scope module, "FA3" "FA" 3 54, 4 1 0, S_0x5591616488d0;
 .timescale -9 -12;
    .port_info 0 /INPUT 1 "clk"
    .port_info 1 /INPUT 1 "a"
    .port_info 2 /INPUT 1 "b"
    .port_info 3 /INPUT 1 "cin"
    .port_info 4 /OUTPUT 1 "s"
    .port_info 5 /OUTPUT 1 "c"
v0x559161649da0_0 .net "a", 0 0, L_0x5591616664a0;  1 drivers
v0x559161649e60_0 .net "b", 0 0, L_0x559161666540;  1 drivers
v0x559161649f20_0 .var "c", 0 0;
v0x559161649ff0_0 .net "cin", 0 0, L_0x559161666610;  1 drivers
v0x55916164a0b0_0 .net "clk", 0 0, v0x55916165bc30_0;  alias, 1 drivers
v0x55916164a1a0_0 .var "s", 0 0;
S_0x55916164a360 .scope module, "FA4" "FA" 3 55, 4 1 0, S_0x5591616488d0;
 .timescale -9 -12;
    .port_info 0 /INPUT 1 "clk"
    .port_info 1 /INPUT 1 "a"
    .port_info 2 /INPUT 1 "b"
    .port_info 3 /INPUT 1 "cin"
    .port_info 4 /OUTPUT 1 "s"
    .port_info 5 /OUTPUT 1 "c"
v0x55916164a5d0_0 .net "a", 0 0, L_0x5591616666e0;  1 drivers
v0x55916164a6b0_0 .net "b", 0 0, L_0x559161666930;  1 drivers
v0x55916164a770_0 .var "c", 0 0;
v0x55916164a810_0 .net "cin", 0 0, L_0x559161666a00;  1 drivers
v0x55916164a8d0_0 .net "clk", 0 0, v0x55916165bc30_0;  alias, 1 drivers
v0x55916164a9c0_0 .var "s", 0 0;
S_0x55916164ab80 .scope module, "FA5" "FA" 3 56, 4 1 0, S_0x5591616488d0;
 .timescale -9 -12;
    .port_info 0 /INPUT 1 "clk"
    .port_info 1 /INPUT 1 "a"
    .port_info 2 /INPUT 1 "b"
    .port_info 3 /INPUT 1 "cin"
    .port_info 4 /OUTPUT 1 "s"
    .port_info 5 /OUTPUT 1 "c"
v0x55916164ae40_0 .net "a", 0 0, L_0x559161666b50;  1 drivers
v0x55916164af20_0 .net "b", 0 0, L_0x559161666c20;  1 drivers
v0x55916164afe0_0 .var "c", 0 0;
v0x55916164b080_0 .net "cin", 0 0, L_0x559161666e90;  1 drivers
v0x55916164b140_0 .net "clk", 0 0, v0x55916165bc30_0;  alias, 1 drivers
v0x55916164b230_0 .var "s", 0 0;
S_0x55916164b3f0 .scope module, "FA6" "FA" 3 57, 4 1 0, S_0x5591616488d0;
 .timescale -9 -12;
    .port_info 0 /INPUT 1 "clk"
    .port_info 1 /INPUT 1 "a"
    .port_info 2 /INPUT 1 "b"
    .port_info 3 /INPUT 1 "cin"
    .port_info 4 /OUTPUT 1 "s"
    .port_info 5 /OUTPUT 1 "c"
v0x55916164b660_0 .net "a", 0 0, L_0x559161666f60;  1 drivers
v0x55916164b740_0 .net "b", 0 0, L_0x5591616670d0;  1 drivers
v0x55916164b800_0 .var "c", 0 0;
v0x55916164b8a0_0 .net "cin", 0 0, L_0x5591616671a0;  1 drivers
v0x55916164b960_0 .net "clk", 0 0, v0x55916165bc30_0;  alias, 1 drivers
v0x55916164be60_0 .var "s", 0 0;
S_0x55916164c020 .scope module, "FA7" "FA" 3 58, 4 1 0, S_0x5591616488d0;
 .timescale -9 -12;
    .port_info 0 /INPUT 1 "clk"
    .port_info 1 /INPUT 1 "a"
    .port_info 2 /INPUT 1 "b"
    .port_info 3 /INPUT 1 "cin"
    .port_info 4 /OUTPUT 1 "s"
    .port_info 5 /OUTPUT 1 "c"
v0x55916164c290_0 .net "a", 0 0, L_0x559161667030;  1 drivers
v0x55916164c370_0 .net "b", 0 0, L_0x559161667350;  1 drivers
v0x55916164c430_0 .var "c", 0 0;
v0x55916164c4d0_0 .net "cin", 0 0, L_0x5591616674e0;  1 drivers
v0x55916164c590_0 .net "clk", 0 0, v0x55916165bc30_0;  alias, 1 drivers
v0x55916164c680_0 .var "s", 0 0;
S_0x55916164c840 .scope module, "HA1" "HA" 3 51, 5 2 0, S_0x5591616488d0;
 .timescale -9 -12;
    .port_info 0 /INPUT 1 "clk"
    .port_info 1 /INPUT 1 "a"
    .port_info 2 /INPUT 1 "b"
    .port_info 3 /OUTPUT 1 "s"
    .port_info 4 /OUTPUT 1 "c"
v0x55916164ca90_0 .net "a", 0 0, L_0x559161665d60;  1 drivers
v0x55916164cb70_0 .net "b", 0 0, L_0x559161665e30;  1 drivers
v0x55916164cc30_0 .var "c", 0 0;
v0x55916164ccd0_0 .net "clk", 0 0, v0x55916165bc30_0;  alias, 1 drivers
v0x55916164cd70_0 .var "s", 0 0;
S_0x55916164d400 .scope module, "adder5" "adder" 3 29, 3 45 0, S_0x5591615e92d0;
 .timescale -9 -12;
    .port_info 0 /INPUT 1 "clk"
    .port_info 1 /INPUT 8 "a"
    .port_info 2 /INPUT 8 "b"
    .port_info 3 /OUTPUT 8 "sum"
v0x559161651660_0 .net "a", 7 0, L_0x5591616675b0;  alias, 1 drivers
v0x559161651740_0 .net "b", 7 0, L_0x55916165fe60;  alias, 1 drivers
v0x559161651800_0 .net "c", 7 0, L_0x559161669710;  1 drivers
v0x5591616518f0_0 .net "clk", 0 0, v0x55916165bc30_0;  alias, 1 drivers
v0x559161651990_0 .net "sum", 7 0, L_0x559161669420;  alias, 1 drivers
L_0x559161667bd0 .part L_0x5591616675b0, 0, 1;
L_0x559161667ca0 .part L_0x55916165fe60, 0, 1;
L_0x559161667d70 .part L_0x5591616675b0, 1, 1;
L_0x559161667e40 .part L_0x55916165fe60, 1, 1;
L_0x559161667f40 .part L_0x559161669710, 0, 1;
L_0x559161668040 .part L_0x5591616675b0, 2, 1;
L_0x559161668150 .part L_0x55916165fe60, 2, 1;
L_0x5591616681f0 .part L_0x559161669710, 1, 1;
L_0x559161668310 .part L_0x5591616675b0, 3, 1;
L_0x5591616683b0 .part L_0x55916165fe60, 3, 1;
L_0x559161668480 .part L_0x559161669710, 2, 1;
L_0x559161668550 .part L_0x5591616675b0, 4, 1;
L_0x5591616687a0 .part L_0x55916165fe60, 4, 1;
L_0x559161668870 .part L_0x559161669710, 3, 1;
L_0x5591616689c0 .part L_0x5591616675b0, 5, 1;
L_0x559161668a90 .part L_0x55916165fe60, 5, 1;
L_0x559161668d00 .part L_0x559161669710, 4, 1;
L_0x559161668dd0 .part L_0x5591616675b0, 6, 1;
L_0x559161668f40 .part L_0x55916165fe60, 6, 1;
L_0x559161669010 .part L_0x559161669710, 5, 1;
L_0x559161668ea0 .part L_0x5591616675b0, 7, 1;
L_0x5591616691c0 .part L_0x55916165fe60, 7, 1;
L_0x559161669350 .part L_0x559161669710, 6, 1;
LS_0x559161669420_0_0 .concat8 [ 1 1 1 1], v0x5591616514b0_0, v0x55916164dca0_0, v0x55916164e4c0_0, v0x55916164ecf0_0;
LS_0x559161669420_0_4 .concat8 [ 1 1 1 1], v0x55916164f510_0, v0x55916164fd80_0, v0x5591616505a0_0, v0x559161650dc0_0;
L_0x559161669420 .concat8 [ 4 4 0 0], LS_0x559161669420_0_0, LS_0x559161669420_0_4;
LS_0x559161669710_0_0 .concat8 [ 1 1 1 1], v0x559161651370_0, v0x55916164da50_0, v0x55916164e270_0, v0x55916164ea70_0;
LS_0x559161669710_0_4 .concat8 [ 1 1 1 1], v0x55916164f2c0_0, v0x55916164fb30_0, v0x559161650350_0, v0x559161650b70_0;
L_0x559161669710 .concat8 [ 4 4 0 0], LS_0x559161669710_0_0, LS_0x559161669710_0_4;
S_0x55916164d620 .scope module, "FA1" "FA" 3 52, 4 1 0, S_0x55916164d400;
 .timescale -9 -12;
    .port_info 0 /INPUT 1 "clk"
    .port_info 1 /INPUT 1 "a"
    .port_info 2 /INPUT 1 "b"
    .port_info 3 /INPUT 1 "cin"
    .port_info 4 /OUTPUT 1 "s"
    .port_info 5 /OUTPUT 1 "c"
v0x55916164d8b0_0 .net "a", 0 0, L_0x559161667d70;  1 drivers
v0x55916164d990_0 .net "b", 0 0, L_0x559161667e40;  1 drivers
v0x55916164da50_0 .var "c", 0 0;
v0x55916164daf0_0 .net "cin", 0 0, L_0x559161667f40;  1 drivers
v0x55916164dbb0_0 .net "clk", 0 0, v0x55916165bc30_0;  alias, 1 drivers
v0x55916164dca0_0 .var "s", 0 0;
S_0x55916164de60 .scope module, "FA2" "FA" 3 53, 4 1 0, S_0x55916164d400;
 .timescale -9 -12;
    .port_info 0 /INPUT 1 "clk"
    .port_info 1 /INPUT 1 "a"
    .port_info 2 /INPUT 1 "b"
    .port_info 3 /INPUT 1 "cin"
    .port_info 4 /OUTPUT 1 "s"
    .port_info 5 /OUTPUT 1 "c"
v0x55916164e0f0_0 .net "a", 0 0, L_0x559161668040;  1 drivers
v0x55916164e1b0_0 .net "b", 0 0, L_0x559161668150;  1 drivers
v0x55916164e270_0 .var "c", 0 0;
v0x55916164e310_0 .net "cin", 0 0, L_0x5591616681f0;  1 drivers
v0x55916164e3d0_0 .net "clk", 0 0, v0x55916165bc30_0;  alias, 1 drivers
v0x55916164e4c0_0 .var "s", 0 0;
S_0x55916164e680 .scope module, "FA3" "FA" 3 54, 4 1 0, S_0x55916164d400;
 .timescale -9 -12;
    .port_info 0 /INPUT 1 "clk"
    .port_info 1 /INPUT 1 "a"
    .port_info 2 /INPUT 1 "b"
    .port_info 3 /INPUT 1 "cin"
    .port_info 4 /OUTPUT 1 "s"
    .port_info 5 /OUTPUT 1 "c"
v0x55916164e8f0_0 .net "a", 0 0, L_0x559161668310;  1 drivers
v0x55916164e9b0_0 .net "b", 0 0, L_0x5591616683b0;  1 drivers
v0x55916164ea70_0 .var "c", 0 0;
v0x55916164eb40_0 .net "cin", 0 0, L_0x559161668480;  1 drivers
v0x55916164ec00_0 .net "clk", 0 0, v0x55916165bc30_0;  alias, 1 drivers
v0x55916164ecf0_0 .var "s", 0 0;
S_0x55916164eeb0 .scope module, "FA4" "FA" 3 55, 4 1 0, S_0x55916164d400;
 .timescale -9 -12;
    .port_info 0 /INPUT 1 "clk"
    .port_info 1 /INPUT 1 "a"
    .port_info 2 /INPUT 1 "b"
    .port_info 3 /INPUT 1 "cin"
    .port_info 4 /OUTPUT 1 "s"
    .port_info 5 /OUTPUT 1 "c"
v0x55916164f120_0 .net "a", 0 0, L_0x559161668550;  1 drivers
v0x55916164f200_0 .net "b", 0 0, L_0x5591616687a0;  1 drivers
v0x55916164f2c0_0 .var "c", 0 0;
v0x55916164f360_0 .net "cin", 0 0, L_0x559161668870;  1 drivers
v0x55916164f420_0 .net "clk", 0 0, v0x55916165bc30_0;  alias, 1 drivers
v0x55916164f510_0 .var "s", 0 0;
S_0x55916164f6d0 .scope module, "FA5" "FA" 3 56, 4 1 0, S_0x55916164d400;
 .timescale -9 -12;
    .port_info 0 /INPUT 1 "clk"
    .port_info 1 /INPUT 1 "a"
    .port_info 2 /INPUT 1 "b"
    .port_info 3 /INPUT 1 "cin"
    .port_info 4 /OUTPUT 1 "s"
    .port_info 5 /OUTPUT 1 "c"
v0x55916164f990_0 .net "a", 0 0, L_0x5591616689c0;  1 drivers
v0x55916164fa70_0 .net "b", 0 0, L_0x559161668a90;  1 drivers
v0x55916164fb30_0 .var "c", 0 0;
v0x55916164fbd0_0 .net "cin", 0 0, L_0x559161668d00;  1 drivers
v0x55916164fc90_0 .net "clk", 0 0, v0x55916165bc30_0;  alias, 1 drivers
v0x55916164fd80_0 .var "s", 0 0;
S_0x55916164ff40 .scope module, "FA6" "FA" 3 57, 4 1 0, S_0x55916164d400;
 .timescale -9 -12;
    .port_info 0 /INPUT 1 "clk"
    .port_info 1 /INPUT 1 "a"
    .port_info 2 /INPUT 1 "b"
    .port_info 3 /INPUT 1 "cin"
    .port_info 4 /OUTPUT 1 "s"
    .port_info 5 /OUTPUT 1 "c"
v0x5591616501b0_0 .net "a", 0 0, L_0x559161668dd0;  1 drivers
v0x559161650290_0 .net "b", 0 0, L_0x559161668f40;  1 drivers
v0x559161650350_0 .var "c", 0 0;
v0x5591616503f0_0 .net "cin", 0 0, L_0x559161669010;  1 drivers
v0x5591616504b0_0 .net "clk", 0 0, v0x55916165bc30_0;  alias, 1 drivers
v0x5591616505a0_0 .var "s", 0 0;
S_0x559161650760 .scope module, "FA7" "FA" 3 58, 4 1 0, S_0x55916164d400;
 .timescale -9 -12;
    .port_info 0 /INPUT 1 "clk"
    .port_info 1 /INPUT 1 "a"
    .port_info 2 /INPUT 1 "b"
    .port_info 3 /INPUT 1 "cin"
    .port_info 4 /OUTPUT 1 "s"
    .port_info 5 /OUTPUT 1 "c"
v0x5591616509d0_0 .net "a", 0 0, L_0x559161668ea0;  1 drivers
v0x559161650ab0_0 .net "b", 0 0, L_0x5591616691c0;  1 drivers
v0x559161650b70_0 .var "c", 0 0;
v0x559161650c10_0 .net "cin", 0 0, L_0x559161669350;  1 drivers
v0x559161650cd0_0 .net "clk", 0 0, v0x55916165bc30_0;  alias, 1 drivers
v0x559161650dc0_0 .var "s", 0 0;
S_0x559161650f80 .scope module, "HA1" "HA" 3 51, 5 2 0, S_0x55916164d400;
 .timescale -9 -12;
    .port_info 0 /INPUT 1 "clk"
    .port_info 1 /INPUT 1 "a"
    .port_info 2 /INPUT 1 "b"
    .port_info 3 /OUTPUT 1 "s"
    .port_info 4 /OUTPUT 1 "c"
v0x5591616511d0_0 .net "a", 0 0, L_0x559161667bd0;  1 drivers
v0x5591616512b0_0 .net "b", 0 0, L_0x559161667ca0;  1 drivers
v0x559161651370_0 .var "c", 0 0;
v0x559161651410_0 .net "clk", 0 0, v0x55916165bc30_0;  alias, 1 drivers
v0x5591616514b0_0 .var "s", 0 0;
S_0x559161651b40 .scope module, "adder6" "adder" 3 30, 3 45 0, S_0x5591615e92d0;
 .timescale -9 -12;
    .port_info 0 /INPUT 1 "clk"
    .port_info 1 /INPUT 8 "a"
    .port_info 2 /INPUT 8 "b"
    .port_info 3 /OUTPUT 8 "sum"
v0x559161655d80_0 .net "a", 7 0, L_0x559161669420;  alias, 1 drivers
v0x559161655e60_0 .net "b", 7 0, L_0x559161660290;  alias, 1 drivers
v0x559161655f20_0 .net "c", 7 0, L_0x55916166b4f0;  1 drivers
v0x559161656010_0 .net "clk", 0 0, v0x55916165bc30_0;  alias, 1 drivers
v0x5591616560b0_0 .net "sum", 7 0, L_0x55916166b200;  alias, 1 drivers
L_0x5591616699b0 .part L_0x559161669420, 0, 1;
L_0x559161669a80 .part L_0x559161660290, 0, 1;
L_0x559161669b50 .part L_0x559161669420, 1, 1;
L_0x559161669c20 .part L_0x559161660290, 1, 1;
L_0x559161669d20 .part L_0x55916166b4f0, 0, 1;
L_0x559161669e20 .part L_0x559161669420, 2, 1;
L_0x559161669f30 .part L_0x559161660290, 2, 1;
L_0x559161669fd0 .part L_0x55916166b4f0, 1, 1;
L_0x55916166a0f0 .part L_0x559161669420, 3, 1;
L_0x55916166a190 .part L_0x559161660290, 3, 1;
L_0x55916166a260 .part L_0x55916166b4f0, 2, 1;
L_0x55916166a330 .part L_0x559161669420, 4, 1;
L_0x55916166a580 .part L_0x559161660290, 4, 1;
L_0x55916166a650 .part L_0x55916166b4f0, 3, 1;
L_0x55916166a7a0 .part L_0x559161669420, 5, 1;
L_0x55916166a870 .part L_0x559161660290, 5, 1;
L_0x55916166aae0 .part L_0x55916166b4f0, 4, 1;
L_0x55916166abb0 .part L_0x559161669420, 6, 1;
L_0x55916166ad20 .part L_0x559161660290, 6, 1;
L_0x55916166adf0 .part L_0x55916166b4f0, 5, 1;
L_0x55916166ac80 .part L_0x559161669420, 7, 1;
L_0x55916166afa0 .part L_0x559161660290, 7, 1;
L_0x55916166b130 .part L_0x55916166b4f0, 6, 1;
LS_0x55916166b200_0_0 .concat8 [ 1 1 1 1], v0x559161655bd0_0, v0x5591616523c0_0, v0x559161652be0_0, v0x559161653410_0;
LS_0x55916166b200_0_4 .concat8 [ 1 1 1 1], v0x559161653c30_0, v0x5591616544a0_0, v0x559161654cc0_0, v0x5591616554e0_0;
L_0x55916166b200 .concat8 [ 4 4 0 0], LS_0x55916166b200_0_0, LS_0x55916166b200_0_4;
LS_0x55916166b4f0_0_0 .concat8 [ 1 1 1 1], v0x559161655a90_0, v0x559161652140_0, v0x559161652990_0, v0x559161653190_0;
LS_0x55916166b4f0_0_4 .concat8 [ 1 1 1 1], v0x5591616539e0_0, v0x559161654250_0, v0x559161654a70_0, v0x559161655290_0;
L_0x55916166b4f0 .concat8 [ 4 4 0 0], LS_0x55916166b4f0_0_0, LS_0x55916166b4f0_0_4;
S_0x559161651d10 .scope module, "FA1" "FA" 3 52, 4 1 0, S_0x559161651b40;
 .timescale -9 -12;
    .port_info 0 /INPUT 1 "clk"
    .port_info 1 /INPUT 1 "a"
    .port_info 2 /INPUT 1 "b"
    .port_info 3 /INPUT 1 "cin"
    .port_info 4 /OUTPUT 1 "s"
    .port_info 5 /OUTPUT 1 "c"
v0x559161651fa0_0 .net "a", 0 0, L_0x559161669b50;  1 drivers
v0x559161652080_0 .net "b", 0 0, L_0x559161669c20;  1 drivers
v0x559161652140_0 .var "c", 0 0;
v0x559161652210_0 .net "cin", 0 0, L_0x559161669d20;  1 drivers
v0x5591616522d0_0 .net "clk", 0 0, v0x55916165bc30_0;  alias, 1 drivers
v0x5591616523c0_0 .var "s", 0 0;
S_0x559161652580 .scope module, "FA2" "FA" 3 53, 4 1 0, S_0x559161651b40;
 .timescale -9 -12;
    .port_info 0 /INPUT 1 "clk"
    .port_info 1 /INPUT 1 "a"
    .port_info 2 /INPUT 1 "b"
    .port_info 3 /INPUT 1 "cin"
    .port_info 4 /OUTPUT 1 "s"
    .port_info 5 /OUTPUT 1 "c"
v0x559161652810_0 .net "a", 0 0, L_0x559161669e20;  1 drivers
v0x5591616528d0_0 .net "b", 0 0, L_0x559161669f30;  1 drivers
v0x559161652990_0 .var "c", 0 0;
v0x559161652a30_0 .net "cin", 0 0, L_0x559161669fd0;  1 drivers
v0x559161652af0_0 .net "clk", 0 0, v0x55916165bc30_0;  alias, 1 drivers
v0x559161652be0_0 .var "s", 0 0;
S_0x559161652da0 .scope module, "FA3" "FA" 3 54, 4 1 0, S_0x559161651b40;
 .timescale -9 -12;
    .port_info 0 /INPUT 1 "clk"
    .port_info 1 /INPUT 1 "a"
    .port_info 2 /INPUT 1 "b"
    .port_info 3 /INPUT 1 "cin"
    .port_info 4 /OUTPUT 1 "s"
    .port_info 5 /OUTPUT 1 "c"
v0x559161653010_0 .net "a", 0 0, L_0x55916166a0f0;  1 drivers
v0x5591616530d0_0 .net "b", 0 0, L_0x55916166a190;  1 drivers
v0x559161653190_0 .var "c", 0 0;
v0x559161653260_0 .net "cin", 0 0, L_0x55916166a260;  1 drivers
v0x559161653320_0 .net "clk", 0 0, v0x55916165bc30_0;  alias, 1 drivers
v0x559161653410_0 .var "s", 0 0;
S_0x5591616535d0 .scope module, "FA4" "FA" 3 55, 4 1 0, S_0x559161651b40;
 .timescale -9 -12;
    .port_info 0 /INPUT 1 "clk"
    .port_info 1 /INPUT 1 "a"
    .port_info 2 /INPUT 1 "b"
    .port_info 3 /INPUT 1 "cin"
    .port_info 4 /OUTPUT 1 "s"
    .port_info 5 /OUTPUT 1 "c"
v0x559161653840_0 .net "a", 0 0, L_0x55916166a330;  1 drivers
v0x559161653920_0 .net "b", 0 0, L_0x55916166a580;  1 drivers
v0x5591616539e0_0 .var "c", 0 0;
v0x559161653a80_0 .net "cin", 0 0, L_0x55916166a650;  1 drivers
v0x559161653b40_0 .net "clk", 0 0, v0x55916165bc30_0;  alias, 1 drivers
v0x559161653c30_0 .var "s", 0 0;
S_0x559161653df0 .scope module, "FA5" "FA" 3 56, 4 1 0, S_0x559161651b40;
 .timescale -9 -12;
    .port_info 0 /INPUT 1 "clk"
    .port_info 1 /INPUT 1 "a"
    .port_info 2 /INPUT 1 "b"
    .port_info 3 /INPUT 1 "cin"
    .port_info 4 /OUTPUT 1 "s"
    .port_info 5 /OUTPUT 1 "c"
v0x5591616540b0_0 .net "a", 0 0, L_0x55916166a7a0;  1 drivers
v0x559161654190_0 .net "b", 0 0, L_0x55916166a870;  1 drivers
v0x559161654250_0 .var "c", 0 0;
v0x5591616542f0_0 .net "cin", 0 0, L_0x55916166aae0;  1 drivers
v0x5591616543b0_0 .net "clk", 0 0, v0x55916165bc30_0;  alias, 1 drivers
v0x5591616544a0_0 .var "s", 0 0;
S_0x559161654660 .scope module, "FA6" "FA" 3 57, 4 1 0, S_0x559161651b40;
 .timescale -9 -12;
    .port_info 0 /INPUT 1 "clk"
    .port_info 1 /INPUT 1 "a"
    .port_info 2 /INPUT 1 "b"
    .port_info 3 /INPUT 1 "cin"
    .port_info 4 /OUTPUT 1 "s"
    .port_info 5 /OUTPUT 1 "c"
v0x5591616548d0_0 .net "a", 0 0, L_0x55916166abb0;  1 drivers
v0x5591616549b0_0 .net "b", 0 0, L_0x55916166ad20;  1 drivers
v0x559161654a70_0 .var "c", 0 0;
v0x559161654b10_0 .net "cin", 0 0, L_0x55916166adf0;  1 drivers
v0x559161654bd0_0 .net "clk", 0 0, v0x55916165bc30_0;  alias, 1 drivers
v0x559161654cc0_0 .var "s", 0 0;
S_0x559161654e80 .scope module, "FA7" "FA" 3 58, 4 1 0, S_0x559161651b40;
 .timescale -9 -12;
    .port_info 0 /INPUT 1 "clk"
    .port_info 1 /INPUT 1 "a"
    .port_info 2 /INPUT 1 "b"
    .port_info 3 /INPUT 1 "cin"
    .port_info 4 /OUTPUT 1 "s"
    .port_info 5 /OUTPUT 1 "c"
v0x5591616550f0_0 .net "a", 0 0, L_0x55916166ac80;  1 drivers
v0x5591616551d0_0 .net "b", 0 0, L_0x55916166afa0;  1 drivers
v0x559161655290_0 .var "c", 0 0;
v0x559161655330_0 .net "cin", 0 0, L_0x55916166b130;  1 drivers
v0x5591616553f0_0 .net "clk", 0 0, v0x55916165bc30_0;  alias, 1 drivers
v0x5591616554e0_0 .var "s", 0 0;
S_0x5591616556a0 .scope module, "HA1" "HA" 3 51, 5 2 0, S_0x559161651b40;
 .timescale -9 -12;
    .port_info 0 /INPUT 1 "clk"
    .port_info 1 /INPUT 1 "a"
    .port_info 2 /INPUT 1 "b"
    .port_info 3 /OUTPUT 1 "s"
    .port_info 4 /OUTPUT 1 "c"
v0x5591616558f0_0 .net "a", 0 0, L_0x5591616699b0;  1 drivers
v0x5591616559d0_0 .net "b", 0 0, L_0x559161669a80;  1 drivers
v0x559161655a90_0 .var "c", 0 0;
v0x559161655b30_0 .net "clk", 0 0, v0x55916165bc30_0;  alias, 1 drivers
v0x559161655bd0_0 .var "s", 0 0;
S_0x559161656260 .scope module, "and0" "arrand" 3 12, 3 34 0, S_0x5591615e92d0;
 .timescale -9 -12;
    .port_info 0 /INPUT 4 "a"
    .port_info 1 /INPUT 1 "b"
    .port_info 2 /OUTPUT 4 "ab"
L_0x559161636630 .functor AND 1, L_0x55916165c390, L_0x55916165cba0, C4<1>, C4<1>;
L_0x55916165c540 .functor AND 1, L_0x55916165c4a0, L_0x55916165cba0, C4<1>, C4<1>;
L_0x55916165c6f0 .functor AND 1, L_0x55916165c650, L_0x55916165cba0, C4<1>, C4<1>;
L_0x55916165ca60 .functor AND 1, L_0x55916165c9c0, L_0x55916165cba0, C4<1>, C4<1>;
v0x5591616564a0_0 .net *"_s10", 0 0, L_0x55916165c540;  1 drivers
v0x5591616565a0_0 .net *"_s15", 0 0, L_0x55916165c650;  1 drivers
v0x559161656680_0 .net *"_s16", 0 0, L_0x55916165c6f0;  1 drivers
v0x559161656740_0 .net *"_s22", 0 0, L_0x55916165c9c0;  1 drivers
v0x559161656820_0 .net *"_s23", 0 0, L_0x55916165ca60;  1 drivers
v0x559161656950_0 .net *"_s3", 0 0, L_0x55916165c390;  1 drivers
v0x559161656a30_0 .net *"_s4", 0 0, L_0x559161636630;  1 drivers
v0x559161656b10_0 .net *"_s9", 0 0, L_0x55916165c4a0;  1 drivers
v0x559161656bf0_0 .net "a", 3 0, v0x55916165bad0_0;  alias, 1 drivers
v0x559161656cd0_0 .net "ab", 3 0, L_0x55916165c7b0;  alias, 1 drivers
v0x559161656db0_0 .net "b", 0 0, L_0x55916165cba0;  1 drivers
L_0x55916165c390 .part v0x55916165bad0_0, 0, 1;
L_0x55916165c4a0 .part v0x55916165bad0_0, 1, 1;
L_0x55916165c650 .part v0x55916165bad0_0, 2, 1;
L_0x55916165c7b0 .concat8 [ 1 1 1 1], L_0x559161636630, L_0x55916165c540, L_0x55916165c6f0, L_0x55916165ca60;
L_0x55916165c9c0 .part v0x55916165bad0_0, 3, 1;
S_0x559161656ef0 .scope module, "and1" "arrand" 3 13, 3 34 0, S_0x5591615e92d0;
 .timescale -9 -12;
    .port_info 0 /INPUT 4 "a"
    .port_info 1 /INPUT 1 "b"
    .port_info 2 /OUTPUT 4 "ab"
L_0x55916165cce0 .functor AND 1, L_0x55916165cc40, L_0x55916165d530, C4<1>, C4<1>;
L_0x55916165ce40 .functor AND 1, L_0x55916165cda0, L_0x55916165d530, C4<1>, C4<1>;
L_0x55916165cff0 .functor AND 1, L_0x55916165cf50, L_0x55916165d530, C4<1>, C4<1>;
L_0x55916165d360 .functor AND 1, L_0x55916165d2c0, L_0x55916165d530, C4<1>, C4<1>;
v0x5591616570c0_0 .net *"_s10", 0 0, L_0x55916165ce40;  1 drivers
v0x5591616571c0_0 .net *"_s15", 0 0, L_0x55916165cf50;  1 drivers
v0x5591616572a0_0 .net *"_s16", 0 0, L_0x55916165cff0;  1 drivers
v0x559161657360_0 .net *"_s22", 0 0, L_0x55916165d2c0;  1 drivers
v0x559161657440_0 .net *"_s23", 0 0, L_0x55916165d360;  1 drivers
v0x559161657570_0 .net *"_s3", 0 0, L_0x55916165cc40;  1 drivers
v0x559161657650_0 .net *"_s4", 0 0, L_0x55916165cce0;  1 drivers
v0x559161657730_0 .net *"_s9", 0 0, L_0x55916165cda0;  1 drivers
v0x559161657810_0 .net "a", 3 0, v0x55916165bad0_0;  alias, 1 drivers
v0x559161657960_0 .net "ab", 3 0, L_0x55916165d0b0;  alias, 1 drivers
v0x559161657a20_0 .net "b", 0 0, L_0x55916165d530;  1 drivers
L_0x55916165cc40 .part v0x55916165bad0_0, 0, 1;
L_0x55916165cda0 .part v0x55916165bad0_0, 1, 1;
L_0x55916165cf50 .part v0x55916165bad0_0, 2, 1;
L_0x55916165d0b0 .concat8 [ 1 1 1 1], L_0x55916165cce0, L_0x55916165ce40, L_0x55916165cff0, L_0x55916165d360;
L_0x55916165d2c0 .part v0x55916165bad0_0, 3, 1;
S_0x559161657b60 .scope module, "and2" "arrand" 3 14, 3 34 0, S_0x5591615e92d0;
 .timescale -9 -12;
    .port_info 0 /INPUT 4 "a"
    .port_info 1 /INPUT 1 "b"
    .port_info 2 /OUTPUT 4 "ab"
L_0x55916165d670 .functor AND 1, L_0x55916165d5d0, L_0x55916165e080, C4<1>, C4<1>;
L_0x55916165d780 .functor AND 1, L_0x55916165d6e0, L_0x55916165e080, C4<1>, C4<1>;
L_0x55916165db40 .functor AND 1, L_0x55916165d890, L_0x55916165e080, C4<1>, C4<1>;
L_0x55916165deb0 .functor AND 1, L_0x55916165de10, L_0x55916165e080, C4<1>, C4<1>;
v0x559161657d70_0 .net *"_s10", 0 0, L_0x55916165d780;  1 drivers
v0x559161657e70_0 .net *"_s15", 0 0, L_0x55916165d890;  1 drivers
v0x559161657f50_0 .net *"_s16", 0 0, L_0x55916165db40;  1 drivers
v0x559161658040_0 .net *"_s22", 0 0, L_0x55916165de10;  1 drivers
v0x559161658120_0 .net *"_s23", 0 0, L_0x55916165deb0;  1 drivers
v0x559161658250_0 .net *"_s3", 0 0, L_0x55916165d5d0;  1 drivers
v0x559161658330_0 .net *"_s4", 0 0, L_0x55916165d670;  1 drivers
v0x559161658410_0 .net *"_s9", 0 0, L_0x55916165d6e0;  1 drivers
v0x5591616584f0_0 .net "a", 3 0, v0x55916165bad0_0;  alias, 1 drivers
v0x559161658640_0 .net "ab", 3 0, L_0x55916165dc00;  alias, 1 drivers
v0x559161658720_0 .net "b", 0 0, L_0x55916165e080;  1 drivers
L_0x55916165d5d0 .part v0x55916165bad0_0, 0, 1;
L_0x55916165d6e0 .part v0x55916165bad0_0, 1, 1;
L_0x55916165d890 .part v0x55916165bad0_0, 2, 1;
L_0x55916165dc00 .concat8 [ 1 1 1 1], L_0x55916165d670, L_0x55916165d780, L_0x55916165db40, L_0x55916165deb0;
L_0x55916165de10 .part v0x55916165bad0_0, 3, 1;
S_0x559161658860 .scope module, "and3" "arrand" 3 15, 3 34 0, S_0x5591615e92d0;
 .timescale -9 -12;
    .port_info 0 /INPUT 4 "a"
    .port_info 1 /INPUT 1 "b"
    .port_info 2 /OUTPUT 4 "ab"
L_0x55916165e250 .functor AND 1, L_0x55916165e1b0, L_0x55916165ea00, C4<1>, C4<1>;
L_0x55916165e360 .functor AND 1, L_0x55916165e2c0, L_0x55916165ea00, C4<1>, C4<1>;
L_0x55916165e4c0 .functor AND 1, L_0x55916165e420, L_0x55916165ea00, C4<1>, C4<1>;
L_0x55916165e830 .functor AND 1, L_0x55916165e790, L_0x55916165ea00, C4<1>, C4<1>;
v0x559161658a80_0 .net *"_s10", 0 0, L_0x55916165e360;  1 drivers
v0x559161658b80_0 .net *"_s15", 0 0, L_0x55916165e420;  1 drivers
v0x559161658c60_0 .net *"_s16", 0 0, L_0x55916165e4c0;  1 drivers
v0x559161658d20_0 .net *"_s22", 0 0, L_0x55916165e790;  1 drivers
v0x559161658e00_0 .net *"_s23", 0 0, L_0x55916165e830;  1 drivers
v0x559161658f30_0 .net *"_s3", 0 0, L_0x55916165e1b0;  1 drivers
v0x559161659010_0 .net *"_s4", 0 0, L_0x55916165e250;  1 drivers
v0x5591616590f0_0 .net *"_s9", 0 0, L_0x55916165e2c0;  1 drivers
v0x5591616591d0_0 .net "a", 3 0, v0x55916165bad0_0;  alias, 1 drivers
v0x559161659320_0 .net "ab", 3 0, L_0x55916165e580;  alias, 1 drivers
v0x559161659400_0 .net "b", 0 0, L_0x55916165ea00;  1 drivers
L_0x55916165e1b0 .part v0x55916165bad0_0, 0, 1;
L_0x55916165e2c0 .part v0x55916165bad0_0, 1, 1;
L_0x55916165e420 .part v0x55916165bad0_0, 2, 1;
L_0x55916165e580 .concat8 [ 1 1 1 1], L_0x55916165e250, L_0x55916165e360, L_0x55916165e4c0, L_0x55916165e830;
L_0x55916165e790 .part v0x55916165bad0_0, 3, 1;
S_0x55916165b720 .scope task, "pattern" "pattern" 2 55, 2 55 0, S_0x5591615f3a00;
 .timescale -9 -12;
TD_tb.pattern ;
    %vpi_func 2 57 "$random" 32 {0 0 0};
    %pushi/vec4 16, 0, 32;
    %mod;
    %pad/u 4;
    %assign/vec4 v0x55916165bad0_0, 0;
    %vpi_func 2 58 "$random" 32 {0 0 0};
    %pushi/vec4 16, 0, 32;
    %mod;
    %pad/u 4;
    %assign/vec4 v0x55916165bb70_0, 0;
    %load/vec4 v0x55916165c110_0;
    %addi 1, 0, 4;
    %assign/vec4 v0x55916165c110_0, 0;
    %pushi/vec4 0, 0, 32;
    %store/vec4 v0x55916165bfa0_0, 0, 32;
T_0.0 ;
    %load/vec4 v0x55916165bfa0_0;
    %cmpi/s 16, 0, 32;
    %jmp/0xz T_0.1, 5;
    %wait E_0x5591615974f0;
    %load/vec4 v0x55916165c1f0_0;
    %load/vec4 v0x55916165bde0_0;
    %cmp/ne;
    %jmp/0xz  T_0.2, 6;
    %load/vec4 v0x55916165bd20_0;
    %addi 1, 0, 4;
    %assign/vec4 v0x55916165bd20_0, 0;
    %jmp T_0.3;
T_0.2 ;
    %load/vec4 v0x55916165bd20_0;
    %assign/vec4 v0x55916165bd20_0, 0;
T_0.3 ;
    %load/vec4 v0x55916165bfa0_0;
    %addi 1, 0, 32;
    %store/vec4 v0x55916165bfa0_0, 0, 32;
    %jmp T_0.0;
T_0.1 ;
    %vpi_call 2 68 "$display", "=============================" {0 0 0};
    %load/vec4 v0x55916165c1f0_0;
    %load/vec4 v0x55916165bde0_0;
    %cmp/e;
    %jmp/0xz  T_0.4, 4;
    %vpi_call 2 70 "$display", "Test  %d  Successful", v0x55916165c110_0 {0 0 0};
    %load/vec4 v0x55916165c2b0_0;
    %addi 1, 0, 4;
    %assign/vec4 v0x55916165c2b0_0, 0;
    %jmp T_0.5;
T_0.4 ;
    %vpi_call 2 74 "$display", "Test  %d  Fail", v0x55916165c110_0 {0 0 0};
    %load/vec4 v0x55916165c2b0_0;
    %assign/vec4 v0x55916165c2b0_0, 0;
T_0.5 ;
    %vpi_call 2 77 "$display", "Cycles    %d", v0x55916165bd20_0 {0 0 0};
    %vpi_call 2 78 "$display", "%d    x   %d", v0x55916165bad0_0, v0x55916165bb70_0 {0 0 0};
    %vpi_call 2 79 "$display", "Correct answer:   %d", v0x55916165bde0_0 {0 0 0};
    %vpi_call 2 80 "$display", "Your answer:      %d", v0x55916165c1f0_0 {0 0 0};
    %pushi/vec4 0, 0, 4;
    %assign/vec4 v0x55916165bd20_0, 0;
    %wait E_0x5591615974f0;
    %end;
    .scope S_0x55916163ecd0;
T_1 ;
    %wait E_0x5591615974f0;
    %load/vec4 v0x55916163ef20_0;
    %load/vec4 v0x55916163f000_0;
    %xor;
    %assign/vec4 v0x55916163f200_0, 0;
    %load/vec4 v0x55916163ef20_0;
    %load/vec4 v0x55916163f000_0;
    %and;
    %assign/vec4 v0x55916163f0c0_0, 0;
    %jmp T_1;
    .thread T_1;
    .scope S_0x5591615e7070;
T_2 ;
    %wait E_0x5591615974f0;
    %load/vec4 v0x5591615eee90_0;
    %load/vec4 v0x5591615ed230_0;
    %xor;
    %load/vec4 v0x55916162fad0_0;
    %xor;
    %assign/vec4 v0x5591616245a0_0, 0;
    %load/vec4 v0x5591615eee90_0;
    %load/vec4 v0x5591615ed230_0;
    %and;
    %load/vec4 v0x5591615ed230_0;
    %load/vec4 v0x55916162fad0_0;
    %and;
    %add;
    %load/vec4 v0x55916162fad0_0;
    %load/vec4 v0x5591615eee90_0;
    %and;
    %add;
    %assign/vec4 v0x559161631730_0, 0;
    %jmp T_2;
    .thread T_2;
    .scope S_0x55916163bcc0;
T_3 ;
    %wait E_0x5591615974f0;
    %load/vec4 v0x55916163bf50_0;
    %load/vec4 v0x55916163c010_0;
    %xor;
    %load/vec4 v0x55916163c170_0;
    %xor;
    %assign/vec4 v0x55916163c320_0, 0;
    %load/vec4 v0x55916163bf50_0;
    %load/vec4 v0x55916163c010_0;
    %and;
    %load/vec4 v0x55916163c010_0;
    %load/vec4 v0x55916163c170_0;
    %and;
    %add;
    %load/vec4 v0x55916163c170_0;
    %load/vec4 v0x55916163bf50_0;
    %and;
    %add;
    %assign/vec4 v0x55916163c0d0_0, 0;
    %jmp T_3;
    .thread T_3;
    .scope S_0x55916163c480;
T_4 ;
    %wait E_0x5591615974f0;
    %load/vec4 v0x55916163c6f0_0;
    %load/vec4 v0x55916163c7b0_0;
    %xor;
    %load/vec4 v0x55916163c910_0;
    %xor;
    %assign/vec4 v0x55916163cb10_0, 0;
    %load/vec4 v0x55916163c6f0_0;
    %load/vec4 v0x55916163c7b0_0;
    %and;
    %load/vec4 v0x55916163c7b0_0;
    %load/vec4 v0x55916163c910_0;
    %and;
    %add;
    %load/vec4 v0x55916163c910_0;
    %load/vec4 v0x55916163c6f0_0;
    %and;
    %add;
    %assign/vec4 v0x55916163c870_0, 0;
    %jmp T_4;
    .thread T_4;
    .scope S_0x55916163cc90;
T_5 ;
    %wait E_0x5591615974f0;
    %load/vec4 v0x55916163cf00_0;
    %load/vec4 v0x55916163cfe0_0;
    %xor;
    %load/vec4 v0x55916163d140_0;
    %xor;
    %assign/vec4 v0x55916163d2f0_0, 0;
    %load/vec4 v0x55916163cf00_0;
    %load/vec4 v0x55916163cfe0_0;
    %and;
    %load/vec4 v0x55916163cfe0_0;
    %load/vec4 v0x55916163d140_0;
    %and;
    %add;
    %load/vec4 v0x55916163d140_0;
    %load/vec4 v0x55916163cf00_0;
    %and;
    %add;
    %assign/vec4 v0x55916163d0a0_0, 0;
    %jmp T_5;
    .thread T_5;
    .scope S_0x55916163d470;
T_6 ;
    %wait E_0x5591615974f0;
    %load/vec4 v0x55916163d730_0;
    %load/vec4 v0x55916163d810_0;
    %xor;
    %load/vec4 v0x55916163d970_0;
    %xor;
    %assign/vec4 v0x55916163db20_0, 0;
    %load/vec4 v0x55916163d730_0;
    %load/vec4 v0x55916163d810_0;
    %and;
    %load/vec4 v0x55916163d810_0;
    %load/vec4 v0x55916163d970_0;
    %and;
    %add;
    %load/vec4 v0x55916163d970_0;
    %load/vec4 v0x55916163d730_0;
    %and;
    %add;
    %assign/vec4 v0x55916163d8d0_0, 0;
    %jmp T_6;
    .thread T_6;
    .scope S_0x55916163dce0;
T_7 ;
    %wait E_0x5591615974f0;
    %load/vec4 v0x55916163df00_0;
    %load/vec4 v0x55916163dfe0_0;
    %xor;
    %load/vec4 v0x55916163e140_0;
    %xor;
    %assign/vec4 v0x55916163e2f0_0, 0;
    %load/vec4 v0x55916163df00_0;
    %load/vec4 v0x55916163dfe0_0;
    %and;
    %load/vec4 v0x55916163dfe0_0;
    %load/vec4 v0x55916163e140_0;
    %and;
    %add;
    %load/vec4 v0x55916163e140_0;
    %load/vec4 v0x55916163df00_0;
    %and;
    %add;
    %assign/vec4 v0x55916163e0a0_0, 0;
    %jmp T_7;
    .thread T_7;
    .scope S_0x55916163e4b0;
T_8 ;
    %wait E_0x5591615974f0;
    %load/vec4 v0x55916163e720_0;
    %load/vec4 v0x55916163e800_0;
    %xor;
    %load/vec4 v0x55916163e960_0;
    %xor;
    %assign/vec4 v0x55916163eb10_0, 0;
    %load/vec4 v0x55916163e720_0;
    %load/vec4 v0x55916163e800_0;
    %and;
    %load/vec4 v0x55916163e800_0;
    %load/vec4 v0x55916163e960_0;
    %and;
    %add;
    %load/vec4 v0x55916163e960_0;
    %load/vec4 v0x55916163e720_0;
    %and;
    %add;
    %assign/vec4 v0x55916163e8c0_0, 0;
    %jmp T_8;
    .thread T_8;
    .scope S_0x5591616433d0;
T_9 ;
    %wait E_0x5591615974f0;
    %load/vec4 v0x559161643620_0;
    %load/vec4 v0x559161643700_0;
    %xor;
    %assign/vec4 v0x559161643b10_0, 0;
    %load/vec4 v0x559161643620_0;
    %load/vec4 v0x559161643700_0;
    %and;
    %assign/vec4 v0x5591616437c0_0, 0;
    %jmp T_9;
    .thread T_9;
    .scope S_0x55916163fa90;
T_10 ;
    %wait E_0x5591615974f0;
    %load/vec4 v0x55916163fd00_0;
    %load/vec4 v0x55916163fde0_0;
    %xor;
    %load/vec4 v0x55916163ff40_0;
    %xor;
    %assign/vec4 v0x5591616400f0_0, 0;
    %load/vec4 v0x55916163fd00_0;
    %load/vec4 v0x55916163fde0_0;
    %and;
    %load/vec4 v0x55916163fde0_0;
    %load/vec4 v0x55916163ff40_0;
    %and;
    %add;
    %load/vec4 v0x55916163ff40_0;
    %load/vec4 v0x55916163fd00_0;
    %and;
    %add;
    %assign/vec4 v0x55916163fea0_0, 0;
    %jmp T_10;
    .thread T_10;
    .scope S_0x5591616402b0;
T_11 ;
    %wait E_0x5591615974f0;
    %load/vec4 v0x559161640540_0;
    %load/vec4 v0x559161640600_0;
    %xor;
    %load/vec4 v0x559161640760_0;
    %xor;
    %assign/vec4 v0x559161640910_0, 0;
    %load/vec4 v0x559161640540_0;
    %load/vec4 v0x559161640600_0;
    %and;
    %load/vec4 v0x559161640600_0;
    %load/vec4 v0x559161640760_0;
    %and;
    %add;
    %load/vec4 v0x559161640760_0;
    %load/vec4 v0x559161640540_0;
    %and;
    %add;
    %assign/vec4 v0x5591616406c0_0, 0;
    %jmp T_11;
    .thread T_11;
    .scope S_0x559161640ad0;
T_12 ;
    %wait E_0x5591615974f0;
    %load/vec4 v0x559161640d40_0;
    %load/vec4 v0x559161640e00_0;
    %xor;
    %load/vec4 v0x559161640f90_0;
    %xor;
    %assign/vec4 v0x559161641140_0, 0;
    %load/vec4 v0x559161640d40_0;
    %load/vec4 v0x559161640e00_0;
    %and;
    %load/vec4 v0x559161640e00_0;
    %load/vec4 v0x559161640f90_0;
    %and;
    %add;
    %load/vec4 v0x559161640f90_0;
    %load/vec4 v0x559161640d40_0;
    %and;
    %add;
    %assign/vec4 v0x559161640ec0_0, 0;
    %jmp T_12;
    .thread T_12;
    .scope S_0x559161641300;
T_13 ;
    %wait E_0x5591615974f0;
    %load/vec4 v0x559161641570_0;
    %load/vec4 v0x559161641650_0;
    %xor;
    %load/vec4 v0x5591616417b0_0;
    %xor;
    %assign/vec4 v0x559161641960_0, 0;
    %load/vec4 v0x559161641570_0;
    %load/vec4 v0x559161641650_0;
    %and;
    %load/vec4 v0x559161641650_0;
    %load/vec4 v0x5591616417b0_0;
    %and;
    %add;
    %load/vec4 v0x5591616417b0_0;
    %load/vec4 v0x559161641570_0;
    %and;
    %add;
    %assign/vec4 v0x559161641710_0, 0;
    %jmp T_13;
    .thread T_13;
    .scope S_0x559161641b20;
T_14 ;
    %wait E_0x5591615974f0;
    %load/vec4 v0x559161641de0_0;
    %load/vec4 v0x559161641ec0_0;
    %xor;
    %load/vec4 v0x559161642020_0;
    %xor;
    %assign/vec4 v0x5591616421d0_0, 0;
    %load/vec4 v0x559161641de0_0;
    %load/vec4 v0x559161641ec0_0;
    %and;
    %load/vec4 v0x559161641ec0_0;
    %load/vec4 v0x559161642020_0;
    %and;
    %add;
    %load/vec4 v0x559161642020_0;
    %load/vec4 v0x559161641de0_0;
    %and;
    %add;
    %assign/vec4 v0x559161641f80_0, 0;
    %jmp T_14;
    .thread T_14;
    .scope S_0x559161642390;
T_15 ;
    %wait E_0x5591615974f0;
    %load/vec4 v0x559161642600_0;
    %load/vec4 v0x5591616426e0_0;
    %xor;
    %load/vec4 v0x559161642840_0;
    %xor;
    %assign/vec4 v0x5591616429f0_0, 0;
    %load/vec4 v0x559161642600_0;
    %load/vec4 v0x5591616426e0_0;
    %and;
    %load/vec4 v0x5591616426e0_0;
    %load/vec4 v0x559161642840_0;
    %and;
    %add;
    %load/vec4 v0x559161642840_0;
    %load/vec4 v0x559161642600_0;
    %and;
    %add;
    %assign/vec4 v0x5591616427a0_0, 0;
    %jmp T_15;
    .thread T_15;
    .scope S_0x559161642bb0;
T_16 ;
    %wait E_0x5591615974f0;
    %load/vec4 v0x559161642e20_0;
    %load/vec4 v0x559161642f00_0;
    %xor;
    %load/vec4 v0x559161643060_0;
    %xor;
    %assign/vec4 v0x559161643210_0, 0;
    %load/vec4 v0x559161642e20_0;
    %load/vec4 v0x559161642f00_0;
    %and;
    %load/vec4 v0x559161642f00_0;
    %load/vec4 v0x559161643060_0;
    %and;
    %add;
    %load/vec4 v0x559161643060_0;
    %load/vec4 v0x559161642e20_0;
    %and;
    %add;
    %assign/vec4 v0x559161642fc0_0, 0;
    %jmp T_16;
    .thread T_16;
    .scope S_0x559161647d10;
T_17 ;
    %wait E_0x5591615974f0;
    %load/vec4 v0x559161647f60_0;
    %load/vec4 v0x559161648040_0;
    %xor;
    %assign/vec4 v0x559161648240_0, 0;
    %load/vec4 v0x559161647f60_0;
    %load/vec4 v0x559161648040_0;
    %and;
    %assign/vec4 v0x559161648100_0, 0;
    %jmp T_17;
    .thread T_17;
    .scope S_0x5591616443a0;
T_18 ;
    %wait E_0x5591615974f0;
    %load/vec4 v0x559161644610_0;
    %load/vec4 v0x5591616446f0_0;
    %xor;
    %load/vec4 v0x559161644880_0;
    %xor;
    %assign/vec4 v0x559161644a30_0, 0;
    %load/vec4 v0x559161644610_0;
    %load/vec4 v0x5591616446f0_0;
    %and;
    %load/vec4 v0x5591616446f0_0;
    %load/vec4 v0x559161644880_0;
    %and;
    %add;
    %load/vec4 v0x559161644880_0;
    %load/vec4 v0x559161644610_0;
    %and;
    %add;
    %assign/vec4 v0x5591616447b0_0, 0;
    %jmp T_18;
    .thread T_18;
    .scope S_0x559161644bf0;
T_19 ;
    %wait E_0x5591615974f0;
    %load/vec4 v0x559161644e80_0;
    %load/vec4 v0x559161644f40_0;
    %xor;
    %load/vec4 v0x5591616450a0_0;
    %xor;
    %assign/vec4 v0x559161645250_0, 0;
    %load/vec4 v0x559161644e80_0;
    %load/vec4 v0x559161644f40_0;
    %and;
    %load/vec4 v0x559161644f40_0;
    %load/vec4 v0x5591616450a0_0;
    %and;
    %add;
    %load/vec4 v0x5591616450a0_0;
    %load/vec4 v0x559161644e80_0;
    %and;
    %add;
    %assign/vec4 v0x559161645000_0, 0;
    %jmp T_19;
    .thread T_19;
    .scope S_0x559161645410;
T_20 ;
    %wait E_0x5591615974f0;
    %load/vec4 v0x559161645680_0;
    %load/vec4 v0x559161645740_0;
    %xor;
    %load/vec4 v0x5591616458d0_0;
    %xor;
    %assign/vec4 v0x559161645a80_0, 0;
    %load/vec4 v0x559161645680_0;
    %load/vec4 v0x559161645740_0;
    %and;
    %load/vec4 v0x559161645740_0;
    %load/vec4 v0x5591616458d0_0;
    %and;
    %add;
    %load/vec4 v0x5591616458d0_0;
    %load/vec4 v0x559161645680_0;
    %and;
    %add;
    %assign/vec4 v0x559161645800_0, 0;
    %jmp T_20;
    .thread T_20;
    .scope S_0x559161645c40;
T_21 ;
    %wait E_0x5591615974f0;
    %load/vec4 v0x559161645eb0_0;
    %load/vec4 v0x559161645f90_0;
    %xor;
    %load/vec4 v0x5591616460f0_0;
    %xor;
    %assign/vec4 v0x5591616462a0_0, 0;
    %load/vec4 v0x559161645eb0_0;
    %load/vec4 v0x559161645f90_0;
    %and;
    %load/vec4 v0x559161645f90_0;
    %load/vec4 v0x5591616460f0_0;
    %and;
    %add;
    %load/vec4 v0x5591616460f0_0;
    %load/vec4 v0x559161645eb0_0;
    %and;
    %add;
    %assign/vec4 v0x559161646050_0, 0;
    %jmp T_21;
    .thread T_21;
    .scope S_0x559161646460;
T_22 ;
    %wait E_0x5591615974f0;
    %load/vec4 v0x559161646720_0;
    %load/vec4 v0x559161646800_0;
    %xor;
    %load/vec4 v0x559161646960_0;
    %xor;
    %assign/vec4 v0x559161646b10_0, 0;
    %load/vec4 v0x559161646720_0;
    %load/vec4 v0x559161646800_0;
    %and;
    %load/vec4 v0x559161646800_0;
    %load/vec4 v0x559161646960_0;
    %and;
    %add;
    %load/vec4 v0x559161646960_0;
    %load/vec4 v0x559161646720_0;
    %and;
    %add;
    %assign/vec4 v0x5591616468c0_0, 0;
    %jmp T_22;
    .thread T_22;
    .scope S_0x559161646cd0;
T_23 ;
    %wait E_0x5591615974f0;
    %load/vec4 v0x559161646f40_0;
    %load/vec4 v0x559161647020_0;
    %xor;
    %load/vec4 v0x559161647180_0;
    %xor;
    %assign/vec4 v0x559161647330_0, 0;
    %load/vec4 v0x559161646f40_0;
    %load/vec4 v0x559161647020_0;
    %and;
    %load/vec4 v0x559161647020_0;
    %load/vec4 v0x559161647180_0;
    %and;
    %add;
    %load/vec4 v0x559161647180_0;
    %load/vec4 v0x559161646f40_0;
    %and;
    %add;
    %assign/vec4 v0x5591616470e0_0, 0;
    %jmp T_23;
    .thread T_23;
    .scope S_0x5591616474f0;
T_24 ;
    %wait E_0x5591615974f0;
    %load/vec4 v0x559161647760_0;
    %load/vec4 v0x559161647840_0;
    %xor;
    %load/vec4 v0x5591616479a0_0;
    %xor;
    %assign/vec4 v0x559161647b50_0, 0;
    %load/vec4 v0x559161647760_0;
    %load/vec4 v0x559161647840_0;
    %and;
    %load/vec4 v0x559161647840_0;
    %load/vec4 v0x5591616479a0_0;
    %and;
    %add;
    %load/vec4 v0x5591616479a0_0;
    %load/vec4 v0x559161647760_0;
    %and;
    %add;
    %assign/vec4 v0x559161647900_0, 0;
    %jmp T_24;
    .thread T_24;
    .scope S_0x55916164c840;
T_25 ;
    %wait E_0x5591615974f0;
    %load/vec4 v0x55916164ca90_0;
    %load/vec4 v0x55916164cb70_0;
    %xor;
    %assign/vec4 v0x55916164cd70_0, 0;
    %load/vec4 v0x55916164ca90_0;
    %load/vec4 v0x55916164cb70_0;
    %and;
    %assign/vec4 v0x55916164cc30_0, 0;
    %jmp T_25;
    .thread T_25;
    .scope S_0x559161648aa0;
T_26 ;
    %wait E_0x5591615974f0;
    %load/vec4 v0x559161648d30_0;
    %load/vec4 v0x559161648e10_0;
    %xor;
    %load/vec4 v0x559161648fa0_0;
    %xor;
    %assign/vec4 v0x559161649150_0, 0;
    %load/vec4 v0x559161648d30_0;
    %load/vec4 v0x559161648e10_0;
    %and;
    %load/vec4 v0x559161648e10_0;
    %load/vec4 v0x559161648fa0_0;
    %and;
    %add;
    %load/vec4 v0x559161648fa0_0;
    %load/vec4 v0x559161648d30_0;
    %and;
    %add;
    %assign/vec4 v0x559161648ed0_0, 0;
    %jmp T_26;
    .thread T_26;
    .scope S_0x559161649310;
T_27 ;
    %wait E_0x5591615974f0;
    %load/vec4 v0x5591616495a0_0;
    %load/vec4 v0x559161649660_0;
    %xor;
    %load/vec4 v0x5591616497c0_0;
    %xor;
    %assign/vec4 v0x559161649970_0, 0;
    %load/vec4 v0x5591616495a0_0;
    %load/vec4 v0x559161649660_0;
    %and;
    %load/vec4 v0x559161649660_0;
    %load/vec4 v0x5591616497c0_0;
    %and;
    %add;
    %load/vec4 v0x5591616497c0_0;
    %load/vec4 v0x5591616495a0_0;
    %and;
    %add;
    %assign/vec4 v0x559161649720_0, 0;
    %jmp T_27;
    .thread T_27;
    .scope S_0x559161649b30;
T_28 ;
    %wait E_0x5591615974f0;
    %load/vec4 v0x559161649da0_0;
    %load/vec4 v0x559161649e60_0;
    %xor;
    %load/vec4 v0x559161649ff0_0;
    %xor;
    %assign/vec4 v0x55916164a1a0_0, 0;
    %load/vec4 v0x559161649da0_0;
    %load/vec4 v0x559161649e60_0;
    %and;
    %load/vec4 v0x559161649e60_0;
    %load/vec4 v0x559161649ff0_0;
    %and;
    %add;
    %load/vec4 v0x559161649ff0_0;
    %load/vec4 v0x559161649da0_0;
    %and;
    %add;
    %assign/vec4 v0x559161649f20_0, 0;
    %jmp T_28;
    .thread T_28;
    .scope S_0x55916164a360;
T_29 ;
    %wait E_0x5591615974f0;
    %load/vec4 v0x55916164a5d0_0;
    %load/vec4 v0x55916164a6b0_0;
    %xor;
    %load/vec4 v0x55916164a810_0;
    %xor;
    %assign/vec4 v0x55916164a9c0_0, 0;
    %load/vec4 v0x55916164a5d0_0;
    %load/vec4 v0x55916164a6b0_0;
    %and;
    %load/vec4 v0x55916164a6b0_0;
    %load/vec4 v0x55916164a810_0;
    %and;
    %add;
    %load/vec4 v0x55916164a810_0;
    %load/vec4 v0x55916164a5d0_0;
    %and;
    %add;
    %assign/vec4 v0x55916164a770_0, 0;
    %jmp T_29;
    .thread T_29;
    .scope S_0x55916164ab80;
T_30 ;
    %wait E_0x5591615974f0;
    %load/vec4 v0x55916164ae40_0;
    %load/vec4 v0x55916164af20_0;
    %xor;
    %load/vec4 v0x55916164b080_0;
    %xor;
    %assign/vec4 v0x55916164b230_0, 0;
    %load/vec4 v0x55916164ae40_0;
    %load/vec4 v0x55916164af20_0;
    %and;
    %load/vec4 v0x55916164af20_0;
    %load/vec4 v0x55916164b080_0;
    %and;
    %add;
    %load/vec4 v0x55916164b080_0;
    %load/vec4 v0x55916164ae40_0;
    %and;
    %add;
    %assign/vec4 v0x55916164afe0_0, 0;
    %jmp T_30;
    .thread T_30;
    .scope S_0x55916164b3f0;
T_31 ;
    %wait E_0x5591615974f0;
    %load/vec4 v0x55916164b660_0;
    %load/vec4 v0x55916164b740_0;
    %xor;
    %load/vec4 v0x55916164b8a0_0;
    %xor;
    %assign/vec4 v0x55916164be60_0, 0;
    %load/vec4 v0x55916164b660_0;
    %load/vec4 v0x55916164b740_0;
    %and;
    %load/vec4 v0x55916164b740_0;
    %load/vec4 v0x55916164b8a0_0;
    %and;
    %add;
    %load/vec4 v0x55916164b8a0_0;
    %load/vec4 v0x55916164b660_0;
    %and;
    %add;
    %assign/vec4 v0x55916164b800_0, 0;
    %jmp T_31;
    .thread T_31;
    .scope S_0x55916164c020;
T_32 ;
    %wait E_0x5591615974f0;
    %load/vec4 v0x55916164c290_0;
    %load/vec4 v0x55916164c370_0;
    %xor;
    %load/vec4 v0x55916164c4d0_0;
    %xor;
    %assign/vec4 v0x55916164c680_0, 0;
    %load/vec4 v0x55916164c290_0;
    %load/vec4 v0x55916164c370_0;
    %and;
    %load/vec4 v0x55916164c370_0;
    %load/vec4 v0x55916164c4d0_0;
    %and;
    %add;
    %load/vec4 v0x55916164c4d0_0;
    %load/vec4 v0x55916164c290_0;
    %and;
    %add;
    %assign/vec4 v0x55916164c430_0, 0;
    %jmp T_32;
    .thread T_32;
    .scope S_0x559161650f80;
T_33 ;
    %wait E_0x5591615974f0;
    %load/vec4 v0x5591616511d0_0;
    %load/vec4 v0x5591616512b0_0;
    %xor;
    %assign/vec4 v0x5591616514b0_0, 0;
    %load/vec4 v0x5591616511d0_0;
    %load/vec4 v0x5591616512b0_0;
    %and;
    %assign/vec4 v0x559161651370_0, 0;
    %jmp T_33;
    .thread T_33;
    .scope S_0x55916164d620;
T_34 ;
    %wait E_0x5591615974f0;
    %load/vec4 v0x55916164d8b0_0;
    %load/vec4 v0x55916164d990_0;
    %xor;
    %load/vec4 v0x55916164daf0_0;
    %xor;
    %assign/vec4 v0x55916164dca0_0, 0;
    %load/vec4 v0x55916164d8b0_0;
    %load/vec4 v0x55916164d990_0;
    %and;
    %load/vec4 v0x55916164d990_0;
    %load/vec4 v0x55916164daf0_0;
    %and;
    %add;
    %load/vec4 v0x55916164daf0_0;
    %load/vec4 v0x55916164d8b0_0;
    %and;
    %add;
    %assign/vec4 v0x55916164da50_0, 0;
    %jmp T_34;
    .thread T_34;
    .scope S_0x55916164de60;
T_35 ;
    %wait E_0x5591615974f0;
    %load/vec4 v0x55916164e0f0_0;
    %load/vec4 v0x55916164e1b0_0;
    %xor;
    %load/vec4 v0x55916164e310_0;
    %xor;
    %assign/vec4 v0x55916164e4c0_0, 0;
    %load/vec4 v0x55916164e0f0_0;
    %load/vec4 v0x55916164e1b0_0;
    %and;
    %load/vec4 v0x55916164e1b0_0;
    %load/vec4 v0x55916164e310_0;
    %and;
    %add;
    %load/vec4 v0x55916164e310_0;
    %load/vec4 v0x55916164e0f0_0;
    %and;
    %add;
    %assign/vec4 v0x55916164e270_0, 0;
    %jmp T_35;
    .thread T_35;
    .scope S_0x55916164e680;
T_36 ;
    %wait E_0x5591615974f0;
    %load/vec4 v0x55916164e8f0_0;
    %load/vec4 v0x55916164e9b0_0;
    %xor;
    %load/vec4 v0x55916164eb40_0;
    %xor;
    %assign/vec4 v0x55916164ecf0_0, 0;
    %load/vec4 v0x55916164e8f0_0;
    %load/vec4 v0x55916164e9b0_0;
    %and;
    %load/vec4 v0x55916164e9b0_0;
    %load/vec4 v0x55916164eb40_0;
    %and;
    %add;
    %load/vec4 v0x55916164eb40_0;
    %load/vec4 v0x55916164e8f0_0;
    %and;
    %add;
    %assign/vec4 v0x55916164ea70_0, 0;
    %jmp T_36;
    .thread T_36;
    .scope S_0x55916164eeb0;
T_37 ;
    %wait E_0x5591615974f0;
    %load/vec4 v0x55916164f120_0;
    %load/vec4 v0x55916164f200_0;
    %xor;
    %load/vec4 v0x55916164f360_0;
    %xor;
    %assign/vec4 v0x55916164f510_0, 0;
    %load/vec4 v0x55916164f120_0;
    %load/vec4 v0x55916164f200_0;
    %and;
    %load/vec4 v0x55916164f200_0;
    %load/vec4 v0x55916164f360_0;
    %and;
    %add;
    %load/vec4 v0x55916164f360_0;
    %load/vec4 v0x55916164f120_0;
    %and;
    %add;
    %assign/vec4 v0x55916164f2c0_0, 0;
    %jmp T_37;
    .thread T_37;
    .scope S_0x55916164f6d0;
T_38 ;
    %wait E_0x5591615974f0;
    %load/vec4 v0x55916164f990_0;
    %load/vec4 v0x55916164fa70_0;
    %xor;
    %load/vec4 v0x55916164fbd0_0;
    %xor;
    %assign/vec4 v0x55916164fd80_0, 0;
    %load/vec4 v0x55916164f990_0;
    %load/vec4 v0x55916164fa70_0;
    %and;
    %load/vec4 v0x55916164fa70_0;
    %load/vec4 v0x55916164fbd0_0;
    %and;
    %add;
    %load/vec4 v0x55916164fbd0_0;
    %load/vec4 v0x55916164f990_0;
    %and;
    %add;
    %assign/vec4 v0x55916164fb30_0, 0;
    %jmp T_38;
    .thread T_38;
    .scope S_0x55916164ff40;
T_39 ;
    %wait E_0x5591615974f0;
    %load/vec4 v0x5591616501b0_0;
    %load/vec4 v0x559161650290_0;
    %xor;
    %load/vec4 v0x5591616503f0_0;
    %xor;
    %assign/vec4 v0x5591616505a0_0, 0;
    %load/vec4 v0x5591616501b0_0;
    %load/vec4 v0x559161650290_0;
    %and;
    %load/vec4 v0x559161650290_0;
    %load/vec4 v0x5591616503f0_0;
    %and;
    %add;
    %load/vec4 v0x5591616503f0_0;
    %load/vec4 v0x5591616501b0_0;
    %and;
    %add;
    %assign/vec4 v0x559161650350_0, 0;
    %jmp T_39;
    .thread T_39;
    .scope S_0x559161650760;
T_40 ;
    %wait E_0x5591615974f0;
    %load/vec4 v0x5591616509d0_0;
    %load/vec4 v0x559161650ab0_0;
    %xor;
    %load/vec4 v0x559161650c10_0;
    %xor;
    %assign/vec4 v0x559161650dc0_0, 0;
    %load/vec4 v0x5591616509d0_0;
    %load/vec4 v0x559161650ab0_0;
    %and;
    %load/vec4 v0x559161650ab0_0;
    %load/vec4 v0x559161650c10_0;
    %and;
    %add;
    %load/vec4 v0x559161650c10_0;
    %load/vec4 v0x5591616509d0_0;
    %and;
    %add;
    %assign/vec4 v0x559161650b70_0, 0;
    %jmp T_40;
    .thread T_40;
    .scope S_0x5591616556a0;
T_41 ;
    %wait E_0x5591615974f0;
    %load/vec4 v0x5591616558f0_0;
    %load/vec4 v0x5591616559d0_0;
    %xor;
    %assign/vec4 v0x559161655bd0_0, 0;
    %load/vec4 v0x5591616558f0_0;
    %load/vec4 v0x5591616559d0_0;
    %and;
    %assign/vec4 v0x559161655a90_0, 0;
    %jmp T_41;
    .thread T_41;
    .scope S_0x559161651d10;
T_42 ;
    %wait E_0x5591615974f0;
    %load/vec4 v0x559161651fa0_0;
    %load/vec4 v0x559161652080_0;
    %xor;
    %load/vec4 v0x559161652210_0;
    %xor;
    %assign/vec4 v0x5591616523c0_0, 0;
    %load/vec4 v0x559161651fa0_0;
    %load/vec4 v0x559161652080_0;
    %and;
    %load/vec4 v0x559161652080_0;
    %load/vec4 v0x559161652210_0;
    %and;
    %add;
    %load/vec4 v0x559161652210_0;
    %load/vec4 v0x559161651fa0_0;
    %and;
    %add;
    %assign/vec4 v0x559161652140_0, 0;
    %jmp T_42;
    .thread T_42;
    .scope S_0x559161652580;
T_43 ;
    %wait E_0x5591615974f0;
    %load/vec4 v0x559161652810_0;
    %load/vec4 v0x5591616528d0_0;
    %xor;
    %load/vec4 v0x559161652a30_0;
    %xor;
    %assign/vec4 v0x559161652be0_0, 0;
    %load/vec4 v0x559161652810_0;
    %load/vec4 v0x5591616528d0_0;
    %and;
    %load/vec4 v0x5591616528d0_0;
    %load/vec4 v0x559161652a30_0;
    %and;
    %add;
    %load/vec4 v0x559161652a30_0;
    %load/vec4 v0x559161652810_0;
    %and;
    %add;
    %assign/vec4 v0x559161652990_0, 0;
    %jmp T_43;
    .thread T_43;
    .scope S_0x559161652da0;
T_44 ;
    %wait E_0x5591615974f0;
    %load/vec4 v0x559161653010_0;
    %load/vec4 v0x5591616530d0_0;
    %xor;
    %load/vec4 v0x559161653260_0;
    %xor;
    %assign/vec4 v0x559161653410_0, 0;
    %load/vec4 v0x559161653010_0;
    %load/vec4 v0x5591616530d0_0;
    %and;
    %load/vec4 v0x5591616530d0_0;
    %load/vec4 v0x559161653260_0;
    %and;
    %add;
    %load/vec4 v0x559161653260_0;
    %load/vec4 v0x559161653010_0;
    %and;
    %add;
    %assign/vec4 v0x559161653190_0, 0;
    %jmp T_44;
    .thread T_44;
    .scope S_0x5591616535d0;
T_45 ;
    %wait E_0x5591615974f0;
    %load/vec4 v0x559161653840_0;
    %load/vec4 v0x559161653920_0;
    %xor;
    %load/vec4 v0x559161653a80_0;
    %xor;
    %assign/vec4 v0x559161653c30_0, 0;
    %load/vec4 v0x559161653840_0;
    %load/vec4 v0x559161653920_0;
    %and;
    %load/vec4 v0x559161653920_0;
    %load/vec4 v0x559161653a80_0;
    %and;
    %add;
    %load/vec4 v0x559161653a80_0;
    %load/vec4 v0x559161653840_0;
    %and;
    %add;
    %assign/vec4 v0x5591616539e0_0, 0;
    %jmp T_45;
    .thread T_45;
    .scope S_0x559161653df0;
T_46 ;
    %wait E_0x5591615974f0;
    %load/vec4 v0x5591616540b0_0;
    %load/vec4 v0x559161654190_0;
    %xor;
    %load/vec4 v0x5591616542f0_0;
    %xor;
    %assign/vec4 v0x5591616544a0_0, 0;
    %load/vec4 v0x5591616540b0_0;
    %load/vec4 v0x559161654190_0;
    %and;
    %load/vec4 v0x559161654190_0;
    %load/vec4 v0x5591616542f0_0;
    %and;
    %add;
    %load/vec4 v0x5591616542f0_0;
    %load/vec4 v0x5591616540b0_0;
    %and;
    %add;
    %assign/vec4 v0x559161654250_0, 0;
    %jmp T_46;
    .thread T_46;
    .scope S_0x559161654660;
T_47 ;
    %wait E_0x5591615974f0;
    %load/vec4 v0x5591616548d0_0;
    %load/vec4 v0x5591616549b0_0;
    %xor;
    %load/vec4 v0x559161654b10_0;
    %xor;
    %assign/vec4 v0x559161654cc0_0, 0;
    %load/vec4 v0x5591616548d0_0;
    %load/vec4 v0x5591616549b0_0;
    %and;
    %load/vec4 v0x5591616549b0_0;
    %load/vec4 v0x559161654b10_0;
    %and;
    %add;
    %load/vec4 v0x559161654b10_0;
    %load/vec4 v0x5591616548d0_0;
    %and;
    %add;
    %assign/vec4 v0x559161654a70_0, 0;
    %jmp T_47;
    .thread T_47;
    .scope S_0x559161654e80;
T_48 ;
    %wait E_0x5591615974f0;
    %load/vec4 v0x5591616550f0_0;
    %load/vec4 v0x5591616551d0_0;
    %xor;
    %load/vec4 v0x559161655330_0;
    %xor;
    %assign/vec4 v0x5591616554e0_0, 0;
    %load/vec4 v0x5591616550f0_0;
    %load/vec4 v0x5591616551d0_0;
    %and;
    %load/vec4 v0x5591616551d0_0;
    %load/vec4 v0x559161655330_0;
    %and;
    %add;
    %load/vec4 v0x559161655330_0;
    %load/vec4 v0x5591616550f0_0;
    %and;
    %add;
    %assign/vec4 v0x559161655290_0, 0;
    %jmp T_48;
    .thread T_48;
    .scope S_0x5591615f3a00;
T_49 ;
    %vpi_call 2 25 "$dumpfile", "MPY.fsdb" {0 0 0};
    %vpi_call 2 26 "$dumpvars" {0 0 0};
    %end;
    .thread T_49;
    .scope S_0x5591615f3a00;
T_50 ;
    %pushi/vec4 1, 0, 1;
    %store/vec4 v0x55916165bc30_0, 0, 1;
T_50.0 ;
    %delay 5000, 0;
    %load/vec4 v0x55916165bc30_0;
    %inv;
    %store/vec4 v0x55916165bc30_0, 0, 1;
    %jmp T_50.0;
    %end;
    .thread T_50;
    .scope S_0x5591615f3a00;
T_51 ;
    %pushi/vec4 0, 0, 4;
    %assign/vec4 v0x55916165bad0_0, 0;
    %pushi/vec4 0, 0, 4;
    %assign/vec4 v0x55916165bb70_0, 0;
    %pushi/vec4 0, 0, 4;
    %assign/vec4 v0x55916165bd20_0, 0;
    %pushi/vec4 0, 0, 4;
    %assign/vec4 v0x55916165c110_0, 0;
    %pushi/vec4 0, 0, 4;
    %assign/vec4 v0x55916165c2b0_0, 0;
    %wait E_0x5591615974f0;
    %pushi/vec4 0, 0, 32;
    %store/vec4 v0x55916165bec0_0, 0, 32;
T_51.0 ;
    %load/vec4 v0x55916165bec0_0;
    %cmpi/s 10, 0, 32;
    %jmp/0xz T_51.1, 5;
    %fork TD_tb.pattern, S_0x55916165b720;
    %join;
    %load/vec4 v0x55916165bec0_0;
    %addi 1, 0, 32;
    %store/vec4 v0x55916165bec0_0, 0, 32;
    %jmp T_51.0;
T_51.1 ;
    %wait E_0x5591615974f0;
    %vpi_call 2 50 "$display", "correct total:%d / %d", v0x55916165c2b0_0, v0x55916165c110_0 {0 0 0};
    %vpi_call 2 51 "$finish" {0 0 0};
    %end;
    .thread T_51;
# The file index is used to find the file name in the following table.
:file_names 6;
    "N/A";
    "<interactive>";
    "testbench.v";
    "./sign_ext_mpy.v";
    "./FA.v";
    "./HA.v";
