#! /usr/bin/vvp
:ivl_version "10.3 (stable)";
:ivl_delay_selection "TYPICAL";
:vpi_time_precision - 12;
:vpi_module "system";
:vpi_module "vhdl_sys";
:vpi_module "v2005_math";
:vpi_module "va_math";
S_0x55a5bf492d80 .scope module, "tb_lab9" "tb_lab9" 2 5;
 .timescale -9 -12;
v0x55a5bf4b34f0_0 .var "CLK", 0 0;
v0x55a5bf4b35b0_0 .var "correct_ans", 15 0;
v0x55a5bf4b3670_0 .var "count", 5 0;
v0x55a5bf4b3730_0 .var "error", 0 0;
v0x55a5bf4b37f0_0 .var "in_a", 7 0;
v0x55a5bf4b38b0_0 .var "in_b", 7 0;
v0x55a5bf4b3950_0 .net "out", 15 0, v0x55a5bf46d160_0;  1 drivers
v0x55a5bf4b39f0_0 .net "out_valid", 0 0, v0x55a5bf4b30f0_0;  1 drivers
v0x55a5bf4b3a90_0 .var "reset", 0 0;
v0x55a5bf4b3bf0_0 .var "temp_a", 7 0;
v0x55a5bf4b3c90_0 .var "temp_b", 7 0;
S_0x55a5bf492f00 .scope module, "m1" "lab9" 2 23, 3 5 0, S_0x55a5bf492d80;
 .timescale -9 -12;
    .port_info 0 /INPUT 1 "CLK"
    .port_info 1 /INPUT 1 "RST"
    .port_info 2 /INPUT 8 "in_a"
    .port_info 3 /INPUT 8 "in_b"
    .port_info 4 /OUTPUT 16 "Product"
    .port_info 5 /OUTPUT 1 "Product_Valid"
v0x55a5bf4839a0_0 .net "CLK", 0 0, v0x55a5bf4b34f0_0;  1 drivers
v0x55a5bf46b9c0_0 .var "Counter", 5 0;
v0x55a5bf46bac0_0 .var "Mplicand", 7 0;
v0x55a5bf46d0c0_0 .var "Mplier", 7 0;
v0x55a5bf46d160_0 .var "Product", 15 0;
v0x55a5bf4b30f0_0 .var "Product_Valid", 0 0;
v0x55a5bf4b31b0_0 .net "RST", 0 0, v0x55a5bf4b3a90_0;  1 drivers
v0x55a5bf4b3270_0 .net "in_a", 7 0, v0x55a5bf4b37f0_0;  1 drivers
v0x55a5bf4b3350_0 .net "in_b", 7 0, v0x55a5bf4b38b0_0;  1 drivers
E_0x55a5bf48daa0 .event posedge, v0x55a5bf4b31b0_0, v0x55a5bf4839a0_0;
    .scope S_0x55a5bf492f00;
T_0 ;
    %wait E_0x55a5bf48daa0;
    %load/vec4 v0x55a5bf4b31b0_0;
    %flag_set/vec4 8;
    %jmp/0xz  T_0.0, 8;
    %pushi/vec4 0, 0, 6;
    %assign/vec4 v0x55a5bf46b9c0_0, 0;
    %jmp T_0.1;
T_0.0 ;
    %load/vec4 v0x55a5bf46b9c0_0;
    %addi 1, 0, 6;
    %assign/vec4 v0x55a5bf46b9c0_0, 0;
T_0.1 ;
    %jmp T_0;
    .thread T_0;
    .scope S_0x55a5bf492f00;
T_1 ;
    %wait E_0x55a5bf48daa0;
    %load/vec4 v0x55a5bf4b31b0_0;
    %flag_set/vec4 8;
    %jmp/0xz  T_1.0, 8;
    %pushi/vec4 0, 0, 16;
    %assign/vec4 v0x55a5bf46d160_0, 0;
    %pushi/vec4 0, 0, 8;
    %assign/vec4 v0x55a5bf46bac0_0, 0;
    %pushi/vec4 0, 0, 8;
    %assign/vec4 v0x55a5bf46d0c0_0, 0;
    %jmp T_1.1;
T_1.0 ;
    %load/vec4 v0x55a5bf46b9c0_0;
    %cmpi/e 0, 0, 6;
    %jmp/0xz  T_1.2, 4;
    %pushi/vec4 0, 0, 8;
    %load/vec4 v0x55a5bf4b3350_0;
    %concat/vec4; draw_concat_vec4
    %assign/vec4 v0x55a5bf46d160_0, 0;
    %load/vec4 v0x55a5bf4b3270_0;
    %assign/vec4 v0x55a5bf46bac0_0, 0;
    %load/vec4 v0x55a5bf4b3350_0;
    %assign/vec4 v0x55a5bf46d0c0_0, 0;
    %jmp T_1.3;
T_1.2 ;
    %load/vec4 v0x55a5bf46b9c0_0;
    %cmpi/u 8, 0, 6;
    %flag_or 5, 4;
    %jmp/0xz  T_1.4, 5;
    %load/vec4 v0x55a5bf46d160_0;
    %parti/s 1, 0, 2;
    %cmpi/e 1, 0, 1;
    %jmp/0xz  T_1.6, 4;
    %load/vec4 v0x55a5bf46d160_0;
    %load/vec4 v0x55a5bf46bac0_0;
    %concati/vec4 0, 0, 8;
    %add;
    %assign/vec4 v0x55a5bf46d160_0, 0;
T_1.6 ;
    %load/vec4 v0x55a5bf46d160_0;
    %ix/load 4, 1, 0;
    %flag_set/imm 4, 0;
    %shiftr 4;
    %assign/vec4 v0x55a5bf46d160_0, 0;
    %jmp T_1.5;
T_1.4 ;
    %load/vec4 v0x55a5bf46d160_0;
    %assign/vec4 v0x55a5bf46d160_0, 0;
T_1.5 ;
T_1.3 ;
T_1.1 ;
    %jmp T_1;
    .thread T_1;
    .scope S_0x55a5bf492f00;
T_2 ;
    %wait E_0x55a5bf48daa0;
    %load/vec4 v0x55a5bf4b31b0_0;
    %flag_set/vec4 8;
    %jmp/0xz  T_2.0, 8;
    %pushi/vec4 0, 0, 1;
    %assign/vec4 v0x55a5bf4b30f0_0, 0;
    %jmp T_2.1;
T_2.0 ;
    %load/vec4 v0x55a5bf46b9c0_0;
    %cmpi/e 9, 0, 6;
    %jmp/0xz  T_2.2, 4;
    %pushi/vec4 1, 0, 1;
    %assign/vec4 v0x55a5bf4b30f0_0, 0;
    %jmp T_2.3;
T_2.2 ;
    %pushi/vec4 0, 0, 1;
    %assign/vec4 v0x55a5bf4b30f0_0, 0;
T_2.3 ;
T_2.1 ;
    %jmp T_2;
    .thread T_2;
    .scope S_0x55a5bf492d80;
T_3 ;
    %vpi_call 2 27 "$dumpfile", "lab9_ex.vcd" {0 0 0};
    %vpi_call 2 28 "$dumpvars" {0 0 0};
    %pushi/vec4 0, 0, 1;
    %store/vec4 v0x55a5bf4b34f0_0, 0, 1;
    %delay 20000, 0;
    %pushi/vec4 1, 0, 1;
    %store/vec4 v0x55a5bf4b3a90_0, 0, 1;
    %pushi/vec4 3, 0, 8;
    %store/vec4 v0x55a5bf4b3bf0_0, 0, 8;
    %pushi/vec4 9, 0, 8;
    %store/vec4 v0x55a5bf4b3c90_0, 0, 8;
    %delay 20000, 0;
    %pushi/vec4 0, 0, 1;
    %store/vec4 v0x55a5bf4b3a90_0, 0, 1;
    %delay 700000, 0;
    %pushi/vec4 1, 0, 1;
    %store/vec4 v0x55a5bf4b3a90_0, 0, 1;
    %pushi/vec4 111, 0, 8;
    %store/vec4 v0x55a5bf4b3bf0_0, 0, 8;
    %pushi/vec4 101, 0, 8;
    %store/vec4 v0x55a5bf4b3c90_0, 0, 8;
    %delay 20000, 0;
    %pushi/vec4 0, 0, 1;
    %store/vec4 v0x55a5bf4b3a90_0, 0, 1;
    %delay 700000, 0;
    %pushi/vec4 1, 0, 1;
    %store/vec4 v0x55a5bf4b3a90_0, 0, 1;
    %pushi/vec4 10, 0, 8;
    %store/vec4 v0x55a5bf4b3bf0_0, 0, 8;
    %pushi/vec4 14, 0, 8;
    %store/vec4 v0x55a5bf4b3c90_0, 0, 8;
    %delay 20000, 0;
    %pushi/vec4 0, 0, 1;
    %store/vec4 v0x55a5bf4b3a90_0, 0, 1;
    %delay 700000, 0;
    %pushi/vec4 1, 0, 1;
    %store/vec4 v0x55a5bf4b3a90_0, 0, 1;
    %pushi/vec4 123, 0, 8;
    %store/vec4 v0x55a5bf4b3bf0_0, 0, 8;
    %pushi/vec4 7, 0, 8;
    %store/vec4 v0x55a5bf4b3c90_0, 0, 8;
    %delay 20000, 0;
    %pushi/vec4 0, 0, 1;
    %store/vec4 v0x55a5bf4b3a90_0, 0, 1;
    %delay 700000, 0;
    %pushi/vec4 1, 0, 1;
    %store/vec4 v0x55a5bf4b3a90_0, 0, 1;
    %pushi/vec4 1, 0, 8;
    %store/vec4 v0x55a5bf4b3bf0_0, 0, 8;
    %pushi/vec4 60, 0, 8;
    %store/vec4 v0x55a5bf4b3c90_0, 0, 8;
    %delay 20000, 0;
    %pushi/vec4 0, 0, 1;
    %store/vec4 v0x55a5bf4b3a90_0, 0, 1;
    %delay 20000, 0;
    %pushi/vec4 0, 0, 1;
    %store/vec4 v0x55a5bf4b3a90_0, 0, 1;
    %delay 700000, 0;
    %vpi_call 2 59 "$finish" {0 0 0};
    %end;
    .thread T_3;
    .scope S_0x55a5bf492d80;
T_4 ;
    %delay 10000, 0;
    %load/vec4 v0x55a5bf4b34f0_0;
    %inv;
    %store/vec4 v0x55a5bf4b34f0_0, 0, 1;
    %jmp T_4;
    .thread T_4;
    .scope S_0x55a5bf492d80;
T_5 ;
    %wait E_0x55a5bf48daa0;
    %load/vec4 v0x55a5bf4b3a90_0;
    %flag_set/vec4 8;
    %jmp/0xz  T_5.0, 8;
    %pushi/vec4 0, 0, 6;
    %assign/vec4 v0x55a5bf4b3670_0, 0;
    %load/vec4 v0x55a5bf4b3bf0_0;
    %assign/vec4 v0x55a5bf4b37f0_0, 0;
    %load/vec4 v0x55a5bf4b3c90_0;
    %assign/vec4 v0x55a5bf4b38b0_0, 0;
    %pushi/vec4 0, 0, 16;
    %assign/vec4 v0x55a5bf4b35b0_0, 0;
    %pushi/vec4 0, 0, 1;
    %assign/vec4 v0x55a5bf4b3730_0, 0;
    %jmp T_5.1;
T_5.0 ;
    %load/vec4 v0x55a5bf4b37f0_0;
    %pad/u 16;
    %load/vec4 v0x55a5bf4b38b0_0;
    %pad/u 16;
    %mul;
    %assign/vec4 v0x55a5bf4b35b0_0, 0;
    %load/vec4 v0x55a5bf4b3670_0;
    %addi 1, 0, 6;
    %assign/vec4 v0x55a5bf4b3670_0, 0;
    %load/vec4 v0x55a5bf4b39f0_0;
    %pad/u 32;
    %cmpi/e 1, 0, 32;
    %jmp/0xz  T_5.2, 4;
    %load/vec4 v0x55a5bf4b3950_0;
    %load/vec4 v0x55a5bf4b35b0_0;
    %cmp/ne;
    %jmp/0xz  T_5.4, 4;
    %pushi/vec4 1, 0, 1;
    %assign/vec4 v0x55a5bf4b3730_0, 0;
    %vpi_call 2 86 "$display" {0 0 0};
    %vpi_call 2 87 "$display", "//////////" {0 0 0};
    %vpi_call 2 88 "$display", "// Fail //" {0 0 0};
    %vpi_call 2 89 "$display", "//////////" {0 0 0};
    %vpi_call 2 90 "$display", "doing %d * %d ...\012", v0x55a5bf4b3bf0_0, v0x55a5bf4b3c90_0 {0 0 0};
    %vpi_call 2 91 "$display", "your answer is %d,\012but correct answer is %d\012", v0x55a5bf4b3950_0, v0x55a5bf4b35b0_0 {0 0 0};
    %vpi_call 2 93 "$display" {0 0 0};
    %jmp T_5.5;
T_5.4 ;
    %pushi/vec4 0, 0, 1;
    %assign/vec4 v0x55a5bf4b3730_0, 0;
    %vpi_call 2 98 "$display" {0 0 0};
    %vpi_call 2 99 "$display", "////////////////" {0 0 0};
    %vpi_call 2 100 "$display", "// Successful //" {0 0 0};
    %vpi_call 2 101 "$display", "////////////////" {0 0 0};
    %vpi_call 2 102 "$display", "doing %d * %d ...\012", v0x55a5bf4b3bf0_0, v0x55a5bf4b3c90_0 {0 0 0};
    %vpi_call 2 103 "$display", "your answer is %d,\012correct answer is %d\012", v0x55a5bf4b3950_0, v0x55a5bf4b35b0_0 {0 0 0};
    %vpi_call 2 105 "$display" {0 0 0};
T_5.5 ;
T_5.2 ;
T_5.1 ;
    %jmp T_5;
    .thread T_5;
# The file index is used to find the file name in the following table.
:file_names 4;
    "N/A";
    "<interactive>";
    "tb_lab9_mulv1.v";
    "./test.v";
