#! /usr/bin/vvp
:ivl_version "10.3 (stable)";
:ivl_delay_selection "TYPICAL";
:vpi_time_precision + 0;
:vpi_module "system";
:vpi_module "vhdl_sys";
:vpi_module "v2005_math";
:vpi_module "va_math";
S_0x55f2da015db0 .scope module, "testbench_add2" "testbench_add2" 2 3;
 .timescale 0 0;
v0x55f2da02cba0_0 .var "a", 3 0;
v0x55f2da02cc80_0 .var "b", 3 0;
v0x55f2da02cd50_0 .var "clk", 0 0;
v0x55f2da02ce20_0 .net "overflow", 0 0, L_0x55f2da02d110;  1 drivers
v0x55f2da02cef0_0 .net "res", 4 0, L_0x55f2da02d7a0;  1 drivers
v0x55f2da02cf90_0 .var "rst", 0 0;
v0x55f2da02d050_0 .net "sum", 3 0, L_0x55f2da02d200;  1 drivers
E_0x55f2da0153f0/0 .event negedge, v0x55f2da02cf90_0;
E_0x55f2da0153f0/1 .event posedge, v0x55f2da02cd50_0;
E_0x55f2da0153f0 .event/or E_0x55f2da0153f0/0, E_0x55f2da0153f0/1;
L_0x55f2da02d7a0 .concat [ 4 1 0 0], L_0x55f2da02d200, L_0x55f2da02d110;
S_0x55f2da015f30 .scope module, "DUT" "add2" 2 13, 3 1 0, S_0x55f2da015db0;
 .timescale 0 0;
    .port_info 0 /INPUT 4 "a"
    .port_info 1 /INPUT 4 "b"
    .port_info 2 /OUTPUT 4 "sum"
    .port_info 3 /OUTPUT 1 "overflow"
L_0x7f2268c30060 .functor BUFT 1, C4<0>, C4<0>, C4<0>, C4<0>;
v0x55f2d9fe00a0_0 .net *"_s10", 0 0, L_0x7f2268c30060;  1 drivers
v0x55f2da02c3e0_0 .net *"_s11", 4 0, L_0x55f2da02d5f0;  1 drivers
v0x55f2da02c4c0_0 .net *"_s3", 4 0, L_0x55f2da02d340;  1 drivers
L_0x7f2268c30018 .functor BUFT 1, C4<0>, C4<0>, C4<0>, C4<0>;
v0x55f2da02c5b0_0 .net *"_s6", 0 0, L_0x7f2268c30018;  1 drivers
v0x55f2da02c690_0 .net *"_s7", 4 0, L_0x55f2da02d480;  1 drivers
v0x55f2da02c7c0_0 .net "a", 3 0, v0x55f2da02cba0_0;  1 drivers
v0x55f2da02c8a0_0 .net "b", 3 0, v0x55f2da02cc80_0;  1 drivers
v0x55f2da02c980_0 .net "overflow", 0 0, L_0x55f2da02d110;  alias, 1 drivers
v0x55f2da02ca40_0 .net "sum", 3 0, L_0x55f2da02d200;  alias, 1 drivers
L_0x55f2da02d110 .part L_0x55f2da02d5f0, 4, 1;
L_0x55f2da02d200 .part L_0x55f2da02d5f0, 0, 4;
L_0x55f2da02d340 .concat [ 4 1 0 0], v0x55f2da02cba0_0, L_0x7f2268c30018;
L_0x55f2da02d480 .concat [ 4 1 0 0], v0x55f2da02cc80_0, L_0x7f2268c30060;
L_0x55f2da02d5f0 .arith/sum 5, L_0x55f2da02d340, L_0x55f2da02d480;
    .scope S_0x55f2da015db0;
T_0 ;
    %pushi/vec4 0, 0, 1;
    %store/vec4 v0x55f2da02cd50_0, 0, 1;
    %pushi/vec4 0, 0, 1;
    %store/vec4 v0x55f2da02cf90_0, 0, 1;
    %end;
    .thread T_0;
    .scope S_0x55f2da015db0;
T_1 ;
    %pushi/vec4 0, 0, 1;
    %assign/vec4 v0x55f2da02cd50_0, 0;
    %pushi/vec4 0, 0, 1;
    %assign/vec4 v0x55f2da02cf90_0, 0;
    %pushi/vec4 0, 0, 4;
    %assign/vec4 v0x55f2da02cba0_0, 0;
    %pushi/vec4 0, 0, 4;
    %assign/vec4 v0x55f2da02cc80_0, 0;
    %vpi_call 2 22 "$monitor", "%4dns a=%d b=%d res=%d ", $stime, v0x55f2da02cba0_0, v0x55f2da02cc80_0, v0x55f2da02cef0_0 {0 0 0};
    %end;
    .thread T_1;
    .scope S_0x55f2da015db0;
T_2 ;
    %wait E_0x55f2da0153f0;
    %load/vec4 v0x55f2da02cba0_0;
    %pad/u 32;
    %cmpi/u 15, 0, 32;
    %flag_or 5, 4;
    %jmp/0xz  T_2.0, 5;
    %load/vec4 v0x55f2da02cba0_0;
    %addi 1, 0, 4;
    %assign/vec4 v0x55f2da02cba0_0, 0;
T_2.0 ;
    %load/vec4 v0x55f2da02cba0_0;
    %pad/u 32;
    %cmpi/e 15, 0, 32;
    %jmp/0xz  T_2.2, 4;
    %load/vec4 v0x55f2da02cc80_0;
    %addi 1, 0, 4;
    %assign/vec4 v0x55f2da02cc80_0, 0;
T_2.2 ;
    %load/vec4 v0x55f2da02cc80_0;
    %pad/u 32;
    %pushi/vec4 15, 0, 32;
    %cmp/e;
    %flag_get/vec4 4;
    %load/vec4 v0x55f2da02cba0_0;
    %pad/u 32;
    %pushi/vec4 14, 0, 32;
    %cmp/e;
    %flag_get/vec4 4;
    %and;
    %flag_set/vec4 8;
    %jmp/0xz  T_2.4, 8;
T_2.4 ;
    %jmp T_2;
    .thread T_2;
    .scope S_0x55f2da015db0;
T_3 ;
    %delay 1, 0;
    %load/vec4 v0x55f2da02cd50_0;
    %inv;
    %store/vec4 v0x55f2da02cd50_0, 0, 1;
    %jmp T_3;
    .thread T_3;
    .scope S_0x55f2da015db0;
T_4 ;
    %delay 1, 0;
    %load/vec4 v0x55f2da02cf90_0;
    %inv;
    %store/vec4 v0x55f2da02cf90_0, 0, 1;
    %jmp T_4;
    .thread T_4;
# The file index is used to find the file name in the following table.
:file_names 4;
    "N/A";
    "<interactive>";
    "testbench_add2.v";
    "add2.v";
