#! /usr/bin/vvp
:ivl_version "10.3 (stable)";
:ivl_delay_selection "TYPICAL";
:vpi_time_precision - 11;
:vpi_module "system";
:vpi_module "vhdl_sys";
:vpi_module "v2005_math";
:vpi_module "va_math";
S_0x55961a3c5420 .scope module, "tb" "tb" 2 4;
 .timescale -9 -11;
v0x55961a3e1150_0 .var "clk", 0 0;
v0x55961a3e1210_0 .var "reset", 0 0;
v0x55961a3e12b0_0 .var "x", 0 0;
v0x55961a3e1350_0 .net "y", 0 0, v0x55961a399e90_0;  1 drivers
S_0x55961a386090 .scope module, "mealy1" "mealy_hw" 2 9, 3 1 0, S_0x55961a3c5420;
 .timescale -9 -11;
    .port_info 0 /INPUT 1 "clk"
    .port_info 1 /INPUT 1 "reset"
    .port_info 2 /INPUT 1 "x"
    .port_info 3 /OUTPUT 1 "y"
P_0x55961a386210 .param/l "S0" 0 3 6, C4<000>;
P_0x55961a386250 .param/l "S1" 0 3 7, C4<001>;
P_0x55961a386290 .param/l "S2" 0 3 8, C4<010>;
P_0x55961a3862d0 .param/l "S3" 0 3 9, C4<011>;
P_0x55961a386310 .param/l "S4" 0 3 10, C4<100>;
v0x55961a3b0030_0 .net "clk", 0 0, v0x55961a3e1150_0;  1 drivers
v0x55961a3b0350_0 .var "current_state", 2 0;
v0x55961a3b0740_0 .var "next_state", 2 0;
v0x55961a3b0aa0_0 .net "reset", 0 0, v0x55961a3e1210_0;  1 drivers
v0x55961a3b0dc0_0 .net "x", 0 0, v0x55961a3e12b0_0;  1 drivers
v0x55961a399e90_0 .var "y", 0 0;
v0x55961a39a470_0 .var "y_temp", 0 0;
E_0x55961a3bbf00 .event posedge, v0x55961a3b0030_0;
E_0x55961a3868f0 .event edge, v0x55961a3b0350_0, v0x55961a3b0dc0_0;
    .scope S_0x55961a386090;
T_0 ;
    %wait E_0x55961a3868f0;
    %load/vec4 v0x55961a3b0350_0;
    %dup/vec4;
    %pushi/vec4 0, 0, 3;
    %cmp/u;
    %jmp/1 T_0.0, 6;
    %dup/vec4;
    %pushi/vec4 1, 0, 3;
    %cmp/u;
    %jmp/1 T_0.1, 6;
    %dup/vec4;
    %pushi/vec4 2, 0, 3;
    %cmp/u;
    %jmp/1 T_0.2, 6;
    %dup/vec4;
    %pushi/vec4 3, 0, 3;
    %cmp/u;
    %jmp/1 T_0.3, 6;
    %dup/vec4;
    %pushi/vec4 4, 0, 3;
    %cmp/u;
    %jmp/1 T_0.4, 6;
    %pushi/vec4 0, 0, 3;
    %store/vec4 v0x55961a3b0740_0, 0, 3;
    %jmp T_0.6;
T_0.0 ;
    %load/vec4 v0x55961a3b0dc0_0;
    %flag_set/vec4 8;
    %jmp/0xz  T_0.7, 8;
    %pushi/vec4 1, 0, 3;
    %store/vec4 v0x55961a3b0740_0, 0, 3;
    %jmp T_0.8;
T_0.7 ;
    %pushi/vec4 0, 0, 3;
    %store/vec4 v0x55961a3b0740_0, 0, 3;
T_0.8 ;
    %jmp T_0.6;
T_0.1 ;
    %load/vec4 v0x55961a3b0dc0_0;
    %flag_set/vec4 8;
    %jmp/0xz  T_0.9, 8;
    %pushi/vec4 1, 0, 3;
    %store/vec4 v0x55961a3b0740_0, 0, 3;
    %jmp T_0.10;
T_0.9 ;
    %pushi/vec4 2, 0, 3;
    %store/vec4 v0x55961a3b0740_0, 0, 3;
T_0.10 ;
    %jmp T_0.6;
T_0.2 ;
    %load/vec4 v0x55961a3b0dc0_0;
    %flag_set/vec4 8;
    %jmp/0xz  T_0.11, 8;
    %pushi/vec4 1, 0, 3;
    %store/vec4 v0x55961a3b0740_0, 0, 3;
    %jmp T_0.12;
T_0.11 ;
    %pushi/vec4 3, 0, 3;
    %store/vec4 v0x55961a3b0740_0, 0, 3;
T_0.12 ;
    %jmp T_0.6;
T_0.3 ;
    %load/vec4 v0x55961a3b0dc0_0;
    %flag_set/vec4 8;
    %jmp/0xz  T_0.13, 8;
    %pushi/vec4 4, 0, 3;
    %store/vec4 v0x55961a3b0740_0, 0, 3;
    %jmp T_0.14;
T_0.13 ;
    %pushi/vec4 0, 0, 3;
    %store/vec4 v0x55961a3b0740_0, 0, 3;
T_0.14 ;
    %jmp T_0.6;
T_0.4 ;
    %load/vec4 v0x55961a3b0dc0_0;
    %flag_set/vec4 8;
    %jmp/0xz  T_0.15, 8;
    %pushi/vec4 1, 0, 3;
    %store/vec4 v0x55961a3b0740_0, 0, 3;
    %jmp T_0.16;
T_0.15 ;
    %pushi/vec4 2, 0, 3;
    %store/vec4 v0x55961a3b0740_0, 0, 3;
T_0.16 ;
    %jmp T_0.6;
T_0.6 ;
    %pop/vec4 1;
    %jmp T_0;
    .thread T_0, $push;
    .scope S_0x55961a386090;
T_1 ;
    %wait E_0x55961a3bbf00;
    %load/vec4 v0x55961a3b0aa0_0;
    %flag_set/vec4 8;
    %jmp/0xz  T_1.0, 8;
    %pushi/vec4 0, 0, 3;
    %assign/vec4 v0x55961a3b0350_0, 0;
    %jmp T_1.1;
T_1.0 ;
    %load/vec4 v0x55961a3b0740_0;
    %assign/vec4 v0x55961a3b0350_0, 0;
T_1.1 ;
    %jmp T_1;
    .thread T_1;
    .scope S_0x55961a386090;
T_2 ;
    %wait E_0x55961a3868f0;
    %load/vec4 v0x55961a3b0350_0;
    %dup/vec4;
    %pushi/vec4 0, 0, 3;
    %cmp/u;
    %jmp/1 T_2.0, 6;
    %dup/vec4;
    %pushi/vec4 1, 0, 3;
    %cmp/u;
    %jmp/1 T_2.1, 6;
    %dup/vec4;
    %pushi/vec4 2, 0, 3;
    %cmp/u;
    %jmp/1 T_2.2, 6;
    %dup/vec4;
    %pushi/vec4 3, 0, 3;
    %cmp/u;
    %jmp/1 T_2.3, 6;
    %dup/vec4;
    %pushi/vec4 4, 0, 3;
    %cmp/u;
    %jmp/1 T_2.4, 6;
    %pushi/vec4 0, 0, 1;
    %store/vec4 v0x55961a39a470_0, 0, 1;
    %jmp T_2.6;
T_2.0 ;
    %load/vec4 v0x55961a3b0dc0_0;
    %flag_set/vec4 8;
    %jmp/0xz  T_2.7, 8;
    %pushi/vec4 0, 0, 1;
    %store/vec4 v0x55961a39a470_0, 0, 1;
    %jmp T_2.8;
T_2.7 ;
    %pushi/vec4 0, 0, 1;
    %store/vec4 v0x55961a39a470_0, 0, 1;
T_2.8 ;
    %jmp T_2.6;
T_2.1 ;
    %load/vec4 v0x55961a3b0dc0_0;
    %flag_set/vec4 8;
    %jmp/0xz  T_2.9, 8;
    %pushi/vec4 0, 0, 1;
    %store/vec4 v0x55961a39a470_0, 0, 1;
    %jmp T_2.10;
T_2.9 ;
    %pushi/vec4 0, 0, 1;
    %store/vec4 v0x55961a39a470_0, 0, 1;
T_2.10 ;
    %jmp T_2.6;
T_2.2 ;
    %load/vec4 v0x55961a3b0dc0_0;
    %flag_set/vec4 8;
    %jmp/0xz  T_2.11, 8;
    %pushi/vec4 0, 0, 1;
    %store/vec4 v0x55961a39a470_0, 0, 1;
    %jmp T_2.12;
T_2.11 ;
    %pushi/vec4 0, 0, 1;
    %store/vec4 v0x55961a39a470_0, 0, 1;
T_2.12 ;
    %jmp T_2.6;
T_2.3 ;
    %load/vec4 v0x55961a3b0dc0_0;
    %flag_set/vec4 8;
    %jmp/0xz  T_2.13, 8;
    %pushi/vec4 0, 0, 1;
    %store/vec4 v0x55961a39a470_0, 0, 1;
    %jmp T_2.14;
T_2.13 ;
    %pushi/vec4 0, 0, 1;
    %store/vec4 v0x55961a39a470_0, 0, 1;
T_2.14 ;
    %jmp T_2.6;
T_2.4 ;
    %load/vec4 v0x55961a3b0dc0_0;
    %flag_set/vec4 8;
    %jmp/0xz  T_2.15, 8;
    %pushi/vec4 0, 0, 1;
    %store/vec4 v0x55961a39a470_0, 0, 1;
    %jmp T_2.16;
T_2.15 ;
    %pushi/vec4 1, 0, 1;
    %store/vec4 v0x55961a39a470_0, 0, 1;
T_2.16 ;
    %jmp T_2.6;
T_2.6 ;
    %pop/vec4 1;
    %jmp T_2;
    .thread T_2, $push;
    .scope S_0x55961a386090;
T_3 ;
    %wait E_0x55961a3bbf00;
    %load/vec4 v0x55961a3b0aa0_0;
    %flag_set/vec4 8;
    %jmp/0xz  T_3.0, 8;
    %pushi/vec4 0, 0, 1;
    %assign/vec4 v0x55961a399e90_0, 0;
    %jmp T_3.1;
T_3.0 ;
    %load/vec4 v0x55961a39a470_0;
    %assign/vec4 v0x55961a399e90_0, 0;
T_3.1 ;
    %jmp T_3;
    .thread T_3;
    .scope S_0x55961a3c5420;
T_4 ;
    %vpi_call 2 12 "$dumpfile", "mealy_hw.fsdb" {0 0 0};
    %vpi_call 2 13 "$dumpvars" {0 0 0};
    %end;
    .thread T_4;
    .scope S_0x55961a3c5420;
T_5 ;
    %pushi/vec4 1, 0, 1;
    %assign/vec4 v0x55961a3e1150_0, 0;
    %pushi/vec4 0, 0, 1;
    %assign/vec4 v0x55961a3e1210_0, 0;
    %pushi/vec4 0, 0, 1;
    %assign/vec4 v0x55961a3e12b0_0, 0;
    %end;
    .thread T_5;
    .scope S_0x55961a3c5420;
T_6 ;
    %delay 1000, 0;
    %load/vec4 v0x55961a3e1150_0;
    %inv;
    %store/vec4 v0x55961a3e1150_0, 0, 1;
    %jmp T_6;
    .thread T_6;
    .scope S_0x55961a3c5420;
T_7 ;
    %delay 500, 0;
    %pushi/vec4 1, 0, 1;
    %assign/vec4 v0x55961a3e1210_0, 0;
    %delay 2000, 0;
    %pushi/vec4 0, 0, 1;
    %assign/vec4 v0x55961a3e1210_0, 0;
    %end;
    .thread T_7;
    .scope S_0x55961a3c5420;
T_8 ;
    %pushi/vec4 3, 0, 32;
T_8.0 %dup/vec4;
    %pushi/vec4 0, 0, 32;
    %cmp/s;
    %jmp/1xz T_8.1, 5;
    %jmp/1 T_8.1, 4;
    %pushi/vec4 1, 0, 32;
    %sub;
    %wait E_0x55961a3bbf00;
    %jmp T_8.0;
T_8.1 ;
    %pop/vec4 1;
    %pushi/vec4 0, 0, 1;
    %assign/vec4 v0x55961a3e12b0_0, 0;
    %pushi/vec4 2, 0, 32;
T_8.2 %dup/vec4;
    %pushi/vec4 0, 0, 32;
    %cmp/s;
    %jmp/1xz T_8.3, 5;
    %jmp/1 T_8.3, 4;
    %pushi/vec4 1, 0, 32;
    %sub;
    %wait E_0x55961a3bbf00;
    %jmp T_8.2;
T_8.3 ;
    %pop/vec4 1;
    %pushi/vec4 1, 0, 1;
    %assign/vec4 v0x55961a3e12b0_0, 0;
    %wait E_0x55961a3bbf00;
    %pushi/vec4 0, 0, 1;
    %assign/vec4 v0x55961a3e12b0_0, 0;
    %pushi/vec4 2, 0, 32;
T_8.4 %dup/vec4;
    %pushi/vec4 0, 0, 32;
    %cmp/s;
    %jmp/1xz T_8.5, 5;
    %jmp/1 T_8.5, 4;
    %pushi/vec4 1, 0, 32;
    %sub;
    %wait E_0x55961a3bbf00;
    %jmp T_8.4;
T_8.5 ;
    %pop/vec4 1;
    %pushi/vec4 1, 0, 1;
    %assign/vec4 v0x55961a3e12b0_0, 0;
    %wait E_0x55961a3bbf00;
    %pushi/vec4 0, 0, 1;
    %assign/vec4 v0x55961a3e12b0_0, 0;
    %pushi/vec4 2, 0, 32;
T_8.6 %dup/vec4;
    %pushi/vec4 0, 0, 32;
    %cmp/s;
    %jmp/1xz T_8.7, 5;
    %jmp/1 T_8.7, 4;
    %pushi/vec4 1, 0, 32;
    %sub;
    %wait E_0x55961a3bbf00;
    %jmp T_8.6;
T_8.7 ;
    %pop/vec4 1;
    %pushi/vec4 1, 0, 1;
    %assign/vec4 v0x55961a3e12b0_0, 0;
    %wait E_0x55961a3bbf00;
    %pushi/vec4 0, 0, 1;
    %assign/vec4 v0x55961a3e12b0_0, 0;
    %pushi/vec4 3, 0, 32;
T_8.8 %dup/vec4;
    %pushi/vec4 0, 0, 32;
    %cmp/s;
    %jmp/1xz T_8.9, 5;
    %jmp/1 T_8.9, 4;
    %pushi/vec4 1, 0, 32;
    %sub;
    %wait E_0x55961a3bbf00;
    %jmp T_8.8;
T_8.9 ;
    %pop/vec4 1;
    %pushi/vec4 1, 0, 1;
    %assign/vec4 v0x55961a3e12b0_0, 0;
    %pushi/vec4 2, 0, 32;
T_8.10 %dup/vec4;
    %pushi/vec4 0, 0, 32;
    %cmp/s;
    %jmp/1xz T_8.11, 5;
    %jmp/1 T_8.11, 4;
    %pushi/vec4 1, 0, 32;
    %sub;
    %wait E_0x55961a3bbf00;
    %jmp T_8.10;
T_8.11 ;
    %pop/vec4 1;
    %pushi/vec4 0, 0, 1;
    %assign/vec4 v0x55961a3e12b0_0, 0;
    %pushi/vec4 3, 0, 32;
T_8.12 %dup/vec4;
    %pushi/vec4 0, 0, 32;
    %cmp/s;
    %jmp/1xz T_8.13, 5;
    %jmp/1 T_8.13, 4;
    %pushi/vec4 1, 0, 32;
    %sub;
    %wait E_0x55961a3bbf00;
    %jmp T_8.12;
T_8.13 ;
    %pop/vec4 1;
    %pushi/vec4 1, 0, 1;
    %assign/vec4 v0x55961a3e12b0_0, 0;
    %pushi/vec4 2, 0, 32;
T_8.14 %dup/vec4;
    %pushi/vec4 0, 0, 32;
    %cmp/s;
    %jmp/1xz T_8.15, 5;
    %jmp/1 T_8.15, 4;
    %pushi/vec4 1, 0, 32;
    %sub;
    %wait E_0x55961a3bbf00;
    %jmp T_8.14;
T_8.15 ;
    %pop/vec4 1;
    %pushi/vec4 0, 0, 1;
    %assign/vec4 v0x55961a3e12b0_0, 0;
    %wait E_0x55961a3bbf00;
    %pushi/vec4 1, 0, 1;
    %assign/vec4 v0x55961a3e12b0_0, 0;
    %wait E_0x55961a3bbf00;
    %pushi/vec4 0, 0, 1;
    %assign/vec4 v0x55961a3e12b0_0, 0;
    %pushi/vec4 2, 0, 32;
T_8.16 %dup/vec4;
    %pushi/vec4 0, 0, 32;
    %cmp/s;
    %jmp/1xz T_8.17, 5;
    %jmp/1 T_8.17, 4;
    %pushi/vec4 1, 0, 32;
    %sub;
    %wait E_0x55961a3bbf00;
    %jmp T_8.16;
T_8.17 ;
    %pop/vec4 1;
    %pushi/vec4 1, 0, 1;
    %assign/vec4 v0x55961a3e12b0_0, 0;
    %wait E_0x55961a3bbf00;
    %pushi/vec4 0, 0, 1;
    %assign/vec4 v0x55961a3e12b0_0, 0;
    %wait E_0x55961a3bbf00;
    %pushi/vec4 1, 0, 1;
    %assign/vec4 v0x55961a3e12b0_0, 0;
    %delay 20000, 0;
    %vpi_call 2 63 "$finish" {0 0 0};
    %end;
    .thread T_8;
# The file index is used to find the file name in the following table.
:file_names 4;
    "N/A";
    "<interactive>";
    "testbench.v";
    "./mealy_hw.v";
